[01;32mwanying@vgipiper[00m:[01;34m~/CCHC/lipidomics/prediction_models/code[00m$ OMP_NUM_THREADS=1 python 01_elastic_net_sklearn_model.py --output lipid_species_l1_0.5_33-77_100alphaCV.txt --lipid_range 33 --range_window 45 --n_alphas 100
# Run starts: 2023-04-26
# Output file is ./lipid_species_l1_0.5_33-77_100alphaCV.txt.20230426_01:42:28
# Cross validation on 100 alphas
# Run lipids from index 33 to 77
# Load lipidomic data (lipid species)
# - data loaded from lipid_species_residuals_adj_for_sex_age_pc1-5.txt.reformatted: shape (1607, 831)

# Load genotype IDs for matching (only need to read the first line of dosage file)
# - Organize sample IDs so that their orders match in lipidomics data and dosage file
# - Final processed lipidomic data: 1607

# Load GWAS SNPs for current lipid: Cer-d18:1-26:0-
# Processing lipid: Cer-d18:1-26:0-

# Get dosage of GWAS SNPs to include in regression models
# - Checking by chromosome:
#  chr1
	......................................778237 lines processed
#  chr2
	..........................................841677 lines processed
#  chr3
	.............................^CTraceback (most recent call last):
  File "/belowshare/vumcshare/data100t1/home/wanying/CCHC/lipidomics/prediction_models/code/01_elastic_net_sklearn_model.py", line 229, in <module>
    load_dosage_start_time, df_gwas_snp,dosage_all = load_all_dosage(gwas_snp_dir = gwas_snp_dir,
  File "/belowshare/vumcshare/data100t1/home/wanying/CCHC/lipidomics/prediction_models/code/01_elastic_net_sklearn_model.py", line 134, in load_all_dosage
    sample_ids, dosage_matrix = get_doasge(f"{dosage_dir}/{dosage_fn.replace('*', str(chr_num))}", list(df['POS']))
  File "/belowshare/vumcshare/data100t1/home/wanying/CCHC/lipidomics/prediction_models/code/01_elastic_net_sklearn_model.py", line 59, in get_doasge
    tmp = line.split()
KeyboardInterrupt

[01;32mwanying@vgipiper[00m:[01;34m~/CCHC/lipidomics/prediction_models/code[00m$ 
[01;32mwanying@vgipiper[00m:[01;34m~/CCHC/lipidomics/prediction_models/code[00m$ 
[01;32mwanying@vgipiper[00m:[01;34m~/CCHC/lipidomics/prediction_models/code[00m$ OMP_NUM_THREADS=1 python 01_elastic_net_sklearn_model.py --output lipid_species_l1_0.5_33-77_100alphaCV.txt --output_dir /data100t1/home/wanying/CCHC/lipidomics/prediction_models/elastic_net/training/model_params/100alphas --lipid_range 33 --range_window 45 --n_alphas 100
# Run starts: 2023-04-26
# Output file is /data100t1/home/wanying/CCHC/lipidomics/prediction_models/elastic_net/training/model_params/100alphas/lipid_species_l1_0.5_33-77_100alphaCV.txt.20230426_01:45:47
# Cross validation on 100 alphas
# Run lipids from index 33 to 77
# Load lipidomic data (lipid species)
# - data loaded from lipid_species_residuals_adj_for_sex_age_pc1-5.txt.reformatted: shape (1607, 831)

# Load genotype IDs for matching (only need to read the first line of dosage file)
# - Organize sample IDs so that their orders match in lipidomics data and dosage file
# - Final processed lipidomic data: 1607

# Load GWAS SNPs for current lipid: Cer-d18:1-26:0-
# Processing lipid: Cer-d18:1-26:0-

# Get dosage of GWAS SNPs to include in regression models
# - Checking by chromosome:
#  chr1
	......................................778237 lines processed
#  chr2
	..........................................841677 lines processed
#  chr3
	..................................691123 lines processed
#  chr4
	..................................680225 lines processed
#  chr5
	...............................637358 lines processed
#  chr6
	..............................614577 lines processed
#  chr7
	...........................551033 lines processed
#  chr8
	...........................551915 lines processed
#  chr9
	.....................431202 lines processed
#  chr10
	........................491809 lines processed
#  chr11
	.........................517418 lines processed
#  chr12
	......................451575 lines processed
#  chr13
	.................341733 lines processed
#  chr14
	...............315447 lines processed
#  chr15
	..............284760 lines processed
#  chr16
	...............310118 lines processed
#  chr17
	.............276533 lines processed
#  chr18
	.............277716 lines processed
#  chr19
	..........219302 lines processed
#  chr20
	..........218581 lines processed
#  chr21
	......126526 lines processed
#  chr22
	......135940 lines processed
# - Checking finished in 339.6944s
--------------------------------------------------
# - Number of SNPs loaded: 59558
# Run Elastic net regression
# - Model fitting finised in 3877.4823s
# Total running time of current lipid: 70.7490m
# #################### 1 lipid processed ####################

# Load GWAS SNPs for current lipid: Cer-d18:2-16:0-
# Processing lipid: Cer-d18:2-16:0-

# Get dosage of GWAS SNPs to include in regression models
# - Checking by chromosome:
#  chr1
	......................................778043 lines processed
#  chr2
	..........................................841602 lines processed
#  chr3
	..................................691214 lines processed
#  chr4
	..................................680225 lines processed
#  chr5
	...............................637659 lines processed
#  chr6
	..............................613850 lines processed
#  chr7
	...........................551036 lines processed
#  chr8
	...........................551915 lines processed
#  chr9
	.....................430149 lines processed
#  chr10
	........................492019 lines processed
#  chr11
	.........................517614 lines processed
#  chr12
	......................452230 lines processed
#  chr13
	.................341573 lines processed
#  chr14
	...............315275 lines processed
#  chr15
	..............284733 lines processed
#  chr16
	...............310548 lines processed
#  chr17
	.............276886 lines processed
#  chr18
	.............277771 lines processed
#  chr19
	..........219427 lines processed
#  chr20
	..........218941 lines processed
#  chr21
	......124119 lines processed
#  chr22
	......135536 lines processed
# - Checking finished in 398.5720s
--------------------------------------------------
# - Number of SNPs loaded: 48813
# Run Elastic net regression
# - Model fitting finised in 2762.7567s
# Total running time of current lipid: 53.1398m
# #################### 2 lipid processed ####################

# Load GWAS SNPs for current lipid: Cer-d18:2-18:0-
# Processing lipid: Cer-d18:2-18:0-

# Get dosage of GWAS SNPs to include in regression models
# - Checking by chromosome:
#  chr1
	......................................778076 lines processed
#  chr2
	..........................................840960 lines processed
#  chr3
	..................................691152 lines processed
#  chr4
	..................................680192 lines processed
#  chr5
	...............................637659 lines processed
#  chr6
	..............................613032 lines processed
#  chr7
	...........................550752 lines processed
#  chr8
	...........................552593 lines processed
#  chr9
	.....................431180 lines processed
#  chr10
	........................492004 lines processed
#  chr11
	.........................517753 lines processed
#  chr12
	......................452278 lines processed
#  chr13
	.................341573 lines processed
#  chr14
	...............315430 lines processed
#  chr15
	..............284816 lines processed
#  chr16
	...............309587 lines processed
#  chr17
	.............276886 lines processed
#  chr18
	.............277934 lines processed
#  chr19
	..........219258 lines processed
#  chr20
	..........218941 lines processed
#  chr21
	......126535 lines processed
#  chr22
	......135863 lines processed
# - Checking finished in 470.8168s
--------------------------------------------------
# - Number of SNPs loaded: 63860
# Run Elastic net regression
# - Model fitting finised in 3934.4412s
# Total running time of current lipid: 73.9157m
# #################### 3 lipid processed ####################

# Load GWAS SNPs for current lipid: Cer-d18:2-20:0-
# Processing lipid: Cer-d18:2-20:0-

# Get dosage of GWAS SNPs to include in regression models
# - Checking by chromosome:
#  chr1
	......................................778231 lines processed
#  chr2
	..........................................841281 lines processed
#  chr3
	..................................691025 lines processed
#  chr4
	..................................680192 lines processed
#  chr5
	...............................636871 lines processed
#  chr6
	..............................614019 lines processed
#  chr7
	...........................550945 lines processed
#  chr8
	...........................550594 lines processed
#  chr9
	.....................430852 lines processed
#  chr10
	........................492101 lines processed
#  chr11
	.........................517481 lines processed
#  chr12
	......................452032 lines processed
#  chr13
	.................340668 lines processed
#  chr14
	...............313612 lines processed
#  chr15
	..............284504 lines processed
#  chr16
	...............310677 lines processed
#  chr17
	.............276878 lines processed
#  chr18
	.............277771 lines processed
#  chr19
	..........219197 lines processed
#  chr20
	..........218260 lines processed
#  chr21
	......126677 lines processed
#  chr22
	......135984 lines processed
# - Checking finished in 451.6535s
--------------------------------------------------
# - Number of SNPs loaded: 48733
# Run Elastic net regression
# - Model fitting finised in 3027.3391s
# Total running time of current lipid: 58.3617m
# #################### 4 lipid processed ####################

# Load GWAS SNPs for current lipid: Cer-d18:2-22:0-
# Processing lipid: Cer-d18:2-22:0-

# Get dosage of GWAS SNPs to include in regression models
# - Checking by chromosome:
#  chr1
	......................................778292 lines processed
#  chr2
	..........................................841698 lines processed
#  chr3
	..................................691215 lines processed
#  chr4
	.................................679409 lines processed
#  chr5
	...............................637233 lines processed
#  chr6
	..............................614557 lines processed
#  chr7
	...........................550752 lines processed
#  chr8
	...........................552327 lines processed
#  chr9
	.....................431202 lines processed
#  chr10
	........................492018 lines processed
#  chr11
	.........................517709 lines processed
#  chr12
	......................452205 lines processed
#  chr13
	.................341613 lines processed
#  chr14
	...............315476 lines processed
#  chr15
	..............284594 lines processed
#  chr16
	...............309936 lines processed
#  chr17
	.............276456 lines processed
#  chr18
	.............277775 lines processed
#  chr19
	..........219302 lines processed
#  chr20
	..........218651 lines processed
#  chr21
	......126411 lines processed
#  chr22
	......135662 lines processed
# - Checking finished in 363.5251s
--------------------------------------------------
# - Number of SNPs loaded: 51495
# Run Elastic net regression
# - Model fitting finised in 3018.7722s
# Total running time of current lipid: 56.8641m
# #################### 5 lipid processed ####################

# Load GWAS SNPs for current lipid: Cer-d18:2-23:0-
# Processing lipid: Cer-d18:2-23:0-

# Get dosage of GWAS SNPs to include in regression models
# - Checking by chromosome:
#  chr1
	......................................778233 lines processed
#  chr2
	..........................................841698 lines processed
#  chr3
	..................................691152 lines processed
#  chr4
	..................................680249 lines processed
#  chr5
	...............................637437 lines processed
#  chr6
	..............................614557 lines processed
#  chr7
	...........................550752 lines processed
#  chr8
	...........................552623 lines processed
#  chr9
	.....................431202 lines processed
#  chr10
	........................492058 lines processed
#  chr11
	.........................517709 lines processed
#  chr12
	......................452278 lines processed
#  chr13
	.................341613 lines processed
#  chr14
	...............315476 lines processed
#  chr15
	..............284913 lines processed
#  chr16
	...............309189 lines processed
#  chr17
	.............276915 lines processed
#  chr18
	.............277959 lines processed
#  chr19
	..........219302 lines processed
#  chr20
	..........218783 lines processed
#  chr21
	......126674 lines processed
#  chr22
	......135863 lines processed
# - Checking finished in 500.9875s
--------------------------------------------------
# - Number of SNPs loaded: 105755
# Run Elastic net regression
# - Model fitting finised in 5212.9520s
# Total running time of current lipid: 96.1692m
# #################### 6 lipid processed ####################

# Load GWAS SNPs for current lipid: Cer-d18:2-24:0-
# Processing lipid: Cer-d18:2-24:0-

# Get dosage of GWAS SNPs to include in regression models
# - Checking by chromosome:
#  chr1
	......................................778292 lines processed
#  chr2
	..........................................841698 lines processed
#  chr3
	..................................691122 lines processed
#  chr4
	.................................679809 lines processed
#  chr5
	...............................636823 lines processed
#  chr6
	..............................614456 lines processed
#  chr7
	...........................550752 lines processed
#  chr8
	...........................552609 lines processed
#  chr9
	.....................431202 lines processed
#  chr10
	........................492064 lines processed
#  chr11
	.........................517709 lines processed
#  chr12
	......................452218 lines processed
#  chr13
	.................341279 lines processed
#  chr14
	...............315447 lines processed
#  chr15
	..............284949 lines processed
#  chr16
	...............310607 lines processed
#  chr17
	.............276456 lines processed
#  chr18
	.............277900 lines processed
#  chr19
	..........219333 lines processed
#  chr20
	..........218769 lines processed
#  chr21
	......126411 lines processed
#  chr22
	......135536 lines processed
# - Checking finished in 420.1987s
--------------------------------------------------
# - Number of SNPs loaded: 63568
# Run Elastic net regression
# - Model fitting finised in 2914.4418s
# Total running time of current lipid: 56.1662m
# #################### 7 lipid processed ####################

# Load GWAS SNPs for current lipid: Cer-d18:2-24:1-
# Processing lipid: Cer-d18:2-24:1-

# Get dosage of GWAS SNPs to include in regression models
# - Checking by chromosome:
#  chr1
	......................................778043 lines processed
#  chr2
	..........................................841578 lines processed
#  chr3
	..................................691175 lines processed
#  chr4
	..................................680225 lines processed
#  chr5
	...............................637685 lines processed
#  chr6
	..............................614557 lines processed
#  chr7
	...........................550839 lines processed
#  chr8
	...........................552650 lines processed
#  chr9
	.....................431227 lines processed
#  chr10
	........................492004 lines processed
#  chr11
	.........................517364 lines processed
#  chr12
	......................452278 lines processed
#  chr13
	.................341613 lines processed
#  chr14
	...............315476 lines processed
#  chr15
	..............284969 lines processed
#  chr16
	...............310686 lines processed
#  chr17
	.............276904 lines processed
#  chr18
	.............277775 lines processed
#  chr19
	..........219138 lines processed
#  chr20
	..........218816 lines processed
#  chr21
	......126477 lines processed
#  chr22
	......136012 lines processed
# - Checking finished in 505.3809s
--------------------------------------------------
# - Number of SNPs loaded: 85761
# Run Elastic net regression
# - Model fitting finised in 3949.6086s
# Total running time of current lipid: 75.0407m
# #################### 8 lipid processed ####################

# Load GWAS SNPs for current lipid: Cer-d18:2-26:0-
# Processing lipid: Cer-d18:2-26:0-

# Get dosage of GWAS SNPs to include in regression models
# - Checking by chromosome:
#  chr1
	......................................778292 lines processed
#  chr2
	..........................................841333 lines processed
#  chr3
	..................................691214 lines processed
#  chr4
	..................................680179 lines processed
#  chr5
	...............................636916 lines processed
#  chr6
	..............................614290 lines processed
#  chr7
	...........................551054 lines processed
#  chr8
	...........................552609 lines processed
#  chr9
	.....................431202 lines processed
#  chr10
	........................492058 lines processed
#  chr11
	.........................517697 lines processed
#  chr12
	......................452198 lines processed
#  chr13
	.................340747 lines processed
#  chr14
	...............315447 lines processed
#  chr15
	..............284949 lines processed
#  chr16
	...............310607 lines processed
#  chr17
	.............276124 lines processed
#  chr18
	.............277270 lines processed
#  chr19
	..........219302 lines processed
#  chr20
	..........218669 lines processed
#  chr21
	......126461 lines processed
#  chr22
	......135338 lines processed
# - Checking finished in 412.9498s
--------------------------------------------------
# - Number of SNPs loaded: 54778
# Run Elastic net regression
# - Model fitting finised in 2941.1928s
# Total running time of current lipid: 56.4105m
# #################### 9 lipid processed ####################

# Load GWAS SNPs for current lipid: Cer-d19:1-18:0-
# Processing lipid: Cer-d19:1-18:0-

# Get dosage of GWAS SNPs to include in regression models
# - Checking by chromosome:
#  chr1
	......................................777973 lines processed
#  chr2
	..........................................840878 lines processed
#  chr3
	..................................691122 lines processed
#  chr4
	.................................676955 lines processed
#  chr5
	...............................636905 lines processed
#  chr6
	..............................614230 lines processed
#  chr7
	...........................550752 lines processed
#  chr8
	...........................552632 lines processed
#  chr9
	.....................430910 lines processed
#  chr10
	........................490122 lines processed
#  chr11
	.........................517753 lines processed
#  chr12
	......................452025 lines processed
#  chr13
	................339372 lines processed
#  chr14
	...............314829 lines processed
#  chr15
	..............284943 lines processed
#  chr16
	...............310390 lines processed
#  chr17
	.............276803 lines processed
#  chr18
	.............277934 lines processed
#  chr19
	..........217830 lines processed
#  chr20
	..........218939 lines processed
#  chr21
	......126562 lines processed
#  chr22
	......136024 lines processed
# - Checking finished in 411.5620s
--------------------------------------------------
# - Number of SNPs loaded: 44254
# Run Elastic net regression
# - Model fitting finised in 2024.4369s
# Total running time of current lipid: 41.0118m
# #################### 10 lipid processed ####################

# Load GWAS SNPs for current lipid: Cer-d19:1-20:0-
# Processing lipid: Cer-d19:1-20:0-

# Get dosage of GWAS SNPs to include in regression models
# - Checking by chromosome:
#  chr1
	......................................778229 lines processed
#  chr2
	..........................................841741 lines processed
#  chr3
	..................................690642 lines processed
#  chr4
	.................................679567 lines processed
#  chr5
	...............................637692 lines processed
#  chr6
	..............................614523 lines processed
#  chr7
	...........................551037 lines processed
#  chr8
	...........................552652 lines processed
#  chr9
	.....................431194 lines processed
#  chr10
	........................491114 lines processed
#  chr11
	.........................517740 lines processed
#  chr12
	......................451992 lines processed
#  chr13
	.................341571 lines processed
#  chr14
	...............315438 lines processed
#  chr15
	..............285008 lines processed
#  chr16
	...............310671 lines processed
#  chr17
	.............276928 lines processed
#  chr18
	.............278051 lines processed
#  chr19
	..........218903 lines processed
#  chr20
	..........218939 lines processed
#  chr21
	......126405 lines processed
#  chr22
	......135819 lines processed
# - Checking finished in 437.1499s
--------------------------------------------------
# - Number of SNPs loaded: 100362
# Run Elastic net regression
# - Model fitting finised in 4626.7326s
# Total running time of current lipid: 85.3214m
# #################### 11 lipid processed ####################

# Load GWAS SNPs for current lipid: Cer-d19:1-22:0-
# Processing lipid: Cer-d19:1-22:0-

# Get dosage of GWAS SNPs to include in regression models
# - Checking by chromosome:
#  chr1
	......................................778063 lines processed
#  chr2
	..........................................841698 lines processed
#  chr3
	..................................691123 lines processed
#  chr4
	.................................679969 lines processed
#  chr5
	...............................637358 lines processed
#  chr6
	..............................614577 lines processed
#  chr7
	...........................551033 lines processed
#  chr8
	...........................552191 lines processed
#  chr9
	.....................430924 lines processed
#  chr10
	........................490975 lines processed
#  chr11
	.........................517740 lines processed
#  chr12
	......................451649 lines processed
#  chr13
	.................341621 lines processed
#  chr14
	...............314829 lines processed
#  chr15
	..............284773 lines processed
#  chr16
	...............310607 lines processed
#  chr17
	.............276753 lines processed
#  chr18
	.............277714 lines processed
#  chr19
	..........219295 lines processed
#  chr20
	..........218939 lines processed
#  chr21
	......126526 lines processed
#  chr22
	......135940 lines processed
# - Checking finished in 416.0900s
--------------------------------------------------
# - Number of SNPs loaded: 61193
# Run Elastic net regression
# - Model fitting finised in 2657.7702s
# Total running time of current lipid: 51.7957m
# #################### 12 lipid processed ####################

# Load GWAS SNPs for current lipid: Cer-d19:1-23:0-
# Processing lipid: Cer-d19:1-23:0-

# Get dosage of GWAS SNPs to include in regression models
# - Checking by chromosome:
#  chr1
	......................................778164 lines processed
#  chr2
	..........................................841698 lines processed
#  chr3
	..................................691216 lines processed
#  chr4
	..................................680253 lines processed
#  chr5
	...............................637410 lines processed
#  chr6
	..............................614133 lines processed
#  chr7
	...........................550752 lines processed
#  chr8
	...........................552623 lines processed
#  chr9
	.....................430924 lines processed
#  chr10
	........................491970 lines processed
#  chr11
	.........................517760 lines processed
#  chr12
	......................452091 lines processed
#  chr13
	.................341627 lines processed
#  chr14
	...............312665 lines processed
#  chr15
	..............284773 lines processed
#  chr16
	...............310464 lines processed
#  chr17
	.............276817 lines processed
#  chr18
	.............277959 lines processed
#  chr19
	..........219295 lines processed
#  chr20
	..........218783 lines processed
#  chr21
	......126534 lines processed
#  chr22
	......135988 lines processed
# - Checking finished in 371.5111s
--------------------------------------------------
# - Number of SNPs loaded: 65441
# Run Elastic net regression
# - Model fitting finised in 2952.7695s
# Total running time of current lipid: 55.9147m
# #################### 13 lipid processed ####################

# Load GWAS SNPs for current lipid: Cer-d19:1-24:0-
# Processing lipid: Cer-d19:1-24:0-

# Get dosage of GWAS SNPs to include in regression models
# - Checking by chromosome:
#  chr1
	......................................777949 lines processed
#  chr2
	..........................................841736 lines processed
#  chr3
	..................................691216 lines processed
#  chr4
	..................................680253 lines processed
#  chr5
	...............................637711 lines processed
#  chr6
	..............................614577 lines processed
#  chr7
	...........................551033 lines processed
#  chr8
	...........................552259 lines processed
#  chr9
	.....................431233 lines processed
#  chr10
	........................492064 lines processed
#  chr11
	.........................517614 lines processed
#  chr12
	......................451649 lines processed
#  chr13
	.................341777 lines processed
#  chr14
	...............315147 lines processed
#  chr15
	..............284773 lines processed
#  chr16
	...............310703 lines processed
#  chr17
	.............276753 lines processed
#  chr18
	.............278057 lines processed
#  chr19
	..........218975 lines processed
#  chr20
	..........218447 lines processed
#  chr21
	......126526 lines processed
#  chr22
	......135940 lines processed
# - Checking finished in 421.1797s
--------------------------------------------------
# - Number of SNPs loaded: 85838
# Run Elastic net regression
# - Model fitting finised in 4149.1236s
# Total running time of current lipid: 76.9663m
# #################### 14 lipid processed ####################

# Load GWAS SNPs for current lipid: Cer-d19:1-24:1-
# Processing lipid: Cer-d19:1-24:1-

# Get dosage of GWAS SNPs to include in regression models
# - Checking by chromosome:
#  chr1
	......................................778063 lines processed
#  chr2
	..........................................841695 lines processed
#  chr3
	..................................691216 lines processed
#  chr4
	..................................680253 lines processed
#  chr5
	...............................637204 lines processed
#  chr6
	..............................614133 lines processed
#  chr7
	...........................550752 lines processed
#  chr8
	...........................552621 lines processed
#  chr9
	.....................430924 lines processed
#  chr10
	........................491960 lines processed
#  chr11
	.........................517740 lines processed
#  chr12
	......................452086 lines processed
#  chr13
	.................341669 lines processed
#  chr14
	...............315386 lines processed
#  chr15
	..............284943 lines processed
#  chr16
	...............310612 lines processed
#  chr17
	.............276922 lines processed
#  chr18
	.............277934 lines processed
#  chr19
	..........219289 lines processed
#  chr20
	..........218939 lines processed
#  chr21
	......126367 lines processed
#  chr22
	......135988 lines processed
# - Checking finished in 358.8453s
--------------------------------------------------
# - Number of SNPs loaded: 56238
# Run Elastic net regression
# - Model fitting finised in 2580.0408s
# Total running time of current lipid: 49.4185m
# #################### 15 lipid processed ####################

# Load GWAS SNPs for current lipid: Cer-d19:1-26:0-
# Processing lipid: Cer-d19:1-26:0-

# Get dosage of GWAS SNPs to include in regression models
# - Checking by chromosome:
#  chr1
	......................................778164 lines processed
#  chr2
	..........................................841737 lines processed
#  chr3
	..................................691112 lines processed
#  chr4
	.................................679124 lines processed
#  chr5
	...............................637410 lines processed
#  chr6
	..............................614561 lines processed
#  chr7
	...........................550563 lines processed
#  chr8
	...........................550790 lines processed
#  chr9
	.....................431159 lines processed
#  chr10
	........................491739 lines processed
#  chr11
	.........................517760 lines processed
#  chr12
	......................451137 lines processed
#  chr13
	.................341244 lines processed
#  chr14
	...............314259 lines processed
#  chr15
	..............284627 lines processed
#  chr16
	...............309472 lines processed
#  chr17
	.............276817 lines processed
#  chr18
	.............277771 lines processed
#  chr19
	..........219430 lines processed
#  chr20
	..........218669 lines processed
#  chr21
	......126400 lines processed
#  chr22
	......135754 lines processed
# - Checking finished in 360.1343s
--------------------------------------------------
# - Number of SNPs loaded: 43481
# Run Elastic net regression
# - Model fitting finised in 1782.5905s
# Total running time of current lipid: 36.0531m
# #################### 16 lipid processed ####################

# Load GWAS SNPs for current lipid: Cer-d20:1-22:0-
# Processing lipid: Cer-d20:1-22:0-

# Get dosage of GWAS SNPs to include in regression models
# - Checking by chromosome:
#  chr1
	......................................778313 lines processed
#  chr2
	..........................................841560 lines processed
#  chr3
	..................................691226 lines processed
#  chr4
	.................................679969 lines processed
#  chr5
	...............................637541 lines processed
#  chr6
	..............................614656 lines processed
#  chr7
	...........................551033 lines processed
#  chr8
	...........................552532 lines processed
#  chr9
	.....................431030 lines processed
#  chr10
	........................492037 lines processed
#  chr11
	.........................517709 lines processed
#  chr12
	......................452330 lines processed
#  chr13
	.................341621 lines processed
#  chr14
	...............314444 lines processed
#  chr15
	..............284580 lines processed
#  chr16
	...............310679 lines processed
#  chr17
	.............276895 lines processed
#  chr18
	.............277775 lines processed
#  chr19
	..........218784 lines processed
#  chr20
	..........218877 lines processed
#  chr21
	......126712 lines processed
#  chr22
	......135940 lines processed
# - Checking finished in 589.3795s
--------------------------------------------------
# - Number of SNPs loaded: 74867
# Run Elastic net regression
# - Model fitting finised in 3931.0800s
# Total running time of current lipid: 75.9929m
# #################### 17 lipid processed ####################

# Load GWAS SNPs for current lipid: Cer-d20:1-23:0-
# Processing lipid: Cer-d20:1-23:0-

# Get dosage of GWAS SNPs to include in regression models
# - Checking by chromosome:
#  chr1
	......................................778313 lines processed
#  chr2
	..........................................841560 lines processed
#  chr3
	..................................691226 lines processed
#  chr4
	..................................680094 lines processed
#  chr5
	...............................637599 lines processed
#  chr6
	..............................614557 lines processed
#  chr7
	...........................550670 lines processed
#  chr8
	...........................552562 lines processed
#  chr9
	.....................431226 lines processed
#  chr10
	........................491921 lines processed
#  chr11
	.........................517698 lines processed
#  chr12
	......................452330 lines processed
#  chr13
	.................341613 lines processed
#  chr14
	...............315447 lines processed
#  chr15
	..............284188 lines processed
#  chr16
	...............310679 lines processed
#  chr17
	.............276895 lines processed
#  chr18
	.............277924 lines processed
#  chr19
	..........219393 lines processed
#  chr20
	..........218664 lines processed
#  chr21
	......126411 lines processed
#  chr22
	......135704 lines processed
# - Checking finished in 618.5075s
--------------------------------------------------
# - Number of SNPs loaded: 81402
# Run Elastic net regression
# - Model fitting finised in 4000.2628s
# Total running time of current lipid: 77.6294m
# #################### 18 lipid processed ####################

# Load GWAS SNPs for current lipid: Cer-d20:1-24:0-
# Processing lipid: Cer-d20:1-24:0-

# Get dosage of GWAS SNPs to include in regression models
# - Checking by chromosome:
#  chr1
	......................................778313 lines processed
#  chr2
	..........................................841677 lines processed
#  chr3
	..................................691226 lines processed
#  chr4
	..................................680094 lines processed
#  chr5
	...............................637703 lines processed
#  chr6
	..............................614577 lines processed
#  chr7
	...........................551033 lines processed
#  chr8
	...........................552532 lines processed
#  chr9
	.....................431072 lines processed
#  chr10
	........................491945 lines processed
#  chr11
	.........................517709 lines processed
#  chr12
	......................452330 lines processed
#  chr13
	.................341621 lines processed
#  chr14
	...............314269 lines processed
#  chr15
	..............284874 lines processed
#  chr16
	...............310703 lines processed
#  chr17
	.............276895 lines processed
#  chr18
	.............277775 lines processed
#  chr19
	..........219160 lines processed
#  chr20
	..........218581 lines processed
#  chr21
	......126713 lines processed
#  chr22
	......136009 lines processed
# - Checking finished in 430.0312s
--------------------------------------------------
# - Number of SNPs loaded: 75372
# Run Elastic net regression
# - Model fitting finised in 3657.9275s
# Total running time of current lipid: 68.8276m
# #################### 19 lipid processed ####################

# Load GWAS SNPs for current lipid: Cer-d20:1-24:1-
# Processing lipid: Cer-d20:1-24:1-

# Get dosage of GWAS SNPs to include in regression models
# - Checking by chromosome:
#  chr1
	......................................778313 lines processed
#  chr2
	..........................................841212 lines processed
#  chr3
	..................................691218 lines processed
#  chr4
	..................................680294 lines processed
#  chr5
	...............................637703 lines processed
#  chr6
	..............................614481 lines processed
#  chr7
	...........................550949 lines processed
#  chr8
	...........................551979 lines processed
#  chr9
	.....................431100 lines processed
#  chr10
	........................491756 lines processed
#  chr11
	.........................517759 lines processed
#  chr12
	......................452330 lines processed
#  chr13
	.................341739 lines processed
#  chr14
	...............315122 lines processed
#  chr15
	..............284943 lines processed
#  chr16
	...............310219 lines processed
#  chr17
	.............276895 lines processed
#  chr18
	.............277934 lines processed
#  chr19
	..........219100 lines processed
#  chr20
	..........218417 lines processed
#  chr21
	......126392 lines processed
#  chr22
	......134478 lines processed
# - Checking finished in 570.2341s
--------------------------------------------------
# - Number of SNPs loaded: 52850
# Run Elastic net regression
q # - Model fitting finised in 2379.0513s
# Total running time of current lipid: 49.5703m
# #################### 20 lipid processed ####################

# Load GWAS SNPs for current lipid: Cer-m18:0-20:0-
# Processing lipid: Cer-m18:0-20:0-

# Get dosage of GWAS SNPs to include in regression models
# - Checking by chromosome:
#  chr1
	......................................777720 lines processed
#  chr2
	..........................................841543 lines processed
#  chr3
	..................................691191 lines processed
#  chr4
	..................................680192 lines processed
#  chr5
	...............................637513 lines processed
#  chr6
	..............................614557 lines processed
#  chr7
	...........................551036 lines processed
#  chr8
	...........................552170 lines processed
#  chr9
	.....................431202 lines processed
#  chr10
	........................489974 lines processed
#  chr11
	.........................517480 lines processed
#  chr12
	......................451366 lines processed
#  chr13
	.................341633 lines processed
#  chr14
	...............315447 lines processed
#  chr15
	..............284733 lines processed
#  chr16
	...............309312 lines processed
#  chr17
	.............276058 lines processed
#  chr18
	.............277775 lines processed
#  chr19
	..........219320 lines processed
#  chr20
	..........218517 lines processed
#  chr21
	......126747 lines processed
#  chr22
	......135972 lines processed
# - Checking finished in 669.1418s
--------------------------------------------------
# - Number of SNPs loaded: 66947
# Run Elastic net regression
# - Model fitting finised in 4269.5744s
# Total running time of current lipid: 82.8871m
# #################### 21 lipid processed ####################

# Load GWAS SNPs for current lipid: Cer-m18:0-22:0-
# Processing lipid: Cer-m18:0-22:0-

# Get dosage of GWAS SNPs to include in regression models
# - Checking by chromosome:
#  chr1
	......................................777817 lines processed
#  chr2
	..........................................841560 lines processed
#  chr3
	..................................691226 lines processed
#  chr4
	..................................680192 lines processed
#  chr5
	...............................637330 lines processed
#  chr6
	..............................614557 lines processed
#  chr7
	...........................551036 lines processed
#  chr8
	...........................552532 lines processed
#  chr9
	.....................431280 lines processed
#  chr10
	........................491504 lines processed
#  chr11
	.........................517709 lines processed
#  chr12
	......................452224 lines processed
#  chr13
	.................341642 lines processed
#  chr14
	...............315447 lines processed
#  chr15
	..............284736 lines processed
#  chr16
	...............310748 lines processed
#  chr17
	.............276753 lines processed
#  chr18
	.............277775 lines processed
#  chr19
	..........219427 lines processed
#  chr20
	..........218804 lines processed
#  chr21
	......126747 lines processed
#  chr22
	......135973 lines processed
# - Checking finished in 379.1823s
--------------------------------------------------
# - Number of SNPs loaded: 87446
# Run Elastic net regression
# - Model fitting finised in 5658.8147s
# Total running time of current lipid: 101.3125m
# #################### 22 lipid processed ####################

# Load GWAS SNPs for current lipid: Cer-m18:0-23:0-
# Processing lipid: Cer-m18:0-23:0-

# Get dosage of GWAS SNPs to include in regression models
# - Checking by chromosome:
#  chr1
	......................................777817 lines processed
#  chr2
	..........................................841396 lines processed
#  chr3
	..................................690511 lines processed
#  chr4
	..................................680275 lines processed
#  chr5
	...............................637707 lines processed
#  chr6
	..............................614557 lines processed
#  chr7
	...........................550431 lines processed
#  chr8
	...........................552678 lines processed
#  chr9
	.....................431280 lines processed
#  chr10
	........................492058 lines processed
#  chr11
	.........................517709 lines processed
#  chr12
	......................451366 lines processed
#  chr13
	.................341633 lines processed
#  chr14
	...............315447 lines processed
#  chr15
	..............284435 lines processed
#  chr16
	...............310666 lines processed
#  chr17
	.............276753 lines processed
#  chr18
	.............278027 lines processed
#  chr19
	..........219427 lines processed
#  chr20
	..........218901 lines processed
#  chr21
	......126411 lines processed
#  chr22
	......135732 lines processed
# - Checking finished in 416.7565s
--------------------------------------------------
# - Number of SNPs loaded: 74525
# Run Elastic net regression
# - Model fitting finised in 4692.5345s
# Total running time of current lipid: 85.8473m
# #################### 23 lipid processed ####################

# Load GWAS SNPs for current lipid: Cer-m18:0-24:0-
# Processing lipid: Cer-m18:0-24:0-

# Get dosage of GWAS SNPs to include in regression models
# - Checking by chromosome:
#  chr1
	......................................777720 lines processed
#  chr2
	..........................................841560 lines processed
#  chr3
	..................................691226 lines processed
#  chr4
	..................................680192 lines processed
#  chr5
	...............................637330 lines processed
#  chr6
	..............................614557 lines processed
#  chr7
	...........................550382 lines processed
#  chr8
	...........................552532 lines processed
#  chr9
	.....................431202 lines processed
#  chr10
	........................491504 lines processed
#  chr11
	.........................517709 lines processed
#  chr12
	......................452224 lines processed
#  chr13
	.................341613 lines processed
#  chr14
	...............315447 lines processed
#  chr15
	..............284716 lines processed
#  chr16
	...............310371 lines processed
#  chr17
	.............276753 lines processed
#  chr18
	.............278027 lines processed
#  chr19
	..........219427 lines processed
#  chr20
	..........218804 lines processed
#  chr21
	......126747 lines processed
#  chr22
	......135972 lines processed
# - Checking finished in 412.4809s
--------------------------------------------------
# - Number of SNPs loaded: 69416
# Run Elastic net regression
^[[B^[[B        # - Model fitting finised in 4130.8193s
# Total running time of current lipid: 76.3774m
# #################### 24 lipid processed ####################

# Load GWAS SNPs for current lipid: Cer-m18:0-24:1-
# Processing lipid: Cer-m18:0-24:1-

# Get dosage of GWAS SNPs to include in regression models
# - Checking by chromosome:
#  chr1
	......................................777817 lines processed
#  chr2
	..........................................841679 lines processed
#  chr3
	..................................691176 lines processed
#  chr4
	..................................680275 lines processed
#  chr5
	...............................637513 lines processed
#  chr6
	..............................614557 lines processed
#  chr7
	...........................551058 lines processed
#  chr8
	...........................552678 lines processed
#  chr9
	.....................431202 lines processed
#  chr10
	........................492058 lines processed
#  chr11
	.........................517705 lines processed
#  chr12
	......................452061 lines processed
#  chr13
	.................341732 lines processed
#  chr14
	...............315447 lines processed
#  chr15
	..............284830 lines processed
#  chr16
	...............310666 lines processed
#  chr17
	.............276928 lines processed
#  chr18
	.............278035 lines processed
#  chr19
	..........219427 lines processed
#  chr20
	..........217032 lines processed
#  chr21
	......126411 lines processed
#  chr22
	......135958 lines processed
# - Checking finished in 564.4397s
--------------------------------------------------
# - Number of SNPs loaded: 76966
# Run Elastic net regression
# - Model fitting finised in 4877.5088s
# Total running time of current lipid: 91.2986m
# #################### 25 lipid processed ####################

# Load GWAS SNPs for current lipid: Cer-m18:1-18:0-
# Processing lipid: Cer-m18:1-18:0-

# Get dosage of GWAS SNPs to include in regression models
# - Checking by chromosome:
#  chr1
	......................................777817 lines processed
#  chr2
	..........................................841658 lines processed
#  chr3
	..................................691105 lines processed
#  chr4
	..................................680192 lines processed
#  chr5
	...............................637330 lines processed
#  chr6
	..............................614557 lines processed
#  chr7
	...........................550850 lines processed
#  chr8
	...........................552311 lines processed
#  chr9
	.....................431268 lines processed
#  chr10
	........................491987 lines processed
#  chr11
	.........................517277 lines processed
#  chr12
	......................452119 lines processed
#  chr13
	.................341613 lines processed
#  chr14
	...............315415 lines processed
#  chr15
	..............284054 lines processed
#  chr16
	...............309590 lines processed
#  chr17
	.............276928 lines processed
#  chr18
	.............278028 lines processed
#  chr19
	..........219393 lines processed
#  chr20
	..........218901 lines processed
#  chr21
	......126747 lines processed
#  chr22
	......135732 lines processed
# - Checking finished in 406.4626s
--------------------------------------------------
# - Number of SNPs loaded: 54820
# Run Elastic net regression
# - Model fitting finised in 3288.6162s
# Total running time of current lipid: 62.0915m
# #################### 26 lipid processed ####################

# Load GWAS SNPs for current lipid: Cer-m18:1-20:0-
# Processing lipid: Cer-m18:1-20:0-

# Get dosage of GWAS SNPs to include in regression models
# - Checking by chromosome:
#  chr1
	......................................778259 lines processed
#  chr2
	..........................................841396 lines processed
#  chr3
	..................................690018 lines processed
#  chr4
	.................................679998 lines processed
#  chr5
	...............................637330 lines processed
#  chr6
	..............................614557 lines processed
#  chr7
	...........................550382 lines processed
#  chr8
	...........................552170 lines processed
#  chr9
	.....................431202 lines processed
#  chr10
	........................492058 lines processed
#  chr11
	.........................517138 lines processed
#  chr12
	......................450783 lines processed
#  chr13
	.................341633 lines processed
#  chr14
	...............315447 lines processed
#  chr15
	..............284054 lines processed
#  chr16
	...............310541 lines processed
#  chr17
	.............276928 lines processed
#  chr18
	.............277775 lines processed
#  chr19
	..........219427 lines processed
#  chr20
	..........218901 lines processed
#  chr21
	......126411 lines processed
#  chr22
	......135732 lines processed
# - Checking finished in 415.2769s
--------------------------------------------------
# - Number of SNPs loaded: 54843
# Run Elastic net regression
# - Model fitting finised in 3741.8084s
# Total running time of current lipid: 69.7911m
# #################### 27 lipid processed ####################

# Load GWAS SNPs for current lipid: Cer-m18:1-22:0-
# Processing lipid: Cer-m18:1-22:0-

# Get dosage of GWAS SNPs to include in regression models
# - Checking by chromosome:
#  chr1
	......................................777817 lines processed
#  chr2
	..........................................841396 lines processed
#  chr3
	..................................691092 lines processed
#  chr4
	..................................680275 lines processed
#  chr5
	...............................636823 lines processed
#  chr6
	..............................614642 lines processed
#  chr7
	...........................550962 lines processed
#  chr8
	...........................552658 lines processed
#  chr9
	.....................431202 lines processed
#  chr10
	........................492058 lines processed
#  chr11
	.........................517709 lines processed
#  chr12
	......................451024 lines processed
#  chr13
	.................341633 lines processed
#  chr14
	...............315447 lines processed
#  chr15
	..............284435 lines processed
#  chr16
	...............309100 lines processed
#  chr17
	.............276783 lines processed
#  chr18
	.............277903 lines processed
#  chr19
	..........219427 lines processed
#  chr20
	..........218901 lines processed
#  chr21
	......126411 lines processed
#  chr22
	......135972 lines processed
# - Checking finished in 391.0391s
--------------------------------------------------
# - Number of SNPs loaded: 59445
# Run Elastic net regression
# - Model fitting finised in 3639.8548s
# Total running time of current lipid: 67.7296m
# #################### 28 lipid processed ####################

# Load GWAS SNPs for current lipid: Cer-m18:1-23:0-
# Processing lipid: Cer-m18:1-23:0-

# Get dosage of GWAS SNPs to include in regression models
# - Checking by chromosome:
#  chr1
	......................................777817 lines processed
#  chr2
	..........................................841560 lines processed
#  chr3
	..................................691226 lines processed
#  chr4
	.................................679998 lines processed
#  chr5
	...............................636845 lines processed
#  chr6
	..............................614642 lines processed
#  chr7
	...........................551042 lines processed
#  chr8
	...........................552678 lines processed
#  chr9
	.....................431268 lines processed
#  chr10
	........................492058 lines processed
#  chr11
	.........................517709 lines processed
#  chr12
	......................452012 lines processed
#  chr13
	.................341675 lines processed
#  chr14
	...............315447 lines processed
#  chr15
	..............284435 lines processed
#  chr16
	...............309748 lines processed
#  chr17
	.............276802 lines processed
#  chr18
	.............277903 lines processed
#  chr19
	..........219302 lines processed
#  chr20
	..........218901 lines processed
#  chr21
	......126675 lines processed
#  chr22
	......135732 lines processed
# - Checking finished in 422.4922s
--------------------------------------------------
# - Number of SNPs loaded: 82408
# Run Elastic net regression
# - Model fitting finised in 5553.2669s
# Total running time of current lipid: 100.3776m
# #################### 29 lipid processed ####################

# Load GWAS SNPs for current lipid: Cer-m18:1-24:0-
# Processing lipid: Cer-m18:1-24:0-

# Get dosage of GWAS SNPs to include in regression models
# - Checking by chromosome:
#  chr1
	......................................777817 lines processed
#  chr2
	..........................................841474 lines processed
#  chr3
	..................................690936 lines processed
#  chr4
	..................................680275 lines processed
#  chr5
	...............................636959 lines processed
#  chr6
	..............................614642 lines processed
#  chr7
	...........................551023 lines processed
#  chr8
	...........................552658 lines processed
#  chr9
	.....................431268 lines processed
#  chr10
	........................492058 lines processed
#  chr11
	.........................517763 lines processed
#  chr12
	......................451024 lines processed
#  chr13
	.................341613 lines processed
#  chr14
	...............315447 lines processed
#  chr15
	..............284435 lines processed
#  chr16
	...............309927 lines processed
#  chr17
	.............276783 lines processed
#  chr18
	.............277903 lines processed
#  chr19
	..........219427 lines processed
#  chr20
	..........218901 lines processed
#  chr21
	......126411 lines processed
#  chr22
	......135732 lines processed
# - Checking finished in 406.6361s
--------------------------------------------------
# - Number of SNPs loaded: 60272
# Run Elastic net regression
# - Model fitting finised in 4771.6001s
# Total running time of current lipid: 86.8789m
# #################### 30 lipid processed ####################

# Load GWAS SNPs for current lipid: Cer-m18:1-24:1-
# Processing lipid: Cer-m18:1-24:1-

# Get dosage of GWAS SNPs to include in regression models
# - Checking by chromosome:
#  chr1
	......................................778259 lines processed
#  chr2
	..........................................841396 lines processed
#  chr3
	..................................690502 lines processed
#  chr4
	..................................680275 lines processed
#  chr5
	...............................637529 lines processed
#  chr6
	..............................614642 lines processed
#  chr7
	...........................551023 lines processed
#  chr8
	...........................552678 lines processed
#  chr9
	.....................431268 lines processed
#  chr10
	........................492058 lines processed
#  chr11
	.........................517763 lines processed
#  chr12
	......................451431 lines processed
#  chr13
	.................341613 lines processed
#  chr14
	...............315458 lines processed
#  chr15
	..............285011 lines processed
#  chr16
	...............310057 lines processed
#  chr17
	.............276928 lines processed
#  chr18
	.............277775 lines processed
#  chr19
	..........219427 lines processed
#  chr20
	..........218901 lines processed
#  chr21
	......126621 lines processed
#  chr22
	......135732 lines processed
# - Checking finished in 547.3324s
--------------------------------------------------
# - Number of SNPs loaded: 47791
# Run Elastic net regression
# - Model fitting finised in 3131.6443s
# Total running time of current lipid: 61.6929m
# #################### 31 lipid processed ####################

# Load GWAS SNPs for current lipid: Cer1P-d18:1-16:0-
# Processing lipid: Cer1P-d18:1-16:0-

# Get dosage of GWAS SNPs to include in regression models
# - Checking by chromosome:
#  chr1
	......................................778079 lines processed
#  chr2
	.........................................839526 lines processed
#  chr3
	..................................690964 lines processed
#  chr4
	..................................680272 lines processed
#  chr5
	...............................636916 lines processed
#  chr6
	..............................614290 lines processed
#  chr7
	...........................550608 lines processed
#  chr8
	...........................549965 lines processed
#  chr9
	.....................431243 lines processed
#  chr10
	........................491877 lines processed
#  chr11
	.........................517637 lines processed
#  chr12
	......................452350 lines processed
#  chr13
	................339904 lines processed
#  chr14
	...............315425 lines processed
#  chr15
	..............284870 lines processed
#  chr16
	...............310330 lines processed
#  chr17
	.............276864 lines processed
#  chr18
	.............277981 lines processed
#  chr19
	..........218903 lines processed
#  chr20
	..........218944 lines processed
#  chr21
	......126316 lines processed
#  chr22
	......135624 lines processed
# - Checking finished in 457.8014s
--------------------------------------------------
# - Number of SNPs loaded: 43923
# Run Elastic net regression
# - Model fitting finised in 2308.9666s
# Total running time of current lipid: 46.4551m
# #################### 32 lipid processed ####################

# Load GWAS SNPs for current lipid: HexCer-d16:1-18:0-
# Processing lipid: HexCer-d16:1-18:0-

# Get dosage of GWAS SNPs to include in regression models
# - Checking by chromosome:
#  chr1
	......................................778059 lines processed
#  chr2
	..........................................840814 lines processed
#  chr3
	..................................690925 lines processed
#  chr4
	..................................680317 lines processed
#  chr5
	...............................637486 lines processed
#  chr6
	..............................614189 lines processed
#  chr7
	...........................550770 lines processed
#  chr8
	...........................552557 lines processed
#  chr9
	.....................431026 lines processed
#  chr10
	........................491987 lines processed
#  chr11
	.........................517618 lines processed
#  chr12
	......................452327 lines processed
#  chr13
	.................341757 lines processed
#  chr14
	...............315415 lines processed
#  chr15
	..............285012 lines processed
#  chr16
	...............310689 lines processed
#  chr17
	.............276053 lines processed
#  chr18
	.............278046 lines processed
#  chr19
	..........218385 lines processed
#  chr20
	..........218842 lines processed
#  chr21
	......126165 lines processed
#  chr22
	......136015 lines processed
# - Checking finished in 361.9608s
--------------------------------------------------
# - Number of SNPs loaded: 58485
# Run Elastic net regression
# - Model fitting finised in 3338.8868s
# Total running time of current lipid: 62.1346m
# #################### 33 lipid processed ####################

# Load GWAS SNPs for current lipid: HexCer-d16:1-20:0-
# Processing lipid: HexCer-d16:1-20:0-

# Get dosage of GWAS SNPs to include in regression models
# - Checking by chromosome:
#  chr1
	......................................777946 lines processed
#  chr2
	..........................................841350 lines processed
#  chr3
	..................................691143 lines processed
#  chr4
	.................................679769 lines processed
#  chr5
	...............................636823 lines processed
#  chr6
	..............................614495 lines processed
#  chr7
	...........................548151 lines processed
#  chr8
	...........................552406 lines processed
#  chr9
	.....................429693 lines processed
#  chr10
	........................490930 lines processed
#  chr11
	.........................517709 lines processed
#  chr12
	......................452237 lines processed
#  chr13
	.................341757 lines processed
#  chr14
	...............314822 lines processed
#  chr15
	..............284063 lines processed
#  chr16
	...............308909 lines processed
#  chr17
	.............276767 lines processed
#  chr18
	.............278065 lines processed
#  chr19
	..........218857 lines processed
#  chr20
	..........218541 lines processed
#  chr21
	......126515 lines processed
#  chr22
	......135858 lines processed
# - Checking finished in 713.4612s
--------------------------------------------------
# - Number of SNPs loaded: 35036
# Run Elastic net regression
# - Model fitting finised in 1939.1827s
# Total running time of current lipid: 44.4851m
# #################### 34 lipid processed ####################

# Load GWAS SNPs for current lipid: HexCer-d16:1-22:0-
# Processing lipid: HexCer-d16:1-22:0-

# Get dosage of GWAS SNPs to include in regression models
# - Checking by chromosome:
#  chr1
	......................................777946 lines processed
#  chr2
	..........................................841565 lines processed
#  chr3
	..................................690827 lines processed
#  chr4
	..................................680288 lines processed
#  chr5
	...............................637262 lines processed
#  chr6
	..............................614495 lines processed
#  chr7
	...........................550752 lines processed
#  chr8
	...........................552533 lines processed
#  chr9
	.....................431058 lines processed
#  chr10
	........................491869 lines processed
#  chr11
	.........................517541 lines processed
#  chr12
	......................451315 lines processed
#  chr13
	.................341594 lines processed
#  chr14
	...............315424 lines processed
#  chr15
	..............284779 lines processed
#  chr16
	...............309305 lines processed
#  chr17
	.............276363 lines processed
#  chr18
	.............277749 lines processed
#  chr19
	..........219158 lines processed
#  chr20
	..........218621 lines processed
#  chr21
	......125794 lines processed
#  chr22
	......135858 lines processed
# - Checking finished in 870.5567s
--------------------------------------------------
# - Number of SNPs loaded: 66658
# Run Elastic net regression
# - Model fitting finised in 3099.3009s
# Total running time of current lipid: 66.6904m
# #################### 35 lipid processed ####################

# Load GWAS SNPs for current lipid: HexCer-d16:1-24:0-
# Processing lipid: HexCer-d16:1-24:0-

# Get dosage of GWAS SNPs to include in regression models
# - Checking by chromosome:
#  chr1
	......................................777946 lines processed
#  chr2
	..........................................841700 lines processed
#  chr3
	..................................690859 lines processed
#  chr4
	..................................680315 lines processed
#  chr5
	...............................637555 lines processed
#  chr6
	..............................614495 lines processed
#  chr7
	...........................550752 lines processed
#  chr8
	...........................552590 lines processed
#  chr9
	.....................431073 lines processed
#  chr10
	........................491955 lines processed
#  chr11
	.........................517578 lines processed
#  chr12
	......................451254 lines processed
#  chr13
	.................341219 lines processed
#  chr14
	...............315321 lines processed
#  chr15
	..............284990 lines processed
#  chr16
	...............310686 lines processed
#  chr17
	.............276913 lines processed
#  chr18
	.............278064 lines processed
#  chr19
	..........219143 lines processed
#  chr20
	..........218919 lines processed
#  chr21
	......126498 lines processed
#  chr22
	......135897 lines processed
# - Checking finished in 369.7565s
--------------------------------------------------
# - Number of SNPs loaded: 60269
# Run Elastic net regression
# - Model fitting finised in 1942.2626s
# Total running time of current lipid: 39.0063m
# #################### 36 lipid processed ####################

# Load GWAS SNPs for current lipid: HexCer-d18:1-16:0-
# Processing lipid: HexCer-d18:1-16:0-

# Get dosage of GWAS SNPs to include in regression models
# - Checking by chromosome:
#  chr1
	......................................776359 lines processed
#  chr2
	..........................................841596 lines processed
#  chr3
	..................................691081 lines processed
#  chr4
	..................................680289 lines processed
#  chr5
	...............................637256 lines processed
#  chr6
	..............................614486 lines processed
#  chr7
	...........................550620 lines processed
#  chr8
	...........................552052 lines processed
#  chr9
	.....................431089 lines processed
#  chr10
	........................492018 lines processed
#  chr11
	.........................517390 lines processed
#  chr12
	......................452346 lines processed
#  chr13
	.................341445 lines processed
#  chr14
	...............314806 lines processed
#  chr15
	..............284699 lines processed
#  chr16
	...............310741 lines processed
#  chr17
	.............276745 lines processed
#  chr18
	.............274720 lines processed
#  chr19
	..........219373 lines processed
#  chr20
	..........218251 lines processed
#  chr21
	......126698 lines processed
#  chr22
	......135749 lines processed
# - Checking finished in 355.1301s
--------------------------------------------------
# - Number of SNPs loaded: 44407
# Run Elastic net regression
# - Model fitting finised in 1233.6537s
# Total running time of current lipid: 26.8256m
# #################### 37 lipid processed ####################

# Load GWAS SNPs for current lipid: HexCer-d18:1-18:0-
# Processing lipid: HexCer-d18:1-18:0-

# Get dosage of GWAS SNPs to include in regression models
# - Checking by chromosome:
#  chr1
	......................................778043 lines processed
#  chr2
	..........................................840731 lines processed
#  chr3
	..................................691081 lines processed
#  chr4
	..................................680225 lines processed
#  chr5
	...............................637411 lines processed
#  chr6
	..............................614666 lines processed
#  chr7
	...........................550839 lines processed
#  chr8
	...........................551915 lines processed
#  chr9
	.....................430030 lines processed
#  chr10
	........................491299 lines processed
#  chr11
	.........................517756 lines processed
#  chr12
	......................451542 lines processed
#  chr13
	.................341758 lines processed
#  chr14
	...............315215 lines processed
#  chr15
	..............284699 lines processed
#  chr16
	...............309200 lines processed
#  chr17
	.............276533 lines processed
#  chr18
	.............277716 lines processed
#  chr19
	..........218941 lines processed
#  chr20
	..........217897 lines processed
#  chr21
	......126735 lines processed
#  chr22
	......135836 lines processed
# - Checking finished in 633.7322s
--------------------------------------------------
# - Number of SNPs loaded: 45387
# Run Elastic net regression
# - Model fitting finised in 1606.8990s
# Total running time of current lipid: 37.6976m
# #################### 38 lipid processed ####################

# Load GWAS SNPs for current lipid: HexCer-d18:1-20:0-
# Processing lipid: HexCer-d18:1-20:0-

# Get dosage of GWAS SNPs to include in regression models
# - Checking by chromosome:
#  chr1
	......................................778298 lines processed
#  chr2
	..........................................840990 lines processed
#  chr3
	..................................690789 lines processed
#  chr4
	.................................679706 lines processed
#  chr5
	...............................637479 lines processed
#  chr6
	..............................614382 lines processed
#  chr7
	...........................551013 lines processed
#  chr8
	...........................552052 lines processed
#  chr9
	.....................430797 lines processed
#  chr10
	........................492018 lines processed
#  chr11
	.........................517610 lines processed
#  chr12
	......................452050 lines processed
#  chr13
	.................341757 lines processed
#  chr14
	...............315453 lines processed
#  chr15
	..............284990 lines processed
#  chr16
	...............310043 lines processed
#  chr17
	.............276714 lines processed
#  chr18
	.............278024 lines processed
#  chr19
	..........218921 lines processed
#  chr20
	..........218962 lines processed
#  chr21
	......126735 lines processed
#  chr22
	......135836 lines processed
# - Checking finished in 638.4180s
--------------------------------------------------
# - Number of SNPs loaded: 54274
# Run Elastic net regression
# - Model fitting finised in 1939.4815s
# Total running time of current lipid: 43.3872m
# #################### 39 lipid processed ####################

# Load GWAS SNPs for current lipid: HexCer-d18:1-22:0-
# Processing lipid: HexCer-d18:1-22:0-

# Get dosage of GWAS SNPs to include in regression models
# - Checking by chromosome:
#  chr1
	......................................778298 lines processed
#  chr2
	..........................................841700 lines processed
#  chr3
	..................................691170 lines processed
#  chr4
	..................................680244 lines processed
#  chr5
	...............................637537 lines processed
#  chr6
	..............................613393 lines processed
#  chr7
	...........................550875 lines processed
#  chr8
	...........................552641 lines processed
#  chr9
	.....................431089 lines processed
#  chr10
	........................491736 lines processed
#  chr11
	.........................517578 lines processed
#  chr12
	......................451824 lines processed
#  chr13
	.................341757 lines processed
#  chr14
	...............315321 lines processed
#  chr15
	..............284699 lines processed
#  chr16
	...............309344 lines processed
#  chr17
	.............276941 lines processed
#  chr18
	.............278064 lines processed
#  chr19
	..........219318 lines processed
#  chr20
	..........217961 lines processed
#  chr21
	......126698 lines processed
#  chr22
	......135778 lines processed
# - Checking finished in 740.6531s
--------------------------------------------------
# - Number of SNPs loaded: 71279
# Run Elastic net regression
# - Model fitting finised in 2073.8744s
# Total running time of current lipid: 47.4617m
# #################### 40 lipid processed ####################

# Load GWAS SNPs for current lipid: HexCer-d18:1-24:0-
# Processing lipid: HexCer-d18:1-24:0-

# Get dosage of GWAS SNPs to include in regression models
# - Checking by chromosome:
#  chr1
	......................................778298 lines processed
#  chr2
	..........................................841700 lines processed
#  chr3
	..................................691081 lines processed
#  chr4
	..................................680244 lines processed
#  chr5
	...............................637479 lines processed
#  chr6
	..............................614563 lines processed
#  chr7
	...........................550752 lines processed
#  chr8
	...........................552571 lines processed
#  chr9
	.....................431089 lines processed
#  chr10
	........................492016 lines processed
#  chr11
	.........................517578 lines processed
#  chr12
	......................452346 lines processed
#  chr13
	.................341648 lines processed
#  chr14
	...............315321 lines processed
#  chr15
	..............284699 lines processed
#  chr16
	...............310741 lines processed
#  chr17
	.............276714 lines processed
#  chr18
	.............278064 lines processed
#  chr19
	..........219318 lines processed
#  chr20
	..........218919 lines processed
#  chr21
	......126698 lines processed
#  chr22
	......135778 lines processed
# - Checking finished in 359.6185s
--------------------------------------------------
# - Number of SNPs loaded: 69277
# Run Elastic net regression
# - Model fitting finised in 2171.6518s
# Total running time of current lipid: 42.7254m
# #################### 41 lipid processed ####################

# Load GWAS SNPs for current lipid: HexCer-d18:1-24:1-
# Processing lipid: HexCer-d18:1-24:1-

# Get dosage of GWAS SNPs to include in regression models
# - Checking by chromosome:
#  chr1
	......................................778298 lines processed
#  chr2
	..........................................841735 lines processed
#  chr3
	..................................691170 lines processed
#  chr4
	..................................680244 lines processed
#  chr5
	...............................637706 lines processed
#  chr6
	..............................614382 lines processed
#  chr7
	...........................551013 lines processed
#  chr8
	...........................552086 lines processed
#  chr9
	.....................431089 lines processed
#  chr10
	........................492018 lines processed
#  chr11
	.........................517610 lines processed
#  chr12
	......................452050 lines processed
#  chr13
	.................340674 lines processed
#  chr14
	...............315453 lines processed
#  chr15
	..............284699 lines processed
#  chr16
	...............310043 lines processed
#  chr17
	.............276745 lines processed
#  chr18
	.............278062 lines processed
#  chr19
	..........219318 lines processed
#  chr20
	..........218010 lines processed
#  chr21
	......126698 lines processed
#  chr22
	......135749 lines processed
# - Checking finished in 354.4917s
--------------------------------------------------
# - Number of SNPs loaded: 60180
# Run Elastic net regression
# - Model fitting finised in 1958.3151s
# Total running time of current lipid: 39.0134m
# #################### 42 lipid processed ####################

# Load GWAS SNPs for current lipid: HexCer-d18:2-18:0-
# Processing lipid: HexCer-d18:2-18:0-

# Get dosage of GWAS SNPs to include in regression models
# - Checking by chromosome:
#  chr1
	......................................777636 lines processed
#  chr2
	..........................................840313 lines processed
#  chr3
	..................................691152 lines processed
#  chr4
	..................................680196 lines processed
#  chr5
	...............................637199 lines processed
#  chr6
	..............................614667 lines processed
#  chr7
	...........................550918 lines processed
#  chr8
	...........................552625 lines processed
#  chr9
	.....................431100 lines processed
#  chr10
	........................491955 lines processed
#  chr11
	.........................517630 lines processed
#  chr12
	......................451254 lines processed
#  chr13
	.................341701 lines processed
#  chr14
	...............315215 lines processed
#  chr15
	..............285022 lines processed
#  chr16
	...............310639 lines processed
#  chr17
	.............276913 lines processed
#  chr18
	.............278024 lines processed
#  chr19
	..........219091 lines processed
#  chr20
	..........218036 lines processed
#  chr21
	......126740 lines processed
#  chr22
	......136025 lines processed
# - Checking finished in 359.5728s
--------------------------------------------------
# - Number of SNPs loaded: 56747
# Run Elastic net regression
# - Model fitting finised in 2070.0641s
# Total running time of current lipid: 40.9343m
# #################### 43 lipid processed ####################

# Load GWAS SNPs for current lipid: HexCer-d18:2-20:0-
# Processing lipid: HexCer-d18:2-20:0-

# Get dosage of GWAS SNPs to include in regression models
# - Checking by chromosome:
#  chr1
	......................................778240 lines processed
#  chr2
	..........................................841649 lines processed
#  chr3
	..................................691079 lines processed
#  chr4
	..................................680316 lines processed
#  chr5
	...............................637691 lines processed
#  chr6
	..............................613890 lines processed
#  chr7
	...........................550693 lines processed
#  chr8
	...........................552533 lines processed
#  chr9
	.....................431089 lines processed
#  chr10
	........................492033 lines processed
#  chr11
	.........................517550 lines processed
#  chr12
	......................452252 lines processed
#  chr13
	.................341757 lines processed
#  chr14
	...............315301 lines processed
#  chr15
	..............285038 lines processed
#  chr16
	...............310724 lines processed
#  chr17
	.............276898 lines processed
#  chr18
	.............277577 lines processed
#  chr19
	..........219346 lines processed
#  chr20
	..........218860 lines processed
#  chr21
	......126698 lines processed
#  chr22
	......135412 lines processed
# - Checking finished in 636.9816s
--------------------------------------------------
# - Number of SNPs loaded: 68712
# Run Elastic net regression
# - Model fitting finised in 2724.8707s
# Total running time of current lipid: 56.5629m
# #################### 44 lipid processed ####################

# Load GWAS SNPs for current lipid: HexCer-d18:2-22:0-
# Processing lipid: HexCer-d18:2-22:0-

# Get dosage of GWAS SNPs to include in regression models
# - Checking by chromosome:
#  chr1
	......................................778303 lines processed
#  chr2
	..........................................841730 lines processed
#  chr3
	..................................690576 lines processed
#  chr4
	.................................678874 lines processed
#  chr5
	...............................637532 lines processed
#  chr6
	..............................614314 lines processed
#  chr7
	...........................550005 lines processed
#  chr8
	...........................552571 lines processed
#  chr9
	.....................431073 lines processed
#  chr10
	........................491958 lines processed
#  chr11
	.........................517578 lines processed
#  chr12
	......................452133 lines processed
#  chr13
	.................341757 lines processed
#  chr14
	...............315321 lines processed
#  chr15
	..............285042 lines processed
#  chr16
	...............308987 lines processed
#  chr17
	.............276819 lines processed
#  chr18
	.............278064 lines processed
#  chr19
	..........217334 lines processed
#  chr20
	..........218860 lines processed
#  chr21
	......126489 lines processed
#  chr22
	......135778 lines processed
# - Checking finished in 354.6097s
--------------------------------------------------
# - Number of SNPs loaded: 51463
# Run Elastic net regression
# - Model fitting finised in 1923.9753s
# Total running time of current lipid: 38.3769m
# #################### 45 lipid processed ####################
[01;32mwanying@vgipiper[00m:[01;34m~/CCHC/lipidomics/prediction_models/code[00m$ [K[01;32mwanying@vgipiper[00m:[01;34m~/CCHC/lipidomics/prediction_models/code[00m$ [K[01;32mwanying@vgipiper[00m:[01;34m~/CCHC/lipidomics/prediction_models/code[00m$ 