[01;32mwanying@vgipiper04[00m:[01;34m~/CCHC/lipidomics/prediction_models/code[00m$ OMP_NUM_THREADS=1 python 01_elastic_net_sklearn_model.py --output lipid_species_l1_0.5_129-167_100alphaCV.txt --output_dir /data100t1/home/wanying/CCHC/lipidomics/prediction_models/elastic_net/training/model_params/100alphas --lipid_range 129 --range_window 39 --n_alphas 100
# Run starts: 2023-04-26
# Output file is /data100t1/home/wanying/CCHC/lipidomics/prediction_models/elastic_net/training/model_params/100alphas/lipid_species_l1_0.5_129-167_100alphaCV.txt.20230426_23:15:36
# Cross validation on 100 alphas
# Run lipids from index 129 to 167
# Load lipidomic data (lipid species)
# - data loaded from lipid_species_residuals_adj_for_sex_age_pc1-5.txt.reformatted: shape (1607, 831)

# Load genotype IDs for matching (only need to read the first line of dosage file)
# - Organize sample IDs so that their orders match in lipidomics data and dosage file
# - Final processed lipidomic data: 1607

# Load GWAS SNPs for current lipid: SM-d16:1-23:0--SM-d17:1-22:0-
# Processing lipid: SM-d16:1-23:0--SM-d17:1-22:0-

# Get dosage of GWAS SNPs to include in regression models
# - Checking by chromosome:
#  chr1
	......................................778074 lines processed
#  chr2
	..........................................841334 lines processed
#  chr3
	..................................691122 lines processed
#  chr4
	......q ............................680225 lines processed
#  chr5
	...............................637599 lines processed
#  chr6
	..............................614144 lines processed
#  chr7
	...........................550966 lines processed
#  chr8
	...........................552623 lines processed
#  chr9
	.....................431226 lines processed
#  chr10
	........................492013 lines processed
#  chr11
	.........................517371 lines processed
#  chr12
	......................452205 lines processed
#  chr13
	.................341735 lines processed
#  chr14
	...............315447 lines processed
#  chr15
	..............284283 lines processed
#  chr16
	...............310607 lines processed
#  chr17
	.............276915 lines processed
#  chr18
	.............277959 lines processed
#  chr19
	..........219302 lines processed
#  chr20
	..........218799 lines processed
#  chr21
	......126648 lines processed
#  chr22
	......135704 lines processed
# - Checking finished in 502.8605s
--------------------------------------------------
# - Number of SNPs loaded: 93079
# Run Elastic net regression
# - Model fitting finised in 4314.4305s
# Total running time of current lipid: 80.8758m
# #################### 1 lipid processed ####################

# Load GWAS SNPs for current lipid: SM-d16:1-24:1-
# Processing lipid: SM-d16:1-24:1-

# Get dosage of GWAS SNPs to include in regression models
# - Checking by chromosome:
#  chr1
	......................................778043 lines processed
#  chr2
	..........................................841350 lines processed
#  chr3
	..................................690991 lines processed
#  chr4
	..................................680225 lines processed
#  chr5
	...............................637448 lines processed
#  chr6
	..............................614495 lines processed
#  chr7
	...........................550839 lines processed
#  chr8
	...........................552527 lines processed
#  chr9
	.....................430453 lines processed
#  chr10
	........................490930 lines processed
#  chr11
	.........................516556 lines processed
#  chr12
	......................452222 lines processed
#  chr13
	.................341182 lines processed
#  chr14
	...............315424 lines processed
#  chr15
	..............284549 lines processed
#  chr16
	...............310686 lines processed
#  chr17
	.............276609 lines processed
#  chr18
	.............277934 lines processed
#  chr19
	..........218857 lines processed
#  chr20
	..........217897 lines processed
#  chr21
	......126367 lines processed
#  chr22
	......135858 lines processed
# - Checking finished in 309.7251s
--------------------------------------------------
# - Number of SNPs loaded: 54280
# Run Elastic net regression
# - Model fitting finised in 2097.8345s
# Total running time of current lipid: 40.4729m
# #################### 2 lipid processed ####################

# Load GWAS SNPs for current lipid: SM-d17:1-14:0-
# Processing lipid: SM-d17:1-14:0-

# Get dosage of GWAS SNPs to include in regression models
# - Checking by chromosome:
#  chr1
	......................................778043 lines processed
#  chr2
	..........................................841463 lines processed
#  chr3
	..................................691195 lines processed
#  chr4
	..................................680225 lines processed
#  chr5
	...............................637331 lines processed
#  chr6
	..............................614528 lines processed
#  chr7
	...........................550977 lines processed
#  chr8
	...........................552609 lines processed
#  chr9
	.....................428429 lines processed
#  chr10
	........................491229 lines processed
#  chr11
	.........................517658 lines processed
#  chr12
	......................451845 lines processed
#  chr13
	.................341723 lines processed
#  chr14
	...............314822 lines processed
#  chr15
	..............284283 lines processed
#  chr16
	...............310686 lines processed
#  chr17
	.............276533 lines processed
#  chr18
	.............277890 lines processed
#  chr19
	..........219384 lines processed
#  chr20
	..........218541 lines processed
#  chr21
	......126693 lines processed
#  chr22
	......135528 lines processed
# - Checking finished in 314.7090s
--------------------------------------------------
# - Number of SNPs loaded: 62328
# Run Elastic net regression
# - Model fitting finised in 2558.3669s
# Total running time of current lipid: 48.2843m
# #################### 3 lipid processed ####################

# Load GWAS SNPs for current lipid: SM-d17:1-16:0-
# Processing lipid: SM-d17:1-16:0-

# Get dosage of GWAS SNPs to include in regression models
# - Checking by chromosome:
#  chr1
	......................................778043 lines processed
#  chr2
	..........................................840882 lines processed
#  chr3
	..................................691058 lines processed
#  chr4
	..................................680284 lines processed
#  chr5
	...............................637331 lines processed
#  chr6
	..............................614333 lines processed
#  chr7
	...........................550966 lines processed
#  chr8
	...........................551915 lines processed
#  chr9
	.....................430924 lines processed
#  chr10
	........................492105 lines processed
#  chr11
	.........................516981 lines processed
#  chr12
	......................451542 lines processed
#  chr13
	.................341735 lines processed
#  chr14
	...............314541 lines processed
#  chr15
	..............284678 lines processed
#  chr16
	...............310686 lines processed
#  chr17
	.............276889 lines processed
#  chr18
	.............277960 lines processed
#  chr19
	..........219324 lines processed
#  chr20
	..........218799 lines processed
#  chr21
	......126367 lines processed
#  chr22
	......135536 lines processed
# - Checking finished in 312.4951s
--------------------------------------------------
# - Number of SNPs loaded: 59140
# Run Elastic net regression
# - Model fitting finised in 2971.9242s
# Total running time of current lipid: 55.1192m
# #################### 4 lipid processed ####################

# Load GWAS SNPs for current lipid: SM-d17:1-24:1-
# Processing lipid: SM-d17:1-24:1-

# Get dosage of GWAS SNPs to include in regression models
# - Checking by chromosome:
#  chr1
	......................................778043 lines processed
#  chr2
	..........................................840899 lines processed
#  chr3
	..................................691195 lines processed
#  chr4
	..................................680225 lines processed
#  chr5
	...............................637553 lines processed
#  chr6
	..............................614638 lines processed
#  chr7
	...........................551071 lines processed
#  chr8
	...........................552621 lines processed
#  chr9
	.....................431170 lines processed
#  chr10
	........................491683 lines processed
#  chr11
	.........................517740 lines processed
#  chr12
	......................452227 lines processed
#  chr13
	.................341588 lines processed
#  chr14
	...............315403 lines processed
#  chr15
	..............284443 lines processed
#  chr16
	...............310686 lines processed
#  chr17
	.............276927 lines processed
#  chr18
	.............277960 lines processed
#  chr19
	..........219324 lines processed
#  chr20
	..........218939 lines processed
#  chr21
	......126367 lines processed
#  chr22
	......135992 lines processed
# - Checking finished in 313.6244s
--------------------------------------------------
# - Number of SNPs loaded: 79437
# Run Elastic net regression
# - Model fitting finised in 3272.9941s
# Total running time of current lipid: 60.2661m
# #################### 5 lipid processed ####################

# Load GWAS SNPs for current lipid: SM-d18:0-14:0-
# Processing lipid: SM-d18:0-14:0-

# Get dosage of GWAS SNPs to include in regression models
# - Checking by chromosome:
#  chr1
	......................................778277 lines processed
#  chr2
	..........................................841289 lines processed
#  chr3
	..................................690768 lines processed
#  chr4
	..................................680305 lines processed
#  chr5
	...............................637673 lines processed
#  chr6
	..............................614580 lines processed
#  chr7
	...........................550859 lines processed
#  chr8
	...........................552016 lines processed
#  chr9
	.....................430913 lines processed
#  chr10
	........................491969 lines processed
#  chr11
	.........................517763 lines processed
#  chr12
	......................452135 lines processed
#  chr13
	.................341400 lines processed
#  chr14
	...............315386 lines processed
#  chr15
	..............284723 lines processed
#  chr16
	...............310503 lines processed
#  chr17
	.............276926 lines processed
#  chr18
	.............277933 lines processed
#  chr19
	..........219359 lines processed
#  chr20
	..........218446 lines processed
#  chr21
	......126514 lines processed
#  chr22
	......135673 lines processed
# - Checking finished in 321.4953s
--------------------------------------------------
# - Number of SNPs loaded: 74253
# Run Elastic net regression
# - Model fitting finised in 3882.8967s
# Total running time of current lipid: 70.5462m
# #################### 6 lipid processed ####################

# Load GWAS SNPs for current lipid: SM-d18:0-16:0-
# Processing lipid: SM-d18:0-16:0-

# Get dosage of GWAS SNPs to include in regression models
# - Checking by chromosome:
#  chr1
	......................................778309 lines processed
#  chr2
	..........................................841026 lines processed
#  chr3
	..................................689871 lines processed
#  chr4
	..................................680305 lines processed
#  chr5
	...............................637689 lines processed
#  chr6
	..............................614582 lines processed
#  chr7
	...........................551068 lines processed
#  chr8
	...........................551737 lines processed
#  chr9
	.....................430731 lines processed
#  chr10
	........................492055 lines processed
#  chr11
	.........................517692 lines processed
#  chr12
	......................451776 lines processed
#  chr13
	.................340651 lines processed
#  chr14
	...............315461 lines processed
#  chr15
	..............284408 lines processed
#  chr16
	...............310097 lines processed
#  chr17
	.............276701 lines processed
#  chr18
	.............277964 lines processed
#  chr19
	..........219427 lines processed
#  chr20
	..........218958 lines processed
#  chr21
	......125870 lines processed
#  chr22
	......136016 lines processed
# - Checking finished in 308.1317s
--------------------------------------------------
# - Number of SNPs loaded: 51843
# Run Elastic net regression
# - Model fitting finised in 2115.0938s
# Total running time of current lipid: 40.7175m
# #################### 7 lipid processed ####################

# Load GWAS SNPs for current lipid: SM-d18:0-22:0-
# Processing lipid: SM-d18:0-22:0-

# Get dosage of GWAS SNPs to include in regression models
# - Checking by chromosome:
#  chr1
	......................................777835 lines processed
#  chr2
	..........................................841415 lines processed
#  chr3
	..................................691176 lines processed
#  chr4
	..................................680192 lines processed
#  chr5
	...............................637551 lines processed
#  chr6
	..............................614466 lines processed
#  chr7
	...........................551079 lines processed
#  chr8
	...........................552519 lines processed
#  chr9
	.....................430652 lines processed
#  chr10
	........................489892 lines processed
#  chr11
	.........................517683 lines processed
#  chr12
	......................450920 lines processed
#  chr13
	.................341745 lines processed
#  chr14
	...............314872 lines processed
#  chr15
	..............284733 lines processed
#  chr16
	...............310155 lines processed
#  chr17
	.............276753 lines processed
#  chr18
	.............276973 lines processed
#  chr19
	..........219434 lines processed
#  chr20
	..........218815 lines processed
#  chr21
	......126747 lines processed
#  chr22
	......136016 lines processed
# - Checking finished in 300.5284s
--------------------------------------------------
# - Number of SNPs loaded: 57437
# Run Elastic net regression
# - Model fitting finised in 3230.7451s
# Total running time of current lipid: 59.2128m
# #################### 8 lipid processed ####################

# Load GWAS SNPs for current lipid: SM-d18:1-14:0--SM-d16:1-16:0-
# Processing lipid: SM-d18:1-14:0--SM-d16:1-16:0-

# Get dosage of GWAS SNPs to include in regression models
# - Checking by chromosome:
#  chr1
	......................................778043 lines processed
#  chr2
	..........................................841396 lines processed
#  chr3
	..................................690991 lines processed
#  chr4
	..................................680284 lines processed
#  chr5
	...............................637448 lines processed
#  chr6
	..............................614557 lines processed
#  chr7
	...........................550839 lines processed
#  chr8
	...........................552609 lines processed
#  chr9
	.....................429532 lines processed
#  chr10
	........................492105 lines processed
#  chr11
	.........................517730 lines processed
#  chr12
	......................451542 lines processed
#  chr13
	.................341727 lines processed
#  chr14
	...............314822 lines processed
#  chr15
	..............284678 lines processed
#  chr16
	...............310686 lines processed
#  chr17
	.............276605 lines processed
#  chr18
	.............277933 lines processed
#  chr19
	..........219303 lines processed
#  chr20
	..........218541 lines processed
#  chr21
	......126604 lines processed
#  chr22
	......135858 lines processed
# - Checking finished in 314.4927s
--------------------------------------------------
# - Number of SNPs loaded: 71795
# Run Elastic net regression
# - Model fitting finised in 3225.0157s
# Total running time of current lipid: 59.4399m
# #################### 9 lipid processed ####################

# Load GWAS SNPs for current lipid: SM-d18:1-16:0-
# Processing lipid: SM-d18:1-16:0-

# Get dosage of GWAS SNPs to include in regression models
# - Checking by chromosome:
#  chr1
	......................................778079 lines processed
#  chr2
	..........................................840592 lines processed
#  chr3
	..................................691081 lines processed
#  chr4
	..................................680225 lines processed
#  chr5
	...............................637689 lines processed
#  chr6
	..............................614516 lines processed
#  chr7
	...........................551068 lines processed
#  chr8
	...........................551915 lines processed
#  chr9
	.....................431163 lines processed
#  chr10
	........................491739 lines processed
#  chr11
	.........................517692 lines processed
#  chr12
	......................451542 lines processed
#  chr13
	.................341279 lines processed
#  chr14
	...............315468 lines processed
#  chr15
	..............284699 lines processed
#  chr16
	...............310365 lines processed
#  chr17
	.............276533 lines processed
#  chr18
	.............277960 lines processed
#  chr19
	..........218711 lines processed
#  chr20
	..........218962 lines processed
#  chr21
	......126641 lines processed
#  chr22
	......135528 lines processed
# - Checking finished in 316.4477s
--------------------------------------------------
# - Number of SNPs loaded: 63471
# Run Elastic net regression
# - Model fitting finised in 3354.4820s
# Total running time of current lipid: 61.5844m
# #################### 10 lipid processed ####################

# Load GWAS SNPs for current lipid: SM-d18:1-17:0--SM-d17:1-18:0-
# Processing lipid: SM-d18:1-17:0--SM-d17:1-18:0-

# Get dosage of GWAS SNPs to include in regression models
# - Checking by chromosome:
#  chr1
	......................................777973 lines processed
#  chr2
	..........................................841263 lines processed
#  chr3
	..................................690664 lines processed
#  chr4
	.................................679714 lines processed
#  chr5
	...............................636889 lines processed
#  chr6
	..............................614642 lines processed
#  chr7
	...........................550752 lines processed
#  chr8
	...........................552593 lines processed
#  chr9
	.....................431220 lines processed
#  chr10
	........................491884 lines processed
#  chr11
	.........................517740 lines processed
#  chr12
	......................450975 lines processed
#  chr13
	.................341586 lines processed
#  chr14
	...............314829 lines processed
#  chr15
	..............284730 lines processed
#  chr16
	...............310361 lines processed
#  chr17
	.............276803 lines processed
#  chr18
	.............277934 lines processed
#  chr19
	..........218229 lines processed
#  chr20
	..........218939 lines processed
#  chr21
	......126738 lines processed
#  chr22
	......136016 lines processed
# - Checking finished in 304.7331s
--------------------------------------------------
# - Number of SNPs loaded: 53690
# Run Elastic net regression
# - Model fitting finised in 2459.8886s
# Total running time of current lipid: 46.4173m
# #################### 11 lipid processed ####################

# Load GWAS SNPs for current lipid: SM-d18:1-18:0--SM-d16:1-20:0-
# Processing lipid: SM-d18:1-18:0--SM-d16:1-20:0-

# Get dosage of GWAS SNPs to include in regression models
# - Checking by chromosome:
#  chr1
	......................................778043 lines processed
#  chr2
	..........................................840882 lines processed
#  chr3
	..................................691060 lines processed
#  chr4
	..................................680225 lines processed
#  chr5
	...............................637331 lines processed
#  chr6
	..............................614489 lines processed
#  chr7
	...........................551013 lines processed
#  chr8
	...........................552111 lines processed
#  chr9
	.....................431202 lines processed
#  chr10
	........................491242 lines processed
#  chr11
	.........................517610 lines processed
#  chr12
	......................452050 lines processed
#  chr13
	.................341279 lines processed
#  chr14
	...............315453 lines processed
#  chr15
	..............284283 lines processed
#  chr16
	...............310365 lines processed
#  chr17
	.............276533 lines processed
#  chr18
	.............277960 lines processed
#  chr19
	..........219302 lines processed
#  chr20
	..........218342 lines processed
#  chr21
	......126411 lines processed
#  chr22
	......135536 lines processed
# - Checking finished in 320.5981s
--------------------------------------------------
# - Number of SNPs loaded: 62594
# Run Elastic net regression
# - Model fitting finised in 3184.3357s
# Total running time of current lipid: 58.8169m
# #################### 12 lipid processed ####################

# Load GWAS SNPs for current lipid: SM-d18:1-20:0--SM-d16:1-22:0-
# Processing lipid: SM-d18:1-20:0--SM-d16:1-22:0-

# Get dosage of GWAS SNPs to include in regression models
# - Checking by chromosome:
#  chr1
	......................................778043 lines processed
#  chr2
	..........................................841334 lines processed
#  chr3
	..................................690159 lines processed
#  chr4
	..................................680225 lines processed
#  chr5
	...............................637599 lines processed
#  chr6
	..............................614573 lines processed
#  chr7
	...........................550870 lines processed
#  chr8
	...........................552562 lines processed
#  chr9
	.....................431226 lines processed
#  chr10
	........................491777 lines processed
#  chr11
	.........................517614 lines processed
#  chr12
	......................452032 lines processed
#  chr13
	.................341695 lines processed
#  chr14
	...............315447 lines processed
#  chr15
	..............284504 lines processed
#  chr16
	...............310607 lines processed
#  chr17
	.............276605 lines processed
#  chr18
	.............277960 lines processed
#  chr19
	..........219302 lines processed
#  chr20
	..........218814 lines processed
#  chr21
	......126411 lines processed
#  chr22
	......136002 lines processed
# - Checking finished in 322.0860s
--------------------------------------------------
# - Number of SNPs loaded: 71957
# Run Elastic net regression
# - Model fitting finised in 3910.9944s
# Total running time of current lipid: 71.0103m
# #################### 13 lipid processed ####################

# Load GWAS SNPs for current lipid: SM-d18:1-22:0--SM-d16:1-24:0-
# Processing lipid: SM-d18:1-22:0--SM-d16:1-24:0-

# Get dosage of GWAS SNPs to include in regression models
# - Checking by chromosome:
#  chr1
	......................................778043 lines processed
#  chr2
	..........................................840486 lines processed
#  chr3
	..................................691092 lines processed
#  chr4
	..................................680225 lines processed
#  chr5
	...............................637331 lines processed
#  chr6
	..............................614443 lines processed
#  chr7
	...........................550870 lines processed
#  chr8
	...........................552519 lines processed
#  chr9
	.....................431202 lines processed
#  chr10
	........................491777 lines processed
#  chr11
	.........................517709 lines processed
#  chr12
	......................452282 lines processed
#  chr13
	.................341695 lines processed
#  chr14
	...............315447 lines processed
#  chr15
	..............284504 lines processed
#  chr16
	...............308274 lines processed
#  chr17
	.............276753 lines processed
#  chr18
	.............277960 lines processed
#  chr19
	..........219302 lines processed
#  chr20
	..........218856 lines processed
#  chr21
	......126411 lines processed
#  chr22
	......136002 lines processed
# - Checking finished in 317.1870s
--------------------------------------------------
# - Number of SNPs loaded: 55302
# Run Elastic net regression
# - Model fitting finised in 2924.2988s
# Total running time of current lipid: 54.3855m
# #################### 14 lipid processed ####################

# Load GWAS SNPs for current lipid: SM-d18:1-23:0--SM-d17:1-24:0-
# Processing lipid: SM-d18:1-23:0--SM-d17:1-24:0-

# Get dosage of GWAS SNPs to include in regression models
# - Checking by chromosome:
#  chr1
	......................................778329 lines processed
#  chr2
	..........................................841677 lines processed
#  chr3
	..................................691122 lines processed
#  chr4
	..................................680225 lines processed
#  chr5
	...............................637599 lines processed
#  chr6
	..............................614193 lines processed
#  chr7
	...........................551006 lines processed
#  chr8
	...........................552609 lines processed
#  chr9
	.....................431226 lines processed
#  chr10
	........................492027 lines processed
#  chr11
	.........................517732 lines processed
#  chr12
	......................451786 lines processed
#  chr13
	.................341182 lines processed
#  chr14
	...............315447 lines processed
#  chr15
	..............284285 lines processed
#  chr16
	...............310364 lines processed
#  chr17
	.............276927 lines processed
#  chr18
	.............277960 lines processed
#  chr19
	..........219302 lines processed
#  chr20
	..........218799 lines processed
#  chr21
	......126706 lines processed
#  chr22
	......135704 lines processed
# - Checking finished in 318.2473s
--------------------------------------------------
# - Number of SNPs loaded: 75901
# Run Elastic net regression
# - Model fitting finised in 4093.5428s
# Total running time of current lipid: 74.0135m
# #################### 15 lipid processed ####################

# Load GWAS SNPs for current lipid: SM-d18:1-24:0-
# Processing lipid: SM-d18:1-24:0-

# Get dosage of GWAS SNPs to include in regression models
# - Checking by chromosome:
#  chr1
	......................................778342 lines processed
#  chr2
	..........................................841677 lines processed
#  chr3
	..................................691216 lines processed
#  chr4
	..................................680253 lines processed
#  chr5
	...............................637331 lines processed
#  chr6
	..............................614333 lines processed
#  chr7
	...........................551079 lines processed
#  chr8
	...........................552609 lines processed
#  chr9
	.....................431202 lines processed
#  chr10
	........................491515 lines processed
#  chr11
	.........................517709 lines processed
#  chr12
	......................452310 lines processed
#  chr13
	.................341695 lines processed
#  chr14
	...............315447 lines processed
#  chr15
	..............284504 lines processed
#  chr16
	...............310464 lines processed
#  chr17
	.............276600 lines processed
#  chr18
	.............277716 lines processed
#  chr19
	..........219434 lines processed
#  chr20
	..........218809 lines processed
#  chr21
	......126530 lines processed
#  chr22
	......135719 lines processed
# - Checking finished in 325.6283s
--------------------------------------------------
# - Number of SNPs loaded: 70420
# Run Elastic net regression
# - Model fitting finised in 3283.1033s
# Total running time of current lipid: 60.5948m
# #################### 16 lipid processed ####################

# Load GWAS SNPs for current lipid: SM-d18:1-24:1-
# Processing lipid: SM-d18:1-24:1-

# Get dosage of GWAS SNPs to include in regression models
# - Checking by chromosome:
#  chr1
	......................................778163 lines processed
#  chr2
	..........................................841564 lines processed
#  chr3
	..................................690691 lines processed
#  chr4
	..................................680278 lines processed
#  chr5
	...............................637404 lines processed
#  chr6
	..............................614443 lines processed
#  chr7
	...........................550839 lines processed
#  chr8
	...........................552641 lines processed
#  chr9
	.....................430961 lines processed
#  chr10
	........................491777 lines processed
#  chr11
	.........................516913 lines processed
#  chr12
	......................451824 lines processed
#  chr13
	.................341182 lines processed
#  chr14
	...............315468 lines processed
#  chr15
	..............284283 lines processed
#  chr16
	...............310087 lines processed
#  chr17
	.............276941 lines processed
#  chr18
	.............277960 lines processed
#  chr19
	..........218711 lines processed
#  chr20
	..........218592 lines processed
#  chr21
	......126694 lines processed
#  chr22
	......136021 lines processed
# - Checking finished in 317.3717s
--------------------------------------------------
# - Number of SNPs loaded: 58714
# Run Elastic net regression
# - Model fitting finised in 2950.7309s
# Total running time of current lipid: 54.8416m
# #################### 17 lipid processed ####################

# Load GWAS SNPs for current lipid: SM-d18:2-14:0-
# Processing lipid: SM-d18:2-14:0-

# Get dosage of GWAS SNPs to include in regression models
# - Checking by chromosome:
#  chr1
	......................................778043 lines processed
#  chr2
	..........................................841310 lines processed
#  chr3
	..................................691151 lines processed
#  chr4
	..................................680225 lines processed
#  chr5
	...............................637678 lines processed
#  chr6
	..............................613922 lines processed
#  chr7
	...........................550839 lines processed
#  chr8
	...........................552609 lines processed
#  chr9
	.....................431202 lines processed
#  chr10
	........................491972 lines processed
#  chr11
	.........................517730 lines processed
#  chr12
	......................452222 lines processed
#  chr13
	.................341439 lines processed
#  chr14
	...............315447 lines processed
#  chr15
	..............284755 lines processed
#  chr16
	...............310194 lines processed
#  chr17
	.............276533 lines processed
#  chr18
	.............277965 lines processed
#  chr19
	..........219302 lines processed
#  chr20
	..........218891 lines processed
#  chr21
	......126693 lines processed
#  chr22
	......135974 lines processed
# - Checking finished in 324.0879s
--------------------------------------------------
# - Number of SNPs loaded: 76732
# Run Elastic net regression
# - Model fitting finised in 3395.0367s
# Total running time of current lipid: 62.4778m
# #################### 18 lipid processed ####################

# Load GWAS SNPs for current lipid: SM-d18:2-16:0-
# Processing lipid: SM-d18:2-16:0-

# Get dosage of GWAS SNPs to include in regression models
# - Checking by chromosome:
#  chr1
	......................................778043 lines processed
#  chr2
	..........................................841310 lines processed
#  chr3
	..................................690602 lines processed
#  chr4
	..................................680225 lines processed
#  chr5
	...............................637331 lines processed
#  chr6
	..............................614042 lines processed
#  chr7
	...........................550839 lines processed
#  chr8
	...........................552577 lines processed
#  chr9
	.....................430996 lines processed
#  chr10
	........................491568 lines processed
#  chr11
	.........................516921 lines processed
#  chr12
	......................452222 lines processed
#  chr13
	.................341439 lines processed
#  chr14
	...............315031 lines processed
#  chr15
	..............284890 lines processed
#  chr16
	...............310433 lines processed
#  chr17
	.............276950 lines processed
#  chr18
	.............277960 lines processed
#  chr19
	..........218711 lines processed
#  chr20
	..........218447 lines processed
#  chr21
	......125470 lines processed
#  chr22
	......135974 lines processed
# - Checking finished in 781.3706s
--------------------------------------------------
# - Number of SNPs loaded: 61995
# Run Elastic net regression
# - Model fitting finised in 2946.6284s
# Total running time of current lipid: 62.5201m
# #################### 19 lipid processed ####################

# Load GWAS SNPs for current lipid: SM-d18:2-17:0-
# Processing lipid: SM-d18:2-17:0-

# Get dosage of GWAS SNPs to include in regression models
# - Checking by chromosome:
#  chr1
	......................................778231 lines processed
#  chr2
	..........................................840960 lines processed
#  chr3
	..................................691131 lines processed
#  chr4
	..................................680225 lines processed
#  chr5
	...............................637331 lines processed
#  chr6
	..............................614287 lines processed
#  chr7
	...........................550839 lines processed
#  chr8
	...........................552623 lines processed
#  chr9
	.....................429504 lines processed
#  chr10
	........................491930 lines processed
#  chr11
	.........................517753 lines processed
#  chr12
	......................452091 lines processed
#  chr13
	.................341608 lines processed
#  chr14
	...............314859 lines processed
#  chr15
	..............284890 lines processed
#  chr16
	...............310742 lines processed
#  chr17
	.............276747 lines processed
#  chr18
	.............277960 lines processed
#  chr19
	..........219197 lines processed
#  chr20
	..........218939 lines processed
#  chr21
	......126738 lines processed
#  chr22
	......135583 lines processed
# - Checking finished in 576.9346s
--------------------------------------------------
# - Number of SNPs loaded: 86645
# Run Elastic net regression
# - Model fitting finised in 4079.0080s
# Total running time of current lipid: 78.1379m
# #################### 20 lipid processed ####################

# Load GWAS SNPs for current lipid: SM-d18:2-18:0-
# Processing lipid: SM-d18:2-18:0-

# Get dosage of GWAS SNPs to include in regression models
# - Checking by chromosome:
#  chr1
	......................................778079 lines processed
#  chr2
	..........................................841578 lines processed
#  chr3
	..................................691152 lines processed
#  chr4
	..................................680225 lines processed
#  chr5
	...............................637331 lines processed
#  chr6
	..............................614290 lines processed
#  chr7
	...........................550839 lines processed
#  chr8
	...........................552623 lines processed
#  chr9
	.....................431163 lines processed
#  chr10
	........................491739 lines processed
#  chr11
	.........................517637 lines processed
#  chr12
	......................451977 lines processed
#  chr13
	.................341608 lines processed
#  chr14
	...............314726 lines processed
#  chr15
	..............284890 lines processed
#  chr16
	...............310607 lines processed
#  chr17
	.............276747 lines processed
#  chr18
	.............277960 lines processed
#  chr19
	..........219178 lines processed
#  chr20
	..........218783 lines processed
#  chr21
	......126534 lines processed
#  chr22
	......136010 lines processed
# - Checking finished in 332.4597s
--------------------------------------------------
# - Number of SNPs loaded: 85066
# Run Elastic net regression
# - Model fitting finised in 4334.1609s
# Total running time of current lipid: 78.3184m
# #################### 21 lipid processed ####################

# Load GWAS SNPs for current lipid: SM-d18:2-18:1-
# Processing lipid: SM-d18:2-18:1-

# Get dosage of GWAS SNPs to include in regression models
# - Checking by chromosome:
#  chr1
	......................................778303 lines processed
#  chr2
	..........................................841573 lines processed
#  chr3
	..................................691214 lines processed
#  chr4
	..................................680225 lines processed
#  chr5
	...............................637532 lines processed
#  chr6
	..............................614517 lines processed
#  chr7
	...........................550839 lines processed
#  chr8
	...........................552623 lines processed
#  chr9
	.....................431240 lines processed
#  chr10
	........................491930 lines processed
#  chr11
	.........................517740 lines processed
#  chr12
	......................452298 lines processed
#  chr13
	.................341608 lines processed
#  chr14
	...............314829 lines processed
#  chr15
	..............284881 lines processed
#  chr16
	...............310113 lines processed
#  chr17
	.............276533 lines processed
#  chr18
	.............277960 lines processed
#  chr19
	..........219425 lines processed
#  chr20
	..........218947 lines processed
#  chr21
	......126534 lines processed
#  chr22
	......135983 lines processed
# - Checking finished in 329.4286s
--------------------------------------------------
# - Number of SNPs loaded: 84835
# Run Elastic net regression
# - Model fitting finised in 3809.9501s
# Total running time of current lipid: 69.5307m
# #################### 22 lipid processed ####################

# Load GWAS SNPs for current lipid: SM-d18:2-20:0-
# Processing lipid: SM-d18:2-20:0-

# Get dosage of GWAS SNPs to include in regression models
# - Checking by chromosome:
#  chr1
	......................................778074 lines processed
#  chr2
	..........................................841310 lines processed
#  chr3
	..................................690597 lines processed
#  chr4
	..................................680225 lines processed
#  chr5
	...............................637331 lines processed
#  chr6
	..............................614042 lines processed
#  chr7
	...........................550839 lines processed
#  chr8
	...........................552623 lines processed
#  chr9
	.....................431202 lines processed
#  chr10
	........................491457 lines processed
#  chr11
	.........................517559 lines processed
#  chr12
	......................451977 lines processed
#  chr13
	.................341608 lines processed
#  chr14
	...............315447 lines processed
#  chr15
	..............284890 lines processed
#  chr16
	...............310546 lines processed
#  chr17
	.............276950 lines processed
#  chr18
	.............277960 lines processed
#  chr19
	..........219302 lines processed
#  chr20
	..........218814 lines processed
#  chr21
	......126534 lines processed
#  chr22
	......136010 lines processed
# - Checking finished in 309.8211s
--------------------------------------------------
# - Number of SNPs loaded: 64154
# Run Elastic net regression
# - Model fitting finised in 2659.6428s
# Total running time of current lipid: 49.8997m
# #################### 23 lipid processed ####################

# Load GWAS SNPs for current lipid: SM-d18:2-22:0-
# Processing lipid: SM-d18:2-22:0-

# Get dosage of GWAS SNPs to include in regression models
# - Checking by chromosome:
#  chr1
	......................................778074 lines processed
#  chr2
	..........................................841153 lines processed
#  chr3
	..................................691216 lines processed
#  chr4
	..................................680253 lines processed
#  chr5
	...............................637331 lines processed
#  chr6
	..............................614133 lines processed
#  chr7
	...........................550870 lines processed
#  chr8
	...........................552623 lines processed
#  chr9
	.....................431202 lines processed
#  chr10
	........................491842 lines processed
#  chr11
	.........................517614 lines processed
#  chr12
	......................452220 lines processed
#  chr13
	.................341627 lines processed
#  chr14
	...............315447 lines processed
#  chr15
	..............284870 lines processed
#  chr16
	...............310464 lines processed
#  chr17
	.............276950 lines processed
#  chr18
	.............277960 lines processed
#  chr19
	..........219302 lines processed
#  chr20
	..........218799 lines processed
#  chr21
	......126534 lines processed
#  chr22
	......135974 lines processed
# - Checking finished in 322.5971s
--------------------------------------------------
# - Number of SNPs loaded: 76755
# Run Elastic net regression
# - Model fitting finised in 3165.9875s
# Total running time of current lipid: 58.6348m
# #################### 24 lipid processed ####################

# Load GWAS SNPs for current lipid: SM-d18:2-23:0-
# Processing lipid: SM-d18:2-23:0-

# Get dosage of GWAS SNPs to include in regression models
# - Checking by chromosome:
#  chr1
	......................................778074 lines processed
#  chr2
	..........................................841310 lines processed
#  chr3
	..................................691210 lines processed
#  chr4
	..................................680225 lines processed
#  chr5
	...............................637437 lines processed
#  chr6
	..............................614494 lines processed
#  chr7
	...........................550839 lines processed
#  chr8
	...........................552623 lines processed
#  chr9
	.....................431202 lines processed
#  chr10
	........................492013 lines processed
#  chr11
	.........................517728 lines processed
#  chr12
	......................452091 lines processed
#  chr13
	.................341608 lines processed
#  chr14
	...............315447 lines processed
#  chr15
	..............284990 lines processed
#  chr16
	...............308035 lines processed
#  chr17
	.............276915 lines processed
#  chr18
	.............277960 lines processed
#  chr19
	..........219302 lines processed
#  chr20
	..........218799 lines processed
#  chr21
	......126648 lines processed
#  chr22
	......135983 lines processed
# - Checking finished in 331.7148s
--------------------------------------------------
# - Number of SNPs loaded: 90777
# Run Elastic net regression
# - Model fitting finised in 3872.1154s
# Total running time of current lipid: 70.6484m
# #################### 25 lipid processed ####################

# Load GWAS SNPs for current lipid: SM-d18:2-24:0-
# Processing lipid: SM-d18:2-24:0-

# Get dosage of GWAS SNPs to include in regression models
# - Checking by chromosome:
#  chr1
	......................................778043 lines processed
#  chr2
	..........................................841736 lines processed
#  chr3
	..................................691214 lines processed
#  chr4
	..................................680225 lines processed
#  chr5
	...............................637331 lines processed
#  chr6
	..............................614333 lines processed
#  chr7
	...........................550870 lines processed
#  chr8
	...........................552609 lines processed
#  chr9
	.....................431027 lines processed
#  chr10
	........................490975 lines processed
#  chr11
	.........................517614 lines processed
#  chr12
	......................451941 lines processed
#  chr13
	.................341777 lines processed
#  chr14
	...............315442 lines processed
#  chr15
	..............285042 lines processed
#  chr16
	...............310591 lines processed
#  chr17
	.............276950 lines processed
#  chr18
	.............277960 lines processed
#  chr19
	..........218711 lines processed
#  chr20
	..........218447 lines processed
#  chr21
	......125350 lines processed
#  chr22
	......135771 lines processed
# - Checking finished in 589.3628s
--------------------------------------------------
# - Number of SNPs loaded: 47399
# Run Elastic net regression
# - Model fitting finised in 2381.2896s
# Total running time of current lipid: 49.8190m
# #################### 26 lipid processed ####################

# Load GWAS SNPs for current lipid: SM-d19:1-24:1-
# Processing lipid: SM-d19:1-24:1-

# Get dosage of GWAS SNPs to include in regression models
# - Checking by chromosome:
#  chr1
	......................................778244 lines processed
#  chr2
	..........................................841736 lines processed
#  chr3
	..................................690768 lines processed
#  chr4
	..................................680103 lines processed
#  chr5
	...............................637656 lines processed
#  chr6
	..............................614638 lines processed
#  chr7
	...........................550966 lines processed
#  chr8
	...........................552621 lines processed
#  chr9
	.....................431027 lines processed
#  chr10
	........................491960 lines processed
#  chr11
	.........................516873 lines processed
#  chr12
	......................452226 lines processed
#  chr13
	.................341777 lines processed
#  chr14
	...............313649 lines processed
#  chr15
	..............284732 lines processed
#  chr16
	...............310591 lines processed
#  chr17
	.............276927 lines processed
#  chr18
	.............277934 lines processed
#  chr19
	..........219422 lines processed
#  chr20
	..........218726 lines processed
#  chr21
	......126367 lines processed
#  chr22
	......135992 lines processed
# - Checking finished in 569.6581s
--------------------------------------------------
# - Number of SNPs loaded: 56438
# Run Elastic net regression
# - Model fitting finised in 2078.3638s
# Total running time of current lipid: 44.4996m
# #################### 27 lipid processed ####################

# Load GWAS SNPs for current lipid: PA-34:1-
# Processing lipid: PA-34:1-

# Get dosage of GWAS SNPs to include in regression models
# - Checking by chromosome:
#  chr1
	......................................778336 lines processed
#  chr2
	..........................................841719 lines processed
#  chr3
	..................................691114 lines processed
#  chr4
	..................................680216 lines processed
#  chr5
	...............................637644 lines processed
#  chr6
	..............................614275 lines processed
#  chr7
	...........................550668 lines processed
#  chr8
	...........................552619 lines processed
#  chr9
	.....................431171 lines processed
#  chr10
	........................491985 lines processed
#  chr11
	.........................517685 lines processed
#  chr12
	......................452309 lines processed
#  chr13
	.................341578 lines processed
#  chr14
	...............314688 lines processed
#  chr15
	..............284504 lines processed
#  chr16
	...............310584 lines processed
#  chr17
	.............276845 lines processed
#  chr18
	.............277620 lines processed
#  chr19
	..........219427 lines processed
#  chr20
	..........218788 lines processed
#  chr21
	......126602 lines processed
#  chr22
	......135661 lines processed
# - Checking finished in 381.7368s
--------------------------------------------------
# - Number of SNPs loaded: 48967
# Run Elastic net regression
# - Model fitting finised in 2441.0136s
# Total running time of current lipid: 47.3526m
# #################### 28 lipid processed ####################

# Load GWAS SNPs for current lipid: PA-36:1-
# Processing lipid: PA-36:1-

# Get dosage of GWAS SNPs to include in regression models
# - Checking by chromosome:
#  chr1
	......................................777302 lines processed
#  chr2
	..........................................840980 lines processed
#  chr3
	..................................690751 lines processed
#  chr4
	..................................680216 lines processed
#  chr5
	...............................637576 lines processed
#  chr6
	..............................614665 lines processed
#  chr7
	...........................550728 lines processed
#  chr8
	...........................551010 lines processed
#  chr9
	.....................431171 lines processed
#  chr10
	........................491985 lines processed
#  chr11
	.........................517684 lines processed
#  chr12
	......................451081 lines processed
#  chr13
	.................341575 lines processed
#  chr14
	...............315456 lines processed
#  chr15
	..............284725 lines processed
#  chr16
	...............310584 lines processed
#  chr17
	.............276753 lines processed
#  chr18
	.............277961 lines processed
#  chr19
	..........218149 lines processed
#  chr20
	..........218715 lines processed
#  chr21
	......126602 lines processed
#  chr22
	......135780 lines processed
# - Checking finished in 517.5630s
--------------------------------------------------
# - Number of SNPs loaded: 57082
# Run Elastic net regression
# - Model fitting finised in 2506.0589s
# Total running time of current lipid: 50.7595m
# #################### 29 lipid processed ####################

# Load GWAS SNPs for current lipid: PA-36:2-
# Processing lipid: PA-36:2-

# Get dosage of GWAS SNPs to include in regression models
# - Checking by chromosome:
#  chr1
	......................................778246 lines processed
#  chr2
	..........................................841679 lines processed
#  chr3
	..................................690719 lines processed
#  chr4
	..................................680216 lines processed
#  chr5
	...............................636708 lines processed
#  chr6
	..............................614275 lines processed
#  chr7
	...........................551048 lines processed
#  chr8
	...........................551533 lines processed
#  chr9
	.....................431177 lines processed
#  chr10
	........................491999 lines processed
#  chr11
	.........................516358 lines processed
#  chr12
	......................451920 lines processed
#  chr13
	.................341764 lines processed
#  chr14
	...............315417 lines processed
#  chr15
	..............285027 lines processed
#  chr16
	...............310584 lines processed
#  chr17
	.............276899 lines processed
#  chr18
	.............277701 lines processed
#  chr19
	..........219427 lines processed
#  chr20
	..........218629 lines processed
#  chr21
	......126602 lines processed
#  chr22
	......135258 lines processed
# - Checking finished in 485.2161s
--------------------------------------------------
# - Number of SNPs loaded: 55821
# Run Elastic net regression
# - Model fitting finised in 2683.8571s
# Total running time of current lipid: 53.1643m
# #################### 30 lipid processed ####################

# Load GWAS SNPs for current lipid: PA-36:3-
# Processing lipid: PA-36:3-

# Get dosage of GWAS SNPs to include in regression models
# - Checking by chromosome:
#  chr1
	......................................775381 lines processed
#  chr2
	..........................................841485 lines processed
#  chr3
	..................................690023 lines processed
#  chr4
	..................................680216 lines processed
#  chr5
	...............................637681 lines processed
#  chr6
	..............................614275 lines processed
#  chr7
	...........................548449 lines processed
#  chr8
	...........................550720 lines processed
#  chr9
	.....................431171 lines processed
#  chr10
	........................491994 lines processed
#  chr11
	.........................517691 lines processed
#  chr12
	......................451553 lines processed
#  chr13
	.................341575 lines processed
#  chr14
	...............315287 lines processed
#  chr15
	..............284682 lines processed
#  chr16
	...............310613 lines processed
#  chr17
	.............276867 lines processed
#  chr18
	.............277338 lines processed
#  chr19
	..........219427 lines processed
#  chr20
	..........216530 lines processed
#  chr21
	......126602 lines processed
#  chr22
	......135861 lines processed
# - Checking finished in 491.2368s
--------------------------------------------------
# - Number of SNPs loaded: 46070
# Run Elastic net regression
# - Model fitting finised in 2353.0883s
# Total running time of current lipid: 47.6954m
# #################### 31 lipid processed ####################

# Load GWAS SNPs for current lipid: PA-36:4-
# Processing lipid: PA-36:4-

# Get dosage of GWAS SNPs to include in regression models
# - Checking by chromosome:
#  chr1
	......................................777302 lines processed
#  chr2
	..........................................841363 lines processed
#  chr3
	..................................690023 lines processed
#  chr4
	..................................680216 lines processed
#  chr5
	...............................637663 lines processed
#  chr6
	..............................614639 lines processed
#  chr7
	...........................550726 lines processed
#  chr8
	...........................552242 lines processed
#  chr9
	.....................431171 lines processed
#  chr10
	........................491985 lines processed
#  chr11
	.........................517273 lines processed
#  chr12
	......................451807 lines processed
#  chr13
	.................341732 lines processed
#  chr14
	...............315456 lines processed
#  chr15
	..............284504 lines processed
#  chr16
	...............310584 lines processed
#  chr17
	.............276885 lines processed
#  chr18
	.............278015 lines processed
#  chr19
	..........219427 lines processed
#  chr20
	..........218890 lines processed
#  chr21
	......126747 lines processed
#  chr22
	......135894 lines processed
# - Checking finished in 566.2627s
--------------------------------------------------
# - Number of SNPs loaded: 52151
# Run Elastic net regression
# - Model fitting finised in 2429.0654s
# Total running time of current lipid: 50.2567m
# #################### 32 lipid processed ####################

# Load GWAS SNPs for current lipid: PC-14:0
# Processing lipid: PC-14:0

# Get dosage of GWAS SNPs to include in regression models
# - Checking by chromosome:
#  chr1
	......................................778269 lines processed
#  chr2
	..........................................841396 lines processed
#  chr3
	..................................691139 lines processed
#  chr4
	..................................680153 lines processed
#  chr5
	...............................637448 lines processed
#  chr6
	..............................614557 lines processed
#  chr7
	...........................551013 lines processed
#  chr8
	...........................552329 lines processed
#  chr9
	.....................430306 lines processed
#  chr10
	........................491709 lines processed
#  chr11
	.........................517610 lines processed
#  chr12
	......................452050 lines processed
#  chr13
	.................341613 lines processed
#  chr14
	...............315458 lines processed
#  chr15
	..............284656 lines processed
#  chr16
	...............310043 lines processed
#  chr17
	.............276605 lines processed
#  chr18
	.............277933 lines processed
#  chr19
	..........218791 lines processed
#  chr20
	..........218661 lines processed
#  chr21
	......126367 lines processed
#  chr22
	......135687 lines processed
# - Checking finished in 316.0860s
--------------------------------------------------
# - Number of SNPs loaded: 62217
# Run Elastic net regression
# - Model fitting finised in 3015.1936s
# Total running time of current lipid: 55.9232m
# #################### 33 lipid processed ####################

# Load GWAS SNPs for current lipid: PC-14:0
# Processing lipid: PC-14:0

# Get dosage of GWAS SNPs to include in regression models
# - Checking by chromosome:
#  chr1
	......................................777720 lines processed
#  chr2
	..........................................841531 lines processed
#  chr3
	..................................690602 lines processed
#  chr4
	.................................679666 lines processed
#  chr5
	...............................637233 lines processed
#  chr6
	..............................614557 lines processed
#  chr7
	...........................550568 lines processed
#  chr8
	...........................552527 lines processed
#  chr9
	.....................431202 lines processed
#  chr10
	........................491709 lines processed
#  chr11
	.........................517371 lines processed
#  chr12
	......................452244 lines processed
#  chr13
	.................341613 lines processed
#  chr14
	...............315447 lines processed
#  chr15
	..............284927 lines processed
#  chr16
	...............310665 lines processed
#  chr17
	.............276933 lines processed
#  chr18
	.............277775 lines processed
#  chr19
	..........219302 lines processed
#  chr20
	..........218631 lines processed
#  chr21
	......126411 lines processed
#  chr22
	......135520 lines processed
# - Checking finished in 553.6909s
--------------------------------------------------
# - Number of SNPs loaded: 66822
# Run Elastic net regression
# - Model fitting finised in 2798.3982s
# Total running time of current lipid: 56.3006m
# #################### 34 lipid processed ####################

# Load GWAS SNPs for current lipid: PC-14:0
# Processing lipid: PC-14:0

# Get dosage of GWAS SNPs to include in regression models
# - Checking by chromosome:
#  chr1
	......................................778345 lines processed
#  chr2
	..........................................841531 lines processed
#  chr3
	..................................690430 lines processed
#  chr4
	.................................679661 lines processed
#  chr5
	...............................637687 lines processed
#  chr6
	..............................614557 lines processed
#  chr7
	...........................550518 lines processed
#  chr8
	...........................552336 lines processed
#  chr9
	.....................431202 lines processed
#  chr10
	........................492018 lines processed
#  chr11
	.........................517752 lines processed
#  chr12
	......................451067 lines processed
#  chr13
	.................341623 lines processed
#  chr14
	...............315447 lines processed
#  chr15
	..............284984 lines processed
#  chr16
	...............310718 lines processed
#  chr17
	.............276062 lines processed
#  chr18
	.............278067 lines processed
#  chr19
	..........219302 lines processed
#  chr20
	..........218688 lines processed
#  chr21
	......126570 lines processed
#  chr22
	......135744 lines processed
# - Checking finished in 319.1696s
--------------------------------------------------
# - Number of SNPs loaded: 66922
# Run Elastic net regression
# - Model fitting finised in 3071.6559s
# Total running time of current lipid: 56.9437m
# #################### 35 lipid processed ####################

# Load GWAS SNPs for current lipid: PC-15-MHDA
# Processing lipid: PC-15-MHDA

# Get dosage of GWAS SNPs to include in regression models
# - Checking by chromosome:
#  chr1
	......................................777973 lines processed
#  chr2
	..........................................841388 lines processed
#  chr3
	..................................691127 lines processed
#  chr4
	.................................679773 lines processed
#  chr5
	...............................637315 lines processed
#  chr6
	..............................614297 lines processed
#  chr7
	...........................549540 lines processed
#  chr8
	...........................552589 lines processed
#  chr9
	.....................429336 lines processed
#  chr10
	........................491855 lines processed
#  chr11
	.........................517740 lines processed
#  chr12
	......................451190 lines processed
#  chr13
	.................340926 lines processed
#  chr14
	...............314829 lines processed
#  chr15
	..............283184 lines processed
#  chr16
	...............309007 lines processed
#  chr17
	.............276350 lines processed
#  chr18
	.............277771 lines processed
#  chr19
	..........219430 lines processed
#  chr20
	..........218939 lines processed
#  chr21
	......126367 lines processed
#  chr22
	......135992 lines processed
# - Checking finished in 296.2933s
--------------------------------------------------
# - Number of SNPs loaded: 32769
# Run Elastic net regression
# - Model fitting finised in 2032.6023s
# Total running time of current lipid: 39.0310m
# #################### 36 lipid processed ####################

# Load GWAS SNPs for current lipid: PC-15-MHDA
# Processing lipid: PC-15-MHDA

# Get dosage of GWAS SNPs to include in regression models
# - Checking by chromosome:
#  chr1
	......................................777973 lines processed
#  chr2
	..........................................841608 lines processed
#  chr3
	..................................691122 lines processed
#  chr4
	.................................678667 lines processed
#  chr5
	...............................637233 lines processed
#  chr6
	..............................614555 lines processed
#  chr7
	...........................550094 lines processed
#  chr8
	...........................552235 lines processed
#  chr9
	.....................430834 lines processed
#  chr10
	........................491855 lines processed
#  chr11
	.........................517740 lines processed
#  chr12
	......................451424 lines processed
#  chr13
	.................340227 lines processed
#  chr14
	...............314829 lines processed
#  chr15
	..............283837 lines processed
#  chr16
	...............310743 lines processed
#  chr17
	.............276817 lines processed
#  chr18
	.............277960 lines processed
#  chr19
	..........219021 lines processed
#  chr20
	..........218939 lines processed
#  chr21
	......126367 lines processed
#  chr22
	......135802 lines processed
# - Checking finished in 300.9471s
--------------------------------------------------
# - Number of SNPs loaded: 37164
# Run Elastic net regression
# - Model fitting finised in 1611.1235s
# Total running time of current lipid: 32.1094m
# #################### 37 lipid processed ####################

# Load GWAS SNPs for current lipid: PC-15-MHDA
# Processing lipid: PC-15-MHDA

# Get dosage of GWAS SNPs to include in regression models
# - Checking by chromosome:
#  chr1
	......................................778074 lines processed
#  chr2
	..........................................841608 lines processed
#  chr3
	..................................691205 lines processed
#  chr4
	.................................679750 lines processed
#  chr5
	...............................637599 lines processed
#  chr6
	..............................614225 lines processed
#  chr7
	...........................550723 lines processed
#  chr8
	...........................552623 lines processed
#  chr9
	.....................431226 lines processed
#  chr10
	........................491594 lines processed
#  chr11
	.........................517696 lines processed
#  chr12
	......................451977 lines processed
#  chr13
	.................341608 lines processed
#  chr14
	...............314931 lines processed
#  chr15
	..............285003 lines processed
#  chr16
	...............310211 lines processed
#  chr17
	.............276760 lines processed
#  chr18
	.............277960 lines processed
#  chr19
	..........219430 lines processed
#  chr20
	..........218783 lines processed
#  chr21
	......126534 lines processed
#  chr22
	......135732 lines processed
# - Checking finished in 320.9047s
--------------------------------------------------
# - Number of SNPs loaded: 75233
# Run Elastic net regression
# - Model fitting finised in 2912.1198s
# Total running time of current lipid: 54.3662m
# #################### 38 lipid processed ####################

# Load GWAS SNPs for current lipid: PC-15-MHDA
# Processing lipid: PC-15-MHDA

# Get dosage of GWAS SNPs to include in regression models
# - Checking by chromosome:
#  chr1
	......................................778231 lines processed
#  chr2
	..........................................841646 lines processed
#  chr3
	..................................691216 lines processed
#  chr4
	..................................680253 lines processed
#  chr5
	...............................637687 lines processed
#  chr6
	..............................614133 lines processed
#  chr7
	...........................551055 lines processed
#  chr8
	...........................552623 lines processed
#  chr9
	.....................431234 lines processed
#  chr10
	........................490766 lines processed
#  chr11
	.........................517699 lines processed
#  chr12
	......................452261 lines processed
#  chr13
	.................341627 lines processed
#  chr14
	...............315473 lines processed
#  chr15
	..............284993 lines processed
#  chr16
	...............310464 lines processed
#  chr17
	.............276955 lines processed
#  chr18
	.............277959 lines processed
#  chr19
	..........219197 lines processed
#  chr20
	..........218814 lines processed
#  chr21
	......126632 lines processed
#  chr22
	......135988 lines processed
# - Checking finished in 578.1804s
--------------------------------------------------
# - Number of SNPs loaded: 80656
# Run Elastic net regression
# - Model fitting finised in 3583.3587s
# Total running time of current lipid: 69.8700m
# #################### 39 lipid processed ####################
[01;32mwanying@vgipiper04[00m:[01;34m~/CCHC/lipidomics/prediction_models/code[00m$ [K[01;32mwanying@vgipiper04[00m:[01;34m~/CCHC/lipidomics/prediction_models/code[00m$ 