[01;32mwanying@vgipiper03[00m:[01;34m~/CCHC/lipidomics/prediction_models/code[00m$ OMP_NUM_THREADS=1 python 01_elastic_net_sklearn_model.py --output lipid_species_l1_0.5_573-617_100alphaCV.txt --output_dir /data100t1/home/wanying/CCHC/lipidomics/prediction_models/elastic_net/training/model_params/100alphas --lipid_range 573 --range_window 45 --n_alphas 100

# Run starts: 2023-04-26
# Output file is /data100t1/home/wanying/CCHC/lipidomics/prediction_models/elastic_net/training/model_params/100alphas/lipid_species_l1_0.5_573-617_100alphaCV.txt.20230426_01:58:40
# Cross validation on 100 alphas
# Run lipids from index 573 to 617
# Load lipidomic data (lipid species)
# - data loaded from lipid_species_residuals_adj_for_sex_age_pc1-5.txt.reformatted: shape (1607, 831)

# Load genotype IDs for matching (only need to read the first line of dosage file)
# - Organize sample IDs so that their orders match in lipidomics data and dosage file
# - Final processed lipidomic data: 1607

# Load GWAS SNPs for current lipid: CE-20:5-
# Processing lipid: CE-20:5-

# Get dosage of GWAS SNPs to include in regression models
# - Checking by chromosome:
#  chr1
	......................................778345 lines processed
#  chr2
	.........................................839881 lines processed
#  chr3
	..................................690328 lines processed
#  chr4
	..................................680202 lines processed
#  chr5
	...............................637492 lines processed
#  chr6
	..............................614535 lines processed
#  chr7
	...........................550925 lines processed
#  chr8
	...........................550742 lines processed
#  chr9
	.....................430945 lines processed
#  chr10
	........................492077 lines processed
#  chr11
	.........................517750 lines processed
#  chr12
	......................452239 lines processed
#  chr13
	.................340131 lines processed
#  chr14
	...............315228 lines processed
#  chr15
	..............285033 lines processed
#  chr16
	...............309748 lines processed
#  chr17
	.............276504 lines processed
#  chr18
	.............277535 lines processed
#  chr19
	..........219427 lines processed
#  chr20
	..........218300 lines processed
#  chr21
	......126672 lines processed
#  chr22
	......135411 lines processed
# - Checking finished in 763.1329s
--------------------------------------------------
# - Number of SNPs loaded: 51777
# Run Elastic net regression
# - Model fitting finised in 5484.4967s
# Total running time of current lipid: 104.6979m
# #################### 1 lipid processed ####################

# Load GWAS SNPs for current lipid: CE-22:0-
# Processing lipid: CE-22:0-

# Get dosage of GWAS SNPs to include in regression models
# - Checking by chromosome:
#  chr1
	......................................776646 lines processed
#  chr2
	..........................................841706 lines processed
#  chr3
	..................................691207 lines processed
#  chr4
	.................................679868 lines processed
#  chr5
	...............................637421 lines processed
#  chr6
	..............................613995 lines processed
#  chr7
	...........................550703 lines processed
#  chr8
	...........................552590 lines processed
#  chr9
	.....................431196 lines processed
#  chr10
	........................492029 lines processed
#  chr11
	.........................517709 lines processed
#  chr12
	......................452205 lines processed
#  chr13
	.................341279 lines processed
#  chr14
	...............315297 lines processed
#  chr15
	..............284341 lines processed
#  chr16
	...............310745 lines processed
#  chr17
	.............276403 lines processed
#  chr18
	.............277957 lines processed
#  chr19
	..........218360 lines processed
#  chr20
	..........218945 lines processed
#  chr21
	......126668 lines processed
#  chr22
	......135867 lines processed
# - Checking finished in 750.0129s
--------------------------------------------------
# - Number of SNPs loaded: 64676
# Run Elastic net regression
# - Model fitting finised in 8566.9066s
# Total running time of current lipid: 156.2944m
# #################### 2 lipid processed ####################

# Load GWAS SNPs for current lipid: CE-22:1-
# Processing lipid: CE-22:1-

# Get dosage of GWAS SNPs to include in regression models
# - Checking by chromosome:
#  chr1
	......................................778325 lines processed
#  chr2
	..........................................841647 lines processed
#  chr3
	..................................691214 lines processed
#  chr4
	..................................680225 lines processed
#  chr5
	...............................637331 lines processed
#  chr6
	..............................614294 lines processed
#  chr7
	...........................551013 lines processed
#  chr8
	...........................552437 lines processed
#  chr9
	.....................431212 lines processed
#  chr10
	........................491984 lines processed
#  chr11
	.........................517674 lines processed
#  chr12
	......................452050 lines processed
#  chr13
	.................341182 lines processed
#  chr14
	...............315453 lines processed
#  chr15
	..............284341 lines processed
#  chr16
	...............310043 lines processed
#  chr17
	.............276701 lines processed
#  chr18
	.............277804 lines processed
#  chr19
	..........219346 lines processed
#  chr20
	..........217897 lines processed
#  chr21
	......126367 lines processed
#  chr22
	......136014 lines processed
# - Checking finished in 716.7369s
--------------------------------------------------
# - Number of SNPs loaded: 53487
# Run Elastic net regression
# - Model fitting finised in 6622.8605s
# Total running time of current lipid: 123.1733m
# #################### 3 lipid processed ####################

# Load GWAS SNPs for current lipid: CE-22:4-
# Processing lipid: CE-22:4-

# Get dosage of GWAS SNPs to include in regression models
# - Checking by chromosome:
#  chr1
	......................................778309 lines processed
#  chr2
	..........................................841350 lines processed
#  chr3
	..................................689777 lines processed
#  chr4
	..................................680202 lines processed
#  chr5
	...............................636862 lines processed
#  chr6
	..............................614522 lines processed
#  chr7
	...........................551074 lines processed
#  chr8
	...........................552335 lines processed
#  chr9
	.....................430749 lines processed
#  chr10
	........................492055 lines processed
#  chr11
	.........................517454 lines processed
#  chr12
	......................452144 lines processed
#  chr13
	.................340651 lines processed
#  chr14
	...............315461 lines processed
#  chr15
	..............284284 lines processed
#  chr16
	...............310113 lines processed
#  chr17
	.............276529 lines processed
#  chr18
	.............277801 lines processed
#  chr19
	..........218967 lines processed
#  chr20
	..........218958 lines processed
#  chr21
	......125870 lines processed
#  chr22
	......135858 lines processed
# - Checking finished in 664.7541s
--------------------------------------------------
# - Number of SNPs loaded: 55801
# Run Elastic net regression
# - Model fitting finised in 4446.4151s
# Total running time of current lipid: 86.0261m
# #################### 4 lipid processed ####################

# Load GWAS SNPs for current lipid: CE-22:5-
# Processing lipid: CE-22:5-

# Get dosage of GWAS SNPs to include in regression models
# - Checking by chromosome:
#  chr1
	......................................778350 lines processed
#  chr2
	..........................................841585 lines processed
#  chr3
	..................................690762 lines processed
#  chr4
	.................................679643 lines processed
#  chr5
	...............................637589 lines processed
#  chr6
	..............................614616 lines processed
#  chr7
	...........................550435 lines processed
#  chr8
	...........................552336 lines processed
#  chr9
	.....................431202 lines processed
#  chr10
	........................492055 lines processed
#  chr11
	.........................517660 lines processed
#  chr12
	......................452144 lines processed
#  chr13
	.................340905 lines processed
#  chr14
	...............315461 lines processed
#  chr15
	..............285029 lines processed
#  chr16
	...............310586 lines processed
#  chr17
	.............276951 lines processed
#  chr18
	.............277270 lines processed
#  chr19
	..........219302 lines processed
#  chr20
	..........218958 lines processed
#  chr21
	......126638 lines processed
#  chr22
	......135200 lines processed
# - Checking finished in 661.5658s
--------------------------------------------------
# - Number of SNPs loaded: 77858
# Run Elastic net regression
# - Model fitting finised in 6445.7952s
# Total running time of current lipid: 119.5315m
# #################### 5 lipid processed ####################

# Load GWAS SNPs for current lipid: CE-22:6-
# Processing lipid: CE-22:6-

# Get dosage of GWAS SNPs to include in regression models
# - Checking by chromosome:
#  chr1
	......................................778260 lines processed
#  chr2
	..........................................841283 lines processed
#  chr3
	..................................690323 lines processed
#  chr4
	.................................679631 lines processed
#  chr5
	...............................637597 lines processed
#  chr6
	..............................613395 lines processed
#  chr7
	...........................551055 lines processed
#  chr8
	...........................552623 lines processed
#  chr9
	.....................429504 lines processed
#  chr10
	........................492035 lines processed
#  chr11
	.........................517660 lines processed
#  chr12
	......................452122 lines processed
#  chr13
	.................341608 lines processed
#  chr14
	...............314951 lines processed
#  chr15
	..............285014 lines processed
#  chr16
	...............308414 lines processed
#  chr17
	.............270877 lines processed
#  chr18
	.............277973 lines processed
#  chr19
	..........219178 lines processed
#  chr20
	..........218947 lines processed
#  chr21
	......126701 lines processed
#  chr22
	......135536 lines processed
# - Checking finished in 609.5857s
--------------------------------------------------
# - Number of SNPs loaded: 45348
# Run Elastic net regression
# - Model fitting finised in 3674.4950s
# Total running time of current lipid: 72.0163m
# #################### 6 lipid processed ####################

# Load GWAS SNPs for current lipid: CE-24:0-
# Processing lipid: CE-24:0-

# Get dosage of GWAS SNPs to include in regression models
# - Checking by chromosome:
#  chr1
	......................................778079 lines processed
#  chr2
	..........................................841490 lines processed
#  chr3
	..................................691207 lines processed
#  chr4
	.................................679868 lines processed
#  chr5
	...............................637421 lines processed
#  chr6
	..............................614290 lines processed
#  chr7
	...........................550703 lines processed
#  chr8
	...........................552437 lines processed
#  chr9
	.....................431163 lines processed
#  chr10
	........................492029 lines processed
#  chr11
	.........................517674 lines processed
#  chr12
	......................452205 lines processed
#  chr13
	.................341279 lines processed
#  chr14
	...............314976 lines processed
#  chr15
	..............284535 lines processed
#  chr16
	...............310745 lines processed
#  chr17
	.............276522 lines processed
#  chr18
	.............277957 lines processed
#  chr19
	..........218578 lines processed
#  chr20
	..........218945 lines processed
#  chr21
	......126618 lines processed
#  chr22
	......135867 lines processed
# - Checking finished in 631.7247s
--------------------------------------------------
# - Number of SNPs loaded: 70920
# Run Elastic net regression
# - Model fitting finised in 7530.9081s
# Total running time of current lipid: 137.0827m
# #################### 7 lipid processed ####################

# Load GWAS SNPs for current lipid: CE-24:1-
# Processing lipid: CE-24:1-

# Get dosage of GWAS SNPs to include in regression models
# - Checking by chromosome:
#  chr1
	......................................778275 lines processed
#  chr2
	..........................................841647 lines processed
#  chr3
	..................................691214 lines processed
#  chr4
	..................................680248 lines processed
#  chr5
	...............................637216 lines processed
#  chr6
	..............................614360 lines processed
#  chr7
	...........................551013 lines processed
#  chr8
	...........................552263 lines processed
#  chr9
	.....................431212 lines processed
#  chr10
	........................491739 lines processed
#  chr11
	.........................517674 lines processed
#  chr12
	......................452050 lines processed
#  chr13
	................339886 lines processed
#  chr14
	...............315453 lines processed
#  chr15
	..............284535 lines processed
#  chr16
	...............310043 lines processed
#  chr17
	.............276346 lines processed
#  chr18
	.............277705 lines processed
#  chr19
	..........219346 lines processed
#  chr20
	..........218945 lines processed
#  chr21
	......126393 lines processed
#  chr22
	......135949 lines processed
# - Checking finished in 510.1528s
--------------------------------------------------
# - Number of SNPs loaded: 53399
# Run Elastic net regression
# - Model fitting finised in 4182.1729s
# Total running time of current lipid: 78.6607m
# #################### 8 lipid processed ####################

# Load GWAS SNPs for current lipid: CE-24:4-
# Processing lipid: CE-24:4-

# Get dosage of GWAS SNPs to include in regression models
# - Checking by chromosome:
#  chr1
	......................................778298 lines processed
#  chr2
	..........................................840077 lines processed
#  chr3
	..................................690936 lines processed
#  chr4
	.................................679397 lines processed
#  chr5
	...............................637194 lines processed
#  chr6
	..............................614382 lines processed
#  chr7
	...........................551013 lines processed
#  chr8
	...........................552052 lines processed
#  chr9
	.....................428878 lines processed
#  chr10
	........................492064 lines processed
#  chr11
	.........................517610 lines processed
#  chr12
	......................452050 lines processed
#  chr13
	.................340350 lines processed
#  chr14
	...............315453 lines processed
#  chr15
	..............284938 lines processed
#  chr16
	...............310043 lines processed
#  chr17
	.............276907 lines processed
#  chr18
	.............277960 lines processed
#  chr19
	..........218903 lines processed
#  chr20
	..........218648 lines processed
#  chr21
	......126367 lines processed
#  chr22
	......135805 lines processed
# - Checking finished in 779.9531s
--------------------------------------------------
# - Number of SNPs loaded: 38192
# Run Elastic net regression
# - Model fitting finised in 3677.3810s
# Total running time of current lipid: 75.0615m
# #################### 9 lipid processed ####################

# Load GWAS SNPs for current lipid: CE-24:5-
# Processing lipid: CE-24:5-

# Get dosage of GWAS SNPs to include in regression models
# - Checking by chromosome:
#  chr1
	......................................772667 lines processed
#  chr2
	..........................................841715 lines processed
#  chr3
	..................................689142 lines processed
#  chr4
	..................................680151 lines processed
#  chr5
	...............................637409 lines processed
#  chr6
	..............................614294 lines processed
#  chr7
	...........................551013 lines processed
#  chr8
	...........................552363 lines processed
#  chr9
	.....................431135 lines processed
#  chr10
	........................489440 lines processed
#  chr11
	.........................517610 lines processed
#  chr12
	......................452050 lines processed
#  chr13
	.................341602 lines processed
#  chr14
	...............315453 lines processed
#  chr15
	..............284787 lines processed
#  chr16
	...............310043 lines processed
#  chr17
	.............276807 lines processed
#  chr18
	.............278018 lines processed
#  chr19
	..........219024 lines processed
#  chr20
	..........217981 lines processed
#  chr21
	......126524 lines processed
#  chr22
	......135805 lines processed
# - Checking finished in 839.8407s
--------------------------------------------------
# - Number of SNPs loaded: 46871
# Run Elastic net regression
# - Model fitting finised in 4339.7159s
# Total running time of current lipid: 87.2919m
# #################### 10 lipid processed ####################

# Load GWAS SNPs for current lipid: CE-24:6-
# Processing lipid: CE-24:6-

# Get dosage of GWAS SNPs to include in regression models
# - Checking by chromosome:
#  chr1
	......................................778309 lines processed
#  chr2
	..........................................841026 lines processed
#  chr3
	..................................691189 lines processed
#  chr4
	..................................680215 lines processed
#  chr5
	...............................636893 lines processed
#  chr6
	..............................614522 lines processed
#  chr7
	...........................550495 lines processed
#  chr8
	...........................551916 lines processed
#  chr9
	.....................431224 lines processed
#  chr10
	........................492055 lines processed
#  chr11
	.........................517710 lines processed
#  chr12
	......................452214 lines processed
#  chr13
	.................341442 lines processed
#  chr14
	...............315461 lines processed
#  chr15
	..............285007 lines processed
#  chr16
	...............310146 lines processed
#  chr17
	.............276442 lines processed
#  chr18
	.............277392 lines processed
#  chr19
	..........219346 lines processed
#  chr20
	..........218958 lines processed
#  chr21
	......126459 lines processed
#  chr22
	......135935 lines processed
# - Checking finished in 893.4661s
--------------------------------------------------
# - Number of SNPs loaded: 59921
# Run Elastic net regression
# - Model fitting finised in 4841.1305s
# Total running time of current lipid: 96.7928m
# #################### 11 lipid processed ####################

# Load GWAS SNPs for current lipid: COH
# Processing lipid: COH

# Get dosage of GWAS SNPs to include in regression models
# - Checking by chromosome:
#  chr1
	......................................778043 lines processed
#  chr2
	..........................................841647 lines processed
#  chr3
	..................................691128 lines processed
#  chr4
	..................................680225 lines processed
#  chr5
	...............................637331 lines processed
#  chr6
	..............................614309 lines processed
#  chr7
	...........................550839 lines processed
#  chr8
	...........................552527 lines processed
#  chr9
	.....................430453 lines processed
#  chr10
	........................491299 lines processed
#  chr11
	.........................516672 lines processed
#  chr12
	......................452310 lines processed
#  chr13
	.................341182 lines processed
#  chr14
	...............315123 lines processed
#  chr15
	..............284914 lines processed
#  chr16
	...............310686 lines processed
#  chr17
	.............276533 lines processed
#  chr18
	.............277960 lines processed
#  chr19
	..........219427 lines processed
#  chr20
	..........218962 lines processed
#  chr21
	......126735 lines processed
#  chr22
	......135836 lines processed
# - Checking finished in 622.8476s
--------------------------------------------------
# - Number of SNPs loaded: 51683
# Run Elastic net regression
# - Model fitting finised in 3979.1047s
# Total running time of current lipid: 77.3812m
# #################### 12 lipid processed ####################

# Load GWAS SNPs for current lipid: DE-16:0-
# Processing lipid: DE-16:0-

# Get dosage of GWAS SNPs to include in regression models
# - Checking by chromosome:
#  chr1
	......................................778300 lines processed
#  chr2
	..........................................841707 lines processed
#  chr3
	..................................690577 lines processed
#  chr4
	..................................680293 lines processed
#  chr5
	...............................637017 lines processed
#  chr6
	..............................614119 lines processed
#  chr7
	...........................551074 lines processed
#  chr8
	...........................551659 lines processed
#  chr9
	.....................430829 lines processed
#  chr10
	........................491386 lines processed
#  chr11
	.........................517442 lines processed
#  chr12
	......................452317 lines processed
#  chr13
	.................340928 lines processed
#  chr14
	...............315439 lines processed
#  chr15
	..............285000 lines processed
#  chr16
	...............310657 lines processed
#  chr17
	.............276932 lines processed
#  chr18
	.............277985 lines processed
#  chr19
	..........219252 lines processed
#  chr20
	..........218296 lines processed
#  chr21
	......125728 lines processed
#  chr22
	......135475 lines processed
# - Checking finished in 663.6983s
--------------------------------------------------
# - Number of SNPs loaded: 45570
# Run Elastic net regression
# - Model fitting finised in 3879.1732s
# Total running time of current lipid: 76.3355m
# #################### 13 lipid processed ####################

# Load GWAS SNPs for current lipid: DE-18:1-
# Processing lipid: DE-18:1-

# Get dosage of GWAS SNPs to include in regression models
# - Checking by chromosome:
#  chr1
	......................................778227 lines processed
#  chr2
	..........................................841456 lines processed
#  chr3
	..................................691186 lines processed
#  chr4
	.................................679952 lines processed
#  chr5
	...............................636849 lines processed
#  chr6
	..............................614591 lines processed
#  chr7
	...........................550879 lines processed
#  chr8
	...........................552609 lines processed
#  chr9
	.....................431202 lines processed
#  chr10
	........................491181 lines processed
#  chr11
	.........................517371 lines processed
#  chr12
	......................452205 lines processed
#  chr13
	.................341103 lines processed
#  chr14
	...............315447 lines processed
#  chr15
	..............284953 lines processed
#  chr16
	...............310706 lines processed
#  chr17
	.............276876 lines processed
#  chr18
	.............278005 lines processed
#  chr19
	..........219388 lines processed
#  chr20
	..........218945 lines processed
#  chr21
	......126411 lines processed
#  chr22
	......135268 lines processed
# - Checking finished in 537.2869s
--------------------------------------------------
# - Number of SNPs loaded: 52150
# Run Elastic net regression
# - Model fitting finised in 3210.4213s
# Total running time of current lipid: 63.1446m
# #################### 14 lipid processed ####################

# Load GWAS SNPs for current lipid: DE-18:2-
# Processing lipid: DE-18:2-

# Get dosage of GWAS SNPs to include in regression models
# - Checking by chromosome:
#  chr1
	......................................778165 lines processed
#  chr2
	..........................................841692 lines processed
#  chr3
	..................................691186 lines processed
#  chr4
	.................................679952 lines processed
#  chr5
	...............................636849 lines processed
#  chr6
	..............................614515 lines processed
#  chr7
	...........................550903 lines processed
#  chr8
	...........................552048 lines processed
#  chr9
	.....................431186 lines processed
#  chr10
	........................491836 lines processed
#  chr11
	.........................516756 lines processed
#  chr12
	......................452274 lines processed
#  chr13
	................338760 lines processed
#  chr14
	...............315306 lines processed
#  chr15
	..............283779 lines processed
#  chr16
	...............310166 lines processed
#  chr17
	.............276875 lines processed
#  chr18
	.............278005 lines processed
#  chr19
	..........219293 lines processed
#  chr20
	..........218945 lines processed
#  chr21
	......126721 lines processed
#  chr22
	......135268 lines processed
# - Checking finished in 462.9038s
--------------------------------------------------
# - Number of SNPs loaded: 44896
# Run Elastic net regression
# - Model fitting finised in 2499.6479s
# Total running time of current lipid: 49.8585m
# #################### 15 lipid processed ####################

# Load GWAS SNPs for current lipid: DE-20:4-
# Processing lipid: DE-20:4-

# Get dosage of GWAS SNPs to include in regression models
# - Checking by chromosome:
#  chr1
	......................................778073 lines processed
#  chr2
	..........................................841655 lines processed
#  chr3
	..................................689350 lines processed
#  chr4
	..................................680202 lines processed
#  chr5
	...............................637624 lines processed
#  chr6
	..............................614535 lines processed
#  chr7
	...........................550903 lines processed
#  chr8
	...........................552678 lines processed
#  chr9
	.....................431084 lines processed
#  chr10
	........................491479 lines processed
#  chr11
	.........................516751 lines processed
#  chr12
	......................452010 lines processed
#  chr13
	.................341431 lines processed
#  chr14
	...............313565 lines processed
#  chr15
	..............284863 lines processed
#  chr16
	...............307947 lines processed
#  chr17
	.............276710 lines processed
#  chr18
	.............277870 lines processed
#  chr19
	..........219293 lines processed
#  chr20
	..........218647 lines processed
#  chr21
	......125197 lines processed
#  chr22
	......133015 lines processed
# - Checking finished in 446.1396s
--------------------------------------------------
# - Number of SNPs loaded: 43350
# Run Elastic net regression
# - Model fitting finised in 2114.4994s
# Total running time of current lipid: 43.0169m
# #################### 16 lipid processed ####################

# Load GWAS SNPs for current lipid: DE-20:5-
# Processing lipid: DE-20:5-

# Get dosage of GWAS SNPs to include in regression models
# - Checking by chromosome:
#  chr1
	......................................778348 lines processed
#  chr2
	..........................................841411 lines processed
#  chr3
	..................................690756 lines processed
#  chr4
	.................................678757 lines processed
#  chr5
	...............................637615 lines processed
#  chr6
	..............................614567 lines processed
#  chr7
	...........................550584 lines processed
#  chr8
	...........................552546 lines processed
#  chr9
	.....................431248 lines processed
#  chr10
	........................491942 lines processed
#  chr11
	.........................517752 lines processed
#  chr12
	......................450713 lines processed
#  chr13
	.................341785 lines processed
#  chr14
	...............315059 lines processed
#  chr15
	..............284984 lines processed
#  chr16
	...............310318 lines processed
#  chr17
	.............276331 lines processed
#  chr18
	.............278068 lines processed
#  chr19
	..........219226 lines processed
#  chr20
	..........218868 lines processed
#  chr21
	......126672 lines processed
#  chr22
	......135081 lines processed
# - Checking finished in 438.4316s
--------------------------------------------------
# - Number of SNPs loaded: 62435
# Run Elastic net regression
# - Model fitting finised in 2348.7904s
# Total running time of current lipid: 46.9384m
# #################### 17 lipid processed ####################

# Load GWAS SNPs for current lipid: DE-22:6-
# Processing lipid: DE-22:6-

# Get dosage of GWAS SNPs to include in regression models
# - Checking by chromosome:
#  chr1
	......................................778154 lines processed
#  chr2
	..........................................841539 lines processed
#  chr3
	..................................691215 lines processed
#  chr4
	.................................679582 lines processed
#  chr5
	...............................636207 lines processed
#  chr6
	..............................614557 lines processed
#  chr7
	...........................550826 lines processed
#  chr8
	...........................552654 lines processed
#  chr9
	.....................430779 lines processed
#  chr10
	........................491724 lines processed
#  chr11
	.........................517764 lines processed
#  chr12
	......................452261 lines processed
#  chr13
	.................341613 lines processed
#  chr14
	...............315223 lines processed
#  chr15
	..............284476 lines processed
#  chr16
	...............307120 lines processed
#  chr17
	.............276655 lines processed
#  chr18
	.............277796 lines processed
#  chr19
	..........219372 lines processed
#  chr20
	..........218947 lines processed
#  chr21
	......126447 lines processed
#  chr22
	......135901 lines processed
# - Checking finished in 371.9357s
--------------------------------------------------
# - Number of SNPs loaded: 52443
# Run Elastic net regression
# - Model fitting finised in 3327.8692s
# Total running time of current lipid: 62.0357m
# #################### 18 lipid processed ####################

# Load GWAS SNPs for current lipid: deDE-18:2-
# Processing lipid: deDE-18:2-

# Get dosage of GWAS SNPs to include in regression models
# - Checking by chromosome:
#  chr1
	......................................778296 lines processed
#  chr2
	..........................................841658 lines processed
#  chr3
	..................................691224 lines processed
#  chr4
	..................................680324 lines processed
#  chr5
	...............................636389 lines processed
#  chr6
	..............................614558 lines processed
#  chr7
	...........................550538 lines processed
#  chr8
	...........................551294 lines processed
#  chr9
	.....................430937 lines processed
#  chr10
	........................492072 lines processed
#  chr11
	.........................517762 lines processed
#  chr12
	......................451220 lines processed
#  chr13
	.................341697 lines processed
#  chr14
	...............315242 lines processed
#  chr15
	..............284321 lines processed
#  chr16
	...............310693 lines processed
#  chr17
	.............276870 lines processed
#  chr18
	.............278050 lines processed
#  chr19
	..........219405 lines processed
#  chr20
	..........218947 lines processed
#  chr21
	......126676 lines processed
#  chr22
	......135645 lines processed
# - Checking finished in 402.0136s
--------------------------------------------------
# - Number of SNPs loaded: 57545
# Run Elastic net regression
# - Model fitting finised in 2584.1505s
# Total running time of current lipid: 50.2067m
# #################### 19 lipid processed ####################

# Load GWAS SNPs for current lipid: methyl-CE-18:0-
# Processing lipid: methyl-CE-18:0-

# Get dosage of GWAS SNPs to include in regression models
# - Checking by chromosome:
#  chr1
	......................................777645 lines processed
#  chr2
	..........................................841263 lines processed
#  chr3
	..................................691090 lines processed
#  chr4
	..................................680053 lines processed
#  chr5
	...............................637421 lines processed
#  chr6
	..............................614568 lines processed
#  chr7
	...........................550732 lines processed
#  chr8
	...........................552609 lines processed
#  chr9
	.....................431261 lines processed
#  chr10
	........................491884 lines processed
#  chr11
	.........................517638 lines processed
#  chr12
	......................451424 lines processed
#  chr13
	.................341586 lines processed
#  chr14
	...............314747 lines processed
#  chr15
	..............283798 lines processed
#  chr16
	...............310745 lines processed
#  chr17
	.............276726 lines processed
#  chr18
	.............277995 lines processed
#  chr19
	..........218744 lines processed
#  chr20
	..........218822 lines processed
#  chr21
	......124990 lines processed
#  chr22
	......135702 lines processed
# - Checking finished in 357.2920s
--------------------------------------------------
# - Number of SNPs loaded: 46359
# Run Elastic net regression
# - Model fitting finised in 2136.0880s
# Total running time of current lipid: 41.9051m
# #################### 20 lipid processed ####################

# Load GWAS SNPs for current lipid: methyl-CE-18:1-
# Processing lipid: methyl-CE-18:1-

# Get dosage of GWAS SNPs to include in regression models
# - Checking by chromosome:
#  chr1
	......................................778043 lines processed
#  chr2
	..........................................841263 lines processed
#  chr3
	..................................691156 lines processed
#  chr4
	..................................680225 lines processed
#  chr5
	...............................637331 lines processed
#  chr6
	..............................614568 lines processed
#  chr7
	...........................550948 lines processed
#  chr8
	...........................552626 lines processed
#  chr9
	.....................431261 lines processed
#  chr10
	........................492018 lines processed
#  chr11
	.........................516537 lines processed
#  chr12
	......................451912 lines processed
#  chr13
	.................341586 lines processed
#  chr14
	...............314726 lines processed
#  chr15
	..............285017 lines processed
#  chr16
	...............309945 lines processed
#  chr17
	.............276903 lines processed
#  chr18
	.............277789 lines processed
#  chr19
	..........218711 lines processed
#  chr20
	..........218667 lines processed
#  chr21
	......126545 lines processed
#  chr22
	......135528 lines processed
# - Checking finished in 355.2803s
--------------------------------------------------
# - Number of SNPs loaded: 45690
# Run Elastic net regression
# - Model fitting finised in 2192.2457s
# Total running time of current lipid: 42.8053m
# #################### 21 lipid processed ####################

# Load GWAS SNPs for current lipid: methyl-CE-18:2-
# Processing lipid: methyl-CE-18:2-

# Get dosage of GWAS SNPs to include in regression models
# - Checking by chromosome:
#  chr1
	......................................775488 lines processed
#  chr2
	.........................................839673 lines processed
#  chr3
	..................................689984 lines processed
#  chr4
	..................................680300 lines processed
#  chr5
	...............................637567 lines processed
#  chr6
	..............................614382 lines processed
#  chr7
	...........................550733 lines processed
#  chr8
	...........................552508 lines processed
#  chr9
	.....................431261 lines processed
#  chr10
	........................492018 lines processed
#  chr11
	.........................516616 lines processed
#  chr12
	......................452313 lines processed
#  chr13
	.................341334 lines processed
#  chr14
	...............314733 lines processed
#  chr15
	..............284890 lines processed
#  chr16
	...............310272 lines processed
#  chr17
	.............276950 lines processed
#  chr18
	.............275273 lines processed
#  chr19
	..........219145 lines processed
#  chr20
	..........218855 lines processed
#  chr21
	......126545 lines processed
#  chr22
	......135938 lines processed
# - Checking finished in 354.0737s
--------------------------------------------------
# - Number of SNPs loaded: 41642
# Run Elastic net regression
# - Model fitting finised in 2173.3010s
# Total running time of current lipid: 42.4381m
# #################### 22 lipid processed ####################

# Load GWAS SNPs for current lipid: methyl-CE-20:4-
# Processing lipid: methyl-CE-20:4-

# Get dosage of GWAS SNPs to include in regression models
# - Checking by chromosome:
#  chr1
	......................................778115 lines processed
#  chr2
	..........................................841604 lines processed
#  chr3
	..................................690817 lines processed
#  chr4
	..................................680324 lines processed
#  chr5
	...............................637567 lines processed
#  chr6
	..............................614659 lines processed
#  chr7
	...........................551001 lines processed
#  chr8
	...........................552626 lines processed
#  chr9
	.....................431261 lines processed
#  chr10
	........................491884 lines processed
#  chr11
	.........................517354 lines processed
#  chr12
	......................451912 lines processed
#  chr13
	.................341586 lines processed
#  chr14
	...............314686 lines processed
#  chr15
	..............284998 lines processed
#  chr16
	...............310740 lines processed
#  chr17
	.............276897 lines processed
#  chr18
	.............275280 lines processed
#  chr19
	..........219145 lines processed
#  chr20
	..........218667 lines processed
#  chr21
	......126118 lines processed
#  chr22
	......136017 lines processed
# - Checking finished in 375.2302s
--------------------------------------------------
# - Number of SNPs loaded: 77120
# Run Elastic net regression
# - Model fitting finised in 3019.3316s
# Total running time of current lipid: 57.1615m
# #################### 23 lipid processed ####################

# Load GWAS SNPs for current lipid: methyl-CE-22:6-
# Processing lipid: methyl-CE-22:6-

# Get dosage of GWAS SNPs to include in regression models
# - Checking by chromosome:
#  chr1
	......................................778127 lines processed
#  chr2
	..........................................841593 lines processed
#  chr3
	..................................690678 lines processed
#  chr4
	..................................680193 lines processed
#  chr5
	...............................637597 lines processed
#  chr6
	..............................614568 lines processed
#  chr7
	...........................550927 lines processed
#  chr8
	...........................552634 lines processed
#  chr9
	.....................430836 lines processed
#  chr10
	........................492067 lines processed
#  chr11
	.........................517682 lines processed
#  chr12
	......................452122 lines processed
#  chr13
	.................341586 lines processed
#  chr14
	...............315361 lines processed
#  chr15
	..............285026 lines processed
#  chr16
	...............310198 lines processed
#  chr17
	.............276237 lines processed
#  chr18
	.............277973 lines processed
#  chr19
	..........218712 lines processed
#  chr20
	..........218937 lines processed
#  chr21
	......126727 lines processed
#  chr22
	......135820 lines processed
# - Checking finished in 356.7684s
--------------------------------------------------
# - Number of SNPs loaded: 59533
# Run Elastic net regression
# - Model fitting finised in 3862.7074s
# Total running time of current lipid: 70.7601m
# #################### 24 lipid processed ####################

# Load GWAS SNPs for current lipid: methyl-DE-18:1-
# Processing lipid: methyl-DE-18:1-

# Get dosage of GWAS SNPs to include in regression models
# - Checking by chromosome:
#  chr1
	......................................775320 lines processed
#  chr2
	..........................................841263 lines processed
#  chr3
	..................................691217 lines processed
#  chr4
	..................................680326 lines processed
#  chr5
	...............................636407 lines processed
#  chr6
	..............................614646 lines processed
#  chr7
	...........................550948 lines processed
#  chr8
	...........................552639 lines processed
#  chr9
	.....................431261 lines processed
#  chr10
	........................491884 lines processed
#  chr11
	.........................516537 lines processed
#  chr12
	......................452030 lines processed
#  chr13
	.................341707 lines processed
#  chr14
	...............315112 lines processed
#  chr15
	..............284890 lines processed
#  chr16
	...............310272 lines processed
#  chr17
	.............276950 lines processed
#  chr18
	.............277789 lines processed
#  chr19
	..........219358 lines processed
#  chr20
	..........218775 lines processed
#  chr21
	......126381 lines processed
#  chr22
	......135866 lines processed
# - Checking finished in 355.1514s
--------------------------------------------------
# - Number of SNPs loaded: 51286
# Run Elastic net regression
# - Model fitting finised in 2359.0993s
# Total running time of current lipid: 45.6179m
# #################### 25 lipid processed ####################

# Load GWAS SNPs for current lipid: methyl-DE-18:2-
# Processing lipid: methyl-DE-18:2-

# Get dosage of GWAS SNPs to include in regression models
# - Checking by chromosome:
#  chr1
	......................................777852 lines processed
#  chr2
	..........................................841263 lines processed
#  chr3
	..................................689936 lines processed
#  chr4
	..................................680251 lines processed
#  chr5
	...............................637567 lines processed
#  chr6
	..............................614568 lines processed
#  chr7
	...........................549632 lines processed
#  chr8
	...........................552508 lines processed
#  chr9
	.....................431261 lines processed
#  chr10
	........................491884 lines processed
#  chr11
	.........................516537 lines processed
#  chr12
	......................451642 lines processed
#  chr13
	.................341643 lines processed
#  chr14
	...............315472 lines processed
#  chr15
	..............283798 lines processed
#  chr16
	...............310402 lines processed
#  chr17
	.............276903 lines processed
#  chr18
	.............277354 lines processed
#  chr19
	..........218101 lines processed
#  chr20
	..........218833 lines processed
#  chr21
	......126118 lines processed
#  chr22
	......135225 lines processed
# - Checking finished in 346.0962s
--------------------------------------------------
# - Number of SNPs loaded: 40397
# Run Elastic net regression
# - Model fitting finised in 1909.0000s
# Total running time of current lipid: 37.8803m
# #################### 26 lipid processed ####################

# Load GWAS SNPs for current lipid: dimethyl-CE-18:1-
# Processing lipid: dimethyl-CE-18:1-

# Get dosage of GWAS SNPs to include in regression models
# - Checking by chromosome:
#  chr1
	......................................778349 lines processed
#  chr2
	..........................................841453 lines processed
#  chr3
	..................................691156 lines processed
#  chr4
	..................................680324 lines processed
#  chr5
	...............................637595 lines processed
#  chr6
	..............................614595 lines processed
#  chr7
	...........................550948 lines processed
#  chr8
	...........................552609 lines processed
#  chr9
	.....................430836 lines processed
#  chr10
	........................492018 lines processed
#  chr11
	.........................516953 lines processed
#  chr12
	......................452308 lines processed
#  chr13
	.................341586 lines processed
#  chr14
	...............314726 lines processed
#  chr15
	..............284890 lines processed
#  chr16
	...............309945 lines processed
#  chr17
	.............276903 lines processed
#  chr18
	.............277825 lines processed
#  chr19
	..........219371 lines processed
#  chr20
	..........218667 lines processed
#  chr21
	......126571 lines processed
#  chr22
	......136020 lines processed
# - Checking finished in 340.0343s
--------------------------------------------------
# - Number of SNPs loaded: 64896
# Run Elastic net regression
# - Model fitting finised in 3002.9265s
# Total running time of current lipid: 56.1632m
# #################### 27 lipid processed ####################

# Load GWAS SNPs for current lipid: dimethyl-CE-18:2-
# Processing lipid: dimethyl-CE-18:2-

# Get dosage of GWAS SNPs to include in regression models
# - Checking by chromosome:
#  chr1
	......................................778268 lines processed
#  chr2
	..........................................841663 lines processed
#  chr3
	..................................689254 lines processed
#  chr4
	..................................680278 lines processed
#  chr5
	...............................637567 lines processed
#  chr6
	..............................614462 lines processed
#  chr7
	...........................550948 lines processed
#  chr8
	...........................552609 lines processed
#  chr9
	.....................430679 lines processed
#  chr10
	........................492062 lines processed
#  chr11
	.........................516871 lines processed
#  chr12
	......................451055 lines processed
#  chr13
	.................340441 lines processed
#  chr14
	...............314726 lines processed
#  chr15
	..............284890 lines processed
#  chr16
	...............309923 lines processed
#  chr17
	.............276950 lines processed
#  chr18
	.............277789 lines processed
#  chr19
	..........218435 lines processed
#  chr20
	..........218592 lines processed
#  chr21
	......126545 lines processed
#  chr22
	......135488 lines processed
# - Checking finished in 358.3928s
--------------------------------------------------
# - Number of SNPs loaded: 47775
# Run Elastic net regression
# - Model fitting finised in 2351.3120s
# Total running time of current lipid: 45.5122m
# #################### 28 lipid processed ####################

# Load GWAS SNPs for current lipid: dimethyl-CE-20:4-
# Processing lipid: dimethyl-CE-20:4-

# Get dosage of GWAS SNPs to include in regression models
# - Checking by chromosome:
#  chr1
	......................................778008 lines processed
#  chr2
	..........................................841592 lines processed
#  chr3
	..................................688547 lines processed
#  chr4
	..................................680324 lines processed
#  chr5
	...............................637567 lines processed
#  chr6
	..............................614568 lines processed
#  chr7
	...........................550954 lines processed
#  chr8
	...........................552508 lines processed
#  chr9
	.....................431160 lines processed
#  chr10
	........................491884 lines processed
#  chr11
	.........................517560 lines processed
#  chr12
	......................451912 lines processed
#  chr13
	.................341586 lines processed
#  chr14
	...............315266 lines processed
#  chr15
	..............284484 lines processed
#  chr16
	...............310648 lines processed
#  chr17
	.............276903 lines processed
#  chr18
	.............276312 lines processed
#  chr19
	..........219363 lines processed
#  chr20
	..........218741 lines processed
#  chr21
	......126647 lines processed
#  chr22
	......135751 lines processed
# - Checking finished in 363.1680s
--------------------------------------------------
# - Number of SNPs loaded: 59581
# Run Elastic net regression
# - Model fitting finised in 2797.7362s
# Total running time of current lipid: 53.1303m
# #################### 29 lipid processed ####################

# Load GWAS SNPs for current lipid: dimethyl-CE-22:6-
# Processing lipid: dimethyl-CE-22:6-

# Get dosage of GWAS SNPs to include in regression models
# - Checking by chromosome:
#  chr1
	......................................778316 lines processed
#  chr2
	..........................................841564 lines processed
#  chr3
	..................................688280 lines processed
#  chr4
	..................................680278 lines processed
#  chr5
	...............................637529 lines processed
#  chr6
	..............................614599 lines processed
#  chr7
	...........................551008 lines processed
#  chr8
	...........................552589 lines processed
#  chr9
	.....................431096 lines processed
#  chr10
	........................491909 lines processed
#  chr11
	.........................517467 lines processed
#  chr12
	......................451431 lines processed
#  chr13
	.................341586 lines processed
#  chr14
	...............313881 lines processed
#  chr15
	..............285011 lines processed
#  chr16
	...............310057 lines processed
#  chr17
	.............276955 lines processed
#  chr18
	.............277950 lines processed
#  chr19
	..........219078 lines processed
#  chr20
	..........218927 lines processed
#  chr21
	......126621 lines processed
#  chr22
	......135362 lines processed
# - Checking finished in 364.8070s
--------------------------------------------------
# - Number of SNPs loaded: 63569
# Run Elastic net regression
# - Model fitting finised in 3003.1558s
# Total running time of current lipid: 56.6072m
# #################### 30 lipid processed ####################

# Load GWAS SNPs for current lipid: FA-14:0-
# Processing lipid: FA-14:0-

# Get dosage of GWAS SNPs to include in regression models
# - Checking by chromosome:
#  chr1
	......................................777020 lines processed
#  chr2
	..........................................841607 lines processed
#  chr3
	..................................690773 lines processed
#  chr4
	.................................679804 lines processed
#  chr5
	...............................637707 lines processed
#  chr6
	..............................614400 lines processed
#  chr7
	...........................551078 lines processed
#  chr8
	...........................552672 lines processed
#  chr9
	.....................431279 lines processed
#  chr10
	........................491730 lines processed
#  chr11
	.........................516574 lines processed
#  chr12
	......................452215 lines processed
#  chr13
	.................341587 lines processed
#  chr14
	...............315443 lines processed
#  chr15
	..............284641 lines processed
#  chr16
	...............310008 lines processed
#  chr17
	.............276729 lines processed
#  chr18
	.............278014 lines processed
#  chr19
	..........218214 lines processed
#  chr20
	..........218184 lines processed
#  chr21
	......126680 lines processed
#  chr22
	......136026 lines processed
# - Checking finished in 352.0525s
--------------------------------------------------
# - Number of SNPs loaded: 53975
# Run Elastic net regression
# - Model fitting finised in 2366.1037s
# Total running time of current lipid: 45.6975m
# #################### 31 lipid processed ####################

# Load GWAS SNPs for current lipid: FA-16:0-
# Processing lipid: FA-16:0-

# Get dosage of GWAS SNPs to include in regression models
# - Checking by chromosome:
#  chr1
	......................................778333 lines processed
#  chr2
	..........................................841531 lines processed
#  chr3
	..................................689837 lines processed
#  chr4
	.................................679740 lines processed
#  chr5
	...............................637606 lines processed
#  chr6
	..............................614589 lines processed
#  chr7
	...........................550395 lines processed
#  chr8
	...........................552533 lines processed
#  chr9
	.....................431146 lines processed
#  chr10
	........................491976 lines processed
#  chr11
	.........................517130 lines processed
#  chr12
	......................451931 lines processed
#  chr13
	.................341772 lines processed
#  chr14
	...............314206 lines processed
#  chr15
	..............284888 lines processed
#  chr16
	...............310113 lines processed
#  chr17
	.............276880 lines processed
#  chr18
	.............277675 lines processed
#  chr19
	..........219245 lines processed
#  chr20
	..........217716 lines processed
#  chr21
	......126734 lines processed
#  chr22
	......135767 lines processed
# - Checking finished in 350.7742s
--------------------------------------------------
# - Number of SNPs loaded: 51096
# Run Elastic net regression
# - Model fitting finised in 2526.2757s
# Total running time of current lipid: 48.3274m
# #################### 32 lipid processed ####################

# Load GWAS SNPs for current lipid: FA-16:1-
# Processing lipid: FA-16:1-

# Get dosage of GWAS SNPs to include in regression models
# - Checking by chromosome:
#  chr1
	......................................778267 lines processed
#  chr2
	..........................................841698 lines processed
#  chr3
	..................................690906 lines processed
#  chr4
	.................................679857 lines processed
#  chr5
	...............................637606 lines processed
#  chr6
	..............................614531 lines processed
#  chr7
	...........................551078 lines processed
#  chr8
	...........................552672 lines processed
#  chr9
	.....................430966 lines processed
#  chr10
	........................492023 lines processed
#  chr11
	.........................517450 lines processed
#  chr12
	......................452215 lines processed
#  chr13
	.................341772 lines processed
#  chr14
	...............315135 lines processed
#  chr15
	..............284837 lines processed
#  chr16
	...............310008 lines processed
#  chr17
	.............276729 lines processed
#  chr18
	.............278014 lines processed
#  chr19
	..........219245 lines processed
#  chr20
	..........218105 lines processed
#  chr21
	......126313 lines processed
#  chr22
	......135892 lines processed
# - Checking finished in 593.5810s
--------------------------------------------------
# - Number of SNPs loaded: 69764
# Run Elastic net regression
# - Model fitting finised in 3577.0330s
# Total running time of current lipid: 70.0170m
# #################### 33 lipid processed ####################

# Load GWAS SNPs for current lipid: FA-17:0-
# Processing lipid: FA-17:0-

# Get dosage of GWAS SNPs to include in regression models
# - Checking by chromosome:
#  chr1
	......................................778081 lines processed
#  chr2
	..........................................841475 lines processed
#  chr3
	..................................690092 lines processed
#  chr4
	.................................679638 lines processed
#  chr5
	...............................636330 lines processed
#  chr6
	..............................614400 lines processed
#  chr7
	...........................550908 lines processed
#  chr8
	...........................552672 lines processed
#  chr9
	.....................431273 lines processed
#  chr10
	........................491285 lines processed
#  chr11
	.........................517018 lines processed
#  chr12
	......................451433 lines processed
#  chr13
	.................341587 lines processed
#  chr14
	...............312650 lines processed
#  chr15
	..............284954 lines processed
#  chr16
	...............310305 lines processed
#  chr17
	.............276362 lines processed
#  chr18
	.............278014 lines processed
#  chr19
	..........218214 lines processed
#  chr20
	..........218876 lines processed
#  chr21
	......126303 lines processed
#  chr22
	......135892 lines processed
# - Checking finished in 323.5581s
--------------------------------------------------
# - Number of SNPs loaded: 50208
# Run Elastic net regression
# - Model fitting finised in 2177.9657s
# Total running time of current lipid: 42.0055m
# #################### 34 lipid processed ####################

# Load GWAS SNPs for current lipid: FA-17:1-
# Processing lipid: FA-17:1-

# Get dosage of GWAS SNPs to include in regression models
# - Checking by chromosome:
#  chr1
	......................................774428 lines processed
#  chr2
	..........................................841018 lines processed
#  chr3
	..................................691227 lines processed
#  chr4
	..................................680299 lines processed
#  chr5
	...............................637192 lines processed
#  chr6
	..............................614400 lines processed
#  chr7
	...........................550289 lines processed
#  chr8
	...........................552672 lines processed
#  chr9
	.....................431263 lines processed
#  chr10
	........................491976 lines processed
#  chr11
	.........................517717 lines processed
#  chr12
	......................451433 lines processed
#  chr13
	................338658 lines processed
#  chr14
	...............315135 lines processed
#  chr15
	..............284954 lines processed
#  chr16
	...............310378 lines processed
#  chr17
	.............275400 lines processed
#  chr18
	.............278014 lines processed
#  chr19
	..........218918 lines processed
#  chr20
	..........218676 lines processed
#  chr21
	......125962 lines processed
#  chr22
	......135892 lines processed
# - Checking finished in 297.1395s
--------------------------------------------------
# - Number of SNPs loaded: 43856
# Run Elastic net regression
# - Model fitting finised in 2150.9020s
# Total running time of current lipid: 41.0725m
# #################### 35 lipid processed ####################

# Load GWAS SNPs for current lipid: FA-18:0-
# Processing lipid: FA-18:0-

# Get dosage of GWAS SNPs to include in regression models
# - Checking by chromosome:
#  chr1
	......................................777111 lines processed
#  chr2
	..........................................841708 lines processed
#  chr3
	..................................690159 lines processed
#  chr4
	..................................680280 lines processed
#  chr5
	...............................637620 lines processed
#  chr6
	..............................614589 lines processed
#  chr7
	...........................550762 lines processed
#  chr8
	...........................552172 lines processed
#  chr9
	.....................431265 lines processed
#  chr10
	........................491632 lines processed
#  chr11
	.........................517731 lines processed
#  chr12
	......................452238 lines processed
#  chr13
	.................341490 lines processed
#  chr14
	...............315420 lines processed
#  chr15
	..............284985 lines processed
#  chr16
	...............310454 lines processed
#  chr17
	.............276931 lines processed
#  chr18
	.............277652 lines processed
#  chr19
	..........218786 lines processed
#  chr20
	..........218954 lines processed
#  chr21
	......126303 lines processed
#  chr22
	......135718 lines processed
# - Checking finished in 286.6533s
--------------------------------------------------
# - Number of SNPs loaded: 58783
# Run Elastic net regression
# - Model fitting finised in 2208.7093s
# Total running time of current lipid: 41.9351m
# #################### 36 lipid processed ####################

# Load GWAS SNPs for current lipid: FA-18:1-
# Processing lipid: FA-18:1-

# Get dosage of GWAS SNPs to include in regression models
# - Checking by chromosome:
#  chr1
	......................................775116 lines processed
#  chr2
	..........................................841607 lines processed
#  chr3
	..................................690645 lines processed
#  chr4
	.................................679740 lines processed
#  chr5
	...............................637606 lines processed
#  chr6
	..............................614531 lines processed
#  chr7
	...........................550998 lines processed
#  chr8
	...........................552533 lines processed
#  chr9
	.....................430916 lines processed
#  chr10
	........................491976 lines processed
#  chr11
	.........................517744 lines processed
#  chr12
	......................452232 lines processed
#  chr13
	.................341772 lines processed
#  chr14
	...............315131 lines processed
#  chr15
	..............284915 lines processed
#  chr16
	...............310113 lines processed
#  chr17
	.............276680 lines processed
#  chr18
	.............277675 lines processed
#  chr19
	..........219245 lines processed
#  chr20
	..........217716 lines processed
#  chr21
	......126730 lines processed
#  chr22
	......135767 lines processed
# - Checking finished in 321.7625s
--------------------------------------------------
# - Number of SNPs loaded: 46643
# Run Elastic net regression
# - Model fitting finised in 2561.4534s
# Total running time of current lipid: 48.3421m
# #################### 37 lipid processed ####################

# Load GWAS SNPs for current lipid: FA-18:2-
# Processing lipid: FA-18:2-

# Get dosage of GWAS SNPs to include in regression models
# - Checking by chromosome:
#  chr1
	......................................778333 lines processed
#  chr2
	..........................................841031 lines processed
#  chr3
	..................................691076 lines processed
#  chr4
	..................................680014 lines processed
#  chr5
	...............................637606 lines processed
#  chr6
	..............................614589 lines processed
#  chr7
	...........................550580 lines processed
#  chr8
	...........................552533 lines processed
#  chr9
	.....................430803 lines processed
#  chr10
	........................492013 lines processed
#  chr11
	.........................515136 lines processed
#  chr12
	......................452301 lines processed
#  chr13
	.................341772 lines processed
#  chr14
	...............315327 lines processed
#  chr15
	..............284888 lines processed
#  chr16
	...............309558 lines processed
#  chr17
	.............276915 lines processed
#  chr18
	.............277675 lines processed
#  chr19
	..........219245 lines processed
#  chr20
	..........217716 lines processed
#  chr21
	......126648 lines processed
#  chr22
	......135915 lines processed
# - Checking finished in 303.1079s
--------------------------------------------------
# - Number of SNPs loaded: 60242
# Run Elastic net regression
# - Model fitting finised in 3164.6637s
# Total running time of current lipid: 58.1647m
# #################### 38 lipid processed ####################

# Load GWAS SNPs for current lipid: FA-18:3-
# Processing lipid: FA-18:3-

# Get dosage of GWAS SNPs to include in regression models
# - Checking by chromosome:
#  chr1
	......................................778333 lines processed
#  chr2
	..........................................840741 lines processed
#  chr3
	..................................689994 lines processed
#  chr4
	.................................679740 lines processed
#  chr5
	...............................637204 lines processed
#  chr6
	..............................614326 lines processed
#  chr7
	...........................550841 lines processed
#  chr8
	...........................552658 lines processed
#  chr9
	.....................430712 lines processed
#  chr10
	........................491542 lines processed
#  chr11
	.........................517708 lines processed
#  chr12
	......................452254 lines processed
#  chr13
	.................341163 lines processed
#  chr14
	...............314865 lines processed
#  chr15
	..............284888 lines processed
#  chr16
	...............310113 lines processed
#  chr17
	.............276880 lines processed
#  chr18
	.............277725 lines processed
#  chr19
	..........219233 lines processed
#  chr20
	..........218726 lines processed
#  chr21
	......126616 lines processed
#  chr22
	......135988 lines processed
# - Checking finished in 309.8966s
--------------------------------------------------
# - Number of SNPs loaded: 56983
# Run Elastic net regression
# - Model fitting finised in 2627.9544s
# Total running time of current lipid: 49.3159m
# #################### 39 lipid processed ####################

# Load GWAS SNPs for current lipid: FA-20:2-
# Processing lipid: FA-20:2-

# Get dosage of GWAS SNPs to include in regression models
# - Checking by chromosome:
#  chr1
	......................................777195 lines processed
#  chr2
	..........................................840174 lines processed
#  chr3
	..................................691006 lines processed
#  chr4
	.................................679494 lines processed
#  chr5
	...............................633892 lines processed
#  chr6
	..............................614662 lines processed
#  chr7
	...........................550762 lines processed
#  chr8
	...........................552086 lines processed
#  chr9
	.....................430158 lines processed
#  chr10
	........................492018 lines processed
#  chr11
	.........................514874 lines processed
#  chr12
	......................449942 lines processed
#  chr13
	.................341587 lines processed
#  chr14
	...............315146 lines processed
#  chr15
	..............284915 lines processed
#  chr16
	...............308444 lines processed
#  chr17
	.............276350 lines processed
#  chr18
	.............276869 lines processed
#  chr19
	..........219057 lines processed
#  chr20
	..........218546 lines processed
#  chr21
	......123276 lines processed
#  chr22
	......132108 lines processed
# - Checking finished in 272.7150s
--------------------------------------------------
# - Number of SNPs loaded: 29166
# Run Elastic net regression
# - Model fitting finised in 1224.8207s
# Total running time of current lipid: 25.1330m
# #################### 40 lipid processed ####################

# Load GWAS SNPs for current lipid: FA-20:3-
# Processing lipid: FA-20:3-

# Get dosage of GWAS SNPs to include in regression models
# - Checking by chromosome:
#  chr1
	......................................778353 lines processed
#  chr2
	..........................................841018 lines processed
#  chr3
	..................................688144 lines processed
#  chr4
	..................................680012 lines processed
#  chr5
	...............................637322 lines processed
#  chr6
	..............................614589 lines processed
#  chr7
	...........................550770 lines processed
#  chr8
	...........................552311 lines processed
#  chr9
	.....................431239 lines processed
#  chr10
	........................491987 lines processed
#  chr11
	.........................515647 lines processed
#  chr12
	......................451927 lines processed
#  chr13
	.................341587 lines processed
#  chr14
	...............315415 lines processed
#  chr15
	..............284504 lines processed
#  chr16
	...............308444 lines processed
#  chr17
	.............276501 lines processed
#  chr18
	.............276869 lines processed
#  chr19
	..........219057 lines processed
#  chr20
	..........218818 lines processed
#  chr21
	......126734 lines processed
#  chr22
	......134882 lines processed
# - Checking finished in 293.4958s
--------------------------------------------------
# - Number of SNPs loaded: 39823
# Run Elastic net regression
# - Model fitting finised in 1708.4058s
# Total running time of current lipid: 33.6116m
# #################### 41 lipid processed ####################

# Load GWAS SNPs for current lipid: FA-20:4-
# Processing lipid: FA-20:4-

# Get dosage of GWAS SNPs to include in regression models
# - Checking by chromosome:
#  chr1
	......................................778353 lines processed
#  chr2
	..........................................841679 lines processed
#  chr3
	..................................690058 lines processed
#  chr4
	.................................678065 lines processed
#  chr5
	...............................636438 lines processed
#  chr6
	..............................614589 lines processed
#  chr7
	...........................551048 lines processed
#  chr8
	...........................551933 lines processed
#  chr9
	.....................430910 lines processed
#  chr10
	........................492041 lines processed
#  chr11
	.........................517215 lines processed
#  chr12
	......................451995 lines processed
#  chr13
	.................340556 lines processed
#  chr14
	...............315132 lines processed
#  chr15
	..............284927 lines processed
#  chr16
	...............310613 lines processed
#  chr17
	.............276920 lines processed
#  chr18
	.............277768 lines processed
#  chr19
	..........219425 lines processed
#  chr20
	..........218676 lines processed
#  chr21
	......126611 lines processed
#  chr22
	......132225 lines processed
# - Checking finished in 300.5821s
--------------------------------------------------
# - Number of SNPs loaded: 56122
# Run Elastic net regression
# - Model fitting finised in 2049.6477s
# Total running time of current lipid: 39.5196m
# #################### 42 lipid processed ####################

# Load GWAS SNPs for current lipid: FA-20:5-
# Processing lipid: FA-20:5-

# Get dosage of GWAS SNPs to include in regression models
# - Checking by chromosome:
#  chr1
	......................................778255 lines processed
#  chr2
	..........................................841727 lines processed
#  chr3
	..................................691140 lines processed
#  chr4
	..................................680262 lines processed
#  chr5
	...............................637620 lines processed
#  chr6
	..............................614589 lines processed
#  chr7
	...........................549998 lines processed
#  chr8
	...........................552642 lines processed
#  chr9
	.....................430426 lines processed
#  chr10
	........................490384 lines processed
#  chr11
	.........................517338 lines processed
#  chr12
	......................452238 lines processed
#  chr13
	.................341490 lines processed
#  chr14
	...............315388 lines processed
#  chr15
	..............284629 lines processed
#  chr16
	...............310454 lines processed
#  chr17
	.............274613 lines processed
#  chr18
	.............277821 lines processed
#  chr19
	..........219031 lines processed
#  chr20
	..........218954 lines processed
#  chr21
	......126691 lines processed
#  chr22
	......135718 lines processed
# - Checking finished in 294.7721s
--------------------------------------------------
# - Number of SNPs loaded: 62312
# Run Elastic net regression
# - Model fitting finised in 2393.8081s
# Total running time of current lipid: 45.1979m
# #################### 43 lipid processed ####################

# Load GWAS SNPs for current lipid: FA-22:4-
# Processing lipid: FA-22:4-

# Get dosage of GWAS SNPs to include in regression models
# - Checking by chromosome:
#  chr1
	......................................778197 lines processed
#  chr2
	..........................................841037 lines processed
#  chr3
	..................................689837 lines processed
#  chr4
	..................................680275 lines processed
#  chr5
	...............................637606 lines processed
#  chr6
	..............................614531 lines processed
#  chr7
	...........................550925 lines processed
#  chr8
	...........................552311 lines processed
#  chr9
	.....................431146 lines processed
#  chr10
	........................492018 lines processed
#  chr11
	.........................517130 lines processed
#  chr12
	......................451927 lines processed
#  chr13
	.................341772 lines processed
#  chr14
	...............315415 lines processed
#  chr15
	..............284933 lines processed
#  chr16
	...............310378 lines processed
#  chr17
	.............276680 lines processed
#  chr18
	.............277844 lines processed
#  chr19
	..........219245 lines processed
#  chr20
	..........218818 lines processed
#  chr21
	......126680 lines processed
#  chr22
	......135767 lines processed
# - Checking finished in 285.7378s
--------------------------------------------------
# - Number of SNPs loaded: 57716
# Run Elastic net regression
# - Model fitting finised in 2615.6139s
# Total running time of current lipid: 48.6913m
# #################### 44 lipid processed ####################

# Load GWAS SNPs for current lipid: FA-22:5-
# Processing lipid: FA-22:5-

# Get dosage of GWAS SNPs to include in regression models
# - Checking by chromosome:
#  chr1
	......................................778353 lines processed
#  chr2
	..........................................841531 lines processed
#  chr3
	..................................690482 lines processed
#  chr4
	.................................679740 lines processed
#  chr5
	...............................637703 lines processed
#  chr6
	..............................614589 lines processed
#  chr7
	...........................550770 lines processed
#  chr8
	...........................552311 lines processed
#  chr9
	.....................429259 lines processed
#  chr10
	........................491987 lines processed
#  chr11
	.........................517708 lines processed
#  chr12
	......................452254 lines processed
#  chr13
	.................341587 lines processed
#  chr14
	...............315415 lines processed
#  chr15
	..............284943 lines processed
#  chr16
	...............310709 lines processed
#  chr17
	.............276415 lines processed
#  chr18
	.............277725 lines processed
#  chr19
	..........219233 lines processed
#  chr20
	..........216328 lines processed
#  chr21
	......126521 lines processed
#  chr22
	......134882 lines processed
# - Checking finished in 297.9693s
--------------------------------------------------
# - Number of SNPs loaded: 51721
# Run Elastic net regression
# - Model fitting finised in 2308.9088s
# Total running time of current lipid: 43.7695m
# #################### 45 lipid processed ####################
[01;32mwanying@vgipiper03[00m:[01;34m~/CCHC/lipidomics/prediction_models/code[00m$ 
[01;32mwanying@vgipiper03[00m:[01;34m~/CCHC/lipidomics/prediction_models/code[00m$ [K[01;32mwanying@vgipiper03[00m:[01;34m~/CCHC/lipidomics/prediction_models/code[00m$ 