[01;32mwanying@vgipiper02[00m:[01;34m~/CCHC/lipidomics/prediction_models/code[00m$ OMP_NUM_THREADS=1 python 01_elastic_net_sklearn_model.py --output lipid_species_l1_0.5_303-347_100alphaCV.txt --output_dir /data100t1/home/wanying/CCHC/lipidomics/prediction_models/elastic_net/training/model_params/100alphas --lipid_range 303 --range_window 45 --n_alphas 100
# Run starts: 2023-04-26
# Output file is /data100t1/home/wanying/CCHC/lipidomics/prediction_models/elastic_net/training/model_params/100alphas/lipid_species_l1_0.5_303-347_100alphaCV.txt.20230426_01:51:49
# Cross validation on 100 alphas
# Run lipids from index 303 to 347
# Load lipidomic data (lipid species)
# - data loaded from lipid_species_residuals_adj_for_sex_age_pc1-5.txt.reformatted: shape (1607, 831)

# Load genotype IDs for matching (only need to read the first line of dosage file)
# - Organize sample IDs so that their orders match in lipidomics data and dosage file
# - Final processed lipidomic data: 1607

# Load GWAS SNPs for current lipid: PC-P-18:1-22:6-
# Processing lipid: PC-P-18:1-22:6-

# Get dosage of GWAS SNPs to include in regression models
# - Checking by chromosome:
#  chr1
	......................................778114 lines processed
#  chr2
	..........................................841709 lines processed
#  chr3
	..................................691199 lines processed
#  chr4
	..................................680325 lines processed
#  chr5
	...............................637689 lines processed
#  chr6
	..............................614470 lines processed
#  chr7
	...........................551068 lines processed
#  chr8
	...........................552619 lines processed
#  chr9
	.....................430747 lines processed
#  chr10
	........................491951 lines processed
#  chr11
	.........................517692 lines processed
#  chr12
	......................452195 lines processed
#  chr13
	.................341300 lines processed
#  chr14
	...............315281 lines processed
#  chr15
	..............284990 lines processed
#  chr16
	...............310686 lines processed
#  chr17
	.............276809 lines processed
#  chr18
	.............278008 lines processed
#  chr19
	..........218711 lines processed
#  chr20
	..........218814 lines processed
#  chr21
	......126512 lines processed
#  chr22
	......135582 lines processed
# - Checking finished in 331.4845s
--------------------------------------------------
# - Number of SNPs loaded: 72650
# Run Elastic net regression
# - Model fitting finised in 12298.1288s
# Total running time of current lipid: 211.0404m
# #################### 1 lipid processed ####################

# Load GWAS SNPs for current lipid: PC-P-20:0-20:4-
# Processing lipid: PC-P-20:0-20:4-

# Get dosage of GWAS SNPs to include in regression models
# - Checking by chromosome:
#  chr1
	......................................778355 lines processed
#  chr2
	..........................................841266 lines processed
#  chr3
	..................................690530 lines processed
#  chr4
	.................................679098 lines processed
#  chr5
	...............................637242 lines processed
#  chr6
	..............................614590 lines processed
#  chr7
	...........................549715 lines processed
#  chr8
	...........................552626 lines processed
#  chr9
	.....................430997 lines processed
#  chr10
	........................491707 lines processed
#  chr11
	.........................517518 lines processed
#  chr12
	......................452144 lines processed
#  chr13
	.................341726 lines processed
#  chr14
	...............315367 lines processed
#  chr15
	..............284927 lines processed
#  chr16
	...............310515 lines processed
#  chr17
	.............276724 lines processed
#  chr18
	.............277960 lines processed
#  chr19
	..........218106 lines processed
#  chr20
	..........218962 lines processed
#  chr21
	......125162 lines processed
#  chr22
	......135930 lines processed
# - Checking finished in 1051.4048s
--------------------------------------------------
# - Number of SNPs loaded: 51586
# Run Elastic net regression
# - Model fitting finised in 7043.1200s
# Total running time of current lipid: 135.9918m
# #################### 2 lipid processed ####################

# Load GWAS SNPs for current lipid: PC-P-35:2-
# Processing lipid: PC-P-35:2-

# Get dosage of GWAS SNPs to include in regression models
# - Checking by chromosome:
#  chr1
	......................................778018 lines processed
#  chr2
	..........................................841285 lines processed
#  chr3
	..................................690664 lines processed
#  chr4
	.................................679773 lines processed
#  chr5
	...............................637645 lines processed
#  chr6
	..............................614568 lines processed
#  chr7
	...........................551013 lines processed
#  chr8
	...........................552380 lines processed
#  chr9
	.....................431121 lines processed
#  chr10
	........................491884 lines processed
#  chr11
	.........................517610 lines processed
#  chr12
	......................452050 lines processed
#  chr13
	.................341586 lines processed
#  chr14
	...............315453 lines processed
#  chr15
	..............284520 lines processed
#  chr16
	...............310043 lines processed
#  chr17
	.............276674 lines processed
#  chr18
	.............277960 lines processed
#  chr19
	..........219079 lines processed
#  chr20
	..........218667 lines processed
#  chr21
	......126367 lines processed
#  chr22
	......134249 lines processed
# - Checking finished in 521.5298s
--------------------------------------------------
# - Number of SNPs loaded: 39443
# Run Elastic net regression
# - Model fitting finised in 7282.9738s
# Total running time of current lipid: 130.6218m
# #################### 3 lipid processed ####################

# Load GWAS SNPs for current lipid: PC-P-35:2-
# Processing lipid: PC-P-35:2-

# Get dosage of GWAS SNPs to include in regression models
# - Checking by chromosome:
#  chr1
	......................................777221 lines processed
#  chr2
	..........................................841563 lines processed
#  chr3
	..................................690659 lines processed
#  chr4
	.................................679773 lines processed
#  chr5
	...............................637379 lines processed
#  chr6
	..............................614568 lines processed
#  chr7
	...........................551013 lines processed
#  chr8
	...........................552386 lines processed
#  chr9
	.....................431110 lines processed
#  chr10
	........................491884 lines processed
#  chr11
	.........................517610 lines processed
#  chr12
	......................452269 lines processed
#  chr13
	.................341586 lines processed
#  chr14
	...............315453 lines processed
#  chr15
	..............284856 lines processed
#  chr16
	...............310070 lines processed
#  chr17
	.............276882 lines processed
#  chr18
	.............278058 lines processed
#  chr19
	..........219127 lines processed
#  chr20
	..........218667 lines processed
#  chr21
	......126367 lines processed
#  chr22
	......134918 lines processed
# - Checking finished in 1072.0565s
--------------------------------------------------
# - Number of SNPs loaded: 48311
# Run Elastic net regression
# - Model fitting finised in 7708.9690s
# Total running time of current lipid: 147.2804m
# #################### 4 lipid processed ####################

# Load GWAS SNPs for current lipid: PC-P-36:3-
# Processing lipid: PC-P-36:3-

# Get dosage of GWAS SNPs to include in regression models
# - Checking by chromosome:
#  chr1
	......................................777221 lines processed
#  chr2
	..........................................841192 lines processed
#  chr3
	..................................691219 lines processed
#  chr4
	.................................679447 lines processed
#  chr5
	...............................637689 lines processed
#  chr6
	..............................614470 lines processed
#  chr7
	...........................551068 lines processed
#  chr8
	...........................552609 lines processed
#  chr9
	.....................431117 lines processed
#  chr10
	........................491252 lines processed
#  chr11
	.........................517692 lines processed
#  chr12
	......................451580 lines processed
#  chr13
	................339832 lines processed
#  chr14
	...............315226 lines processed
#  chr15
	..............284013 lines processed
#  chr16
	...............310194 lines processed
#  chr17
	.............276527 lines processed
#  chr18
	.............277960 lines processed
#  chr19
	..........217197 lines processed
#  chr20
	..........218870 lines processed
#  chr21
	......124247 lines processed
#  chr22
	......135900 lines processed
# - Checking finished in 1443.9692s
--------------------------------------------------
# - Number of SNPs loaded: 46245
# Run Elastic net regression
# - Model fitting finised in 11398.3058s
# Total running time of current lipid: 215.6188m
# #################### 5 lipid processed ####################

# Load GWAS SNPs for current lipid: PC-P-38:5-
# Processing lipid: PC-P-38:5-

# Get dosage of GWAS SNPs to include in regression models
# - Checking by chromosome:
#  chr1
	......................................778043 lines processed
#  chr2
	..........................................841451 lines processed
#  chr3
	..................................691142 lines processed
#  chr4
	..................................680225 lines processed
#  chr5
	...............................637331 lines processed
#  chr6
	..............................614470 lines processed
#  chr7
	...........................550839 lines processed
#  chr8
	...........................552626 lines processed
#  chr9
	.....................427915 lines processed
#  chr10
	........................491907 lines processed
#  chr11
	.........................515338 lines processed
#  chr12
	......................451542 lines processed
#  chr13
	.................341695 lines processed
#  chr14
	...............315031 lines processed
#  chr15
	..............284927 lines processed
#  chr16
	...............309005 lines processed
#  chr17
	.............276533 lines processed
#  chr18
	.............277960 lines processed
#  chr19
	..........218711 lines processed
#  chr20
	..........218928 lines processed
#  chr21
	......126508 lines processed
#  chr22
	......135953 lines processed
# - Checking finished in 833.9845s
--------------------------------------------------
# - Number of SNPs loaded: 50957
# Run Elastic net regression
# - Model fitting finised in 6031.4204s
# Total running time of current lipid: 115.2609m
# #################### 6 lipid processed ####################

# Load GWAS SNPs for current lipid: PC-P-38:5-
# Processing lipid: PC-P-38:5-

# Get dosage of GWAS SNPs to include in regression models
# - Checking by chromosome:
#  chr1
	......................................778312 lines processed
#  chr2
	..........................................841704 lines processed
#  chr3
	..................................690174 lines processed
#  chr4
	.................................679456 lines processed
#  chr5
	...............................636648 lines processed
#  chr6
	..............................614573 lines processed
#  chr7
	...........................551013 lines processed
#  chr8
	...........................552619 lines processed
#  chr9
	.....................429740 lines processed
#  chr10
	........................490097 lines processed
#  chr11
	.........................517740 lines processed
#  chr12
	......................452195 lines processed
#  chr13
	.................341332 lines processed
#  chr14
	...............315453 lines processed
#  chr15
	..............284262 lines processed
#  chr16
	...............310638 lines processed
#  chr17
	.............276683 lines processed
#  chr18
	.............277960 lines processed
#  chr19
	..........219428 lines processed
#  chr20
	..........218939 lines processed
#  chr21
	......126623 lines processed
#  chr22
	......135901 lines processed
# - Checking finished in 1089.3401s
--------------------------------------------------
# - Number of SNPs loaded: 72296
# Run Elastic net regression
# - Model fitting finised in 9958.9088s
# Total running time of current lipid: 185.1224m
# #################### 7 lipid processed ####################

# Load GWAS SNPs for current lipid: PC-P-42:5-
# Processing lipid: PC-P-42:5-

# Get dosage of GWAS SNPs to include in regression models
# - Checking by chromosome:
#  chr1
	......................................778043 lines processed
#  chr2
	..........................................841257 lines processed
#  chr3
	..................................691213 lines processed
#  chr4
	..................................680225 lines processed
#  chr5
	...............................637331 lines processed
#  chr6
	..............................614470 lines processed
#  chr7
	...........................550945 lines processed
#  chr8
	...........................552682 lines processed
#  chr9
	.....................430852 lines processed
#  chr10
	........................492101 lines processed
#  chr11
	.........................517171 lines processed
#  chr12
	......................452144 lines processed
#  chr13
	.................341182 lines processed
#  chr14
	...............314726 lines processed
#  chr15
	..............284890 lines processed
#  chr16
	...............310726 lines processed
#  chr17
	.............276912 lines processed
#  chr18
	.............277716 lines processed
#  chr19
	..........218777 lines processed
#  chr20
	..........218655 lines processed
#  chr21
	......126732 lines processed
#  chr22
	......135984 lines processed
# - Checking finished in 1033.5617s
--------------------------------------------------
# - Number of SNPs loaded: 60738
# Run Elastic net regression
# - Model fitting finised in 9881.8140s
# Total running time of current lipid: 182.9275m
# #################### 8 lipid processed ####################

# Load GWAS SNPs for current lipid: PC-P-44:5-
# Processing lipid: PC-P-44:5-

# Get dosage of GWAS SNPs to include in regression models
# - Checking by chromosome:
#  chr1
	......................................778245 lines processed
#  chr2
	..........................................840799 lines processed
#  chr3
	..................................691213 lines processed
#  chr4
	..................................680225 lines processed
#  chr5
	...............................637331 lines processed
#  chr6
	..............................614443 lines processed
#  chr7
	...........................550839 lines processed
#  chr8
	...........................552631 lines processed
#  chr9
	.....................430471 lines processed
#  chr10
	........................490940 lines processed
#  chr11
	.........................516405 lines processed
#  chr12
	......................451542 lines processed
#  chr13
	.................341182 lines processed
#  chr14
	...............313700 lines processed
#  chr15
	..............284283 lines processed
#  chr16
	...............310726 lines processed
#  chr17
	.............276724 lines processed
#  chr18
	.............277716 lines processed
#  chr19
	..........218790 lines processed
#  chr20
	..........218655 lines processed
#  chr21
	......126732 lines processed
#  chr22
	......135640 lines processed
# - Checking finished in 932.7204s
--------------------------------------------------
# - Number of SNPs loaded: 48695
# Run Elastic net regression
# - Model fitting finised in 5946.1511s
# Total running time of current lipid: 115.4705m
# #################### 9 lipid processed ####################

# Load GWAS SNPs for current lipid: PC-P-46:7-
# Processing lipid: PC-P-46:7-

# Get dosage of GWAS SNPs to include in regression models
# - Checking by chromosome:
#  chr1
	......................................778051 lines processed
#  chr2
	..........................................841576 lines processed
#  chr3
	..................................690206 lines processed
#  chr4
	..................................680307 lines processed
#  chr5
	...............................637690 lines processed
#  chr6
	..............................614443 lines processed
#  chr7
	...........................549540 lines processed
#  chr8
	...........................552341 lines processed
#  chr9
	.....................430240 lines processed
#  chr10
	........................491688 lines processed
#  chr11
	.........................517259 lines processed
#  chr12
	......................452261 lines processed
#  chr13
	.................341359 lines processed
#  chr14
	...............315450 lines processed
#  chr15
	..............284019 lines processed
#  chr16
	...............310039 lines processed
#  chr17
	.............276813 lines processed
#  chr18
	.............277548 lines processed
#  chr19
	..........218070 lines processed
#  chr20
	..........218814 lines processed
#  chr21
	......126451 lines processed
#  chr22
	......135779 lines processed
# - Checking finished in 763.2138s
--------------------------------------------------
# - Number of SNPs loaded: 34826
# Run Elastic net regression
# - Model fitting finised in 5977.3217s
# Total running time of current lipid: 112.8830m
# #################### 10 lipid processed ####################

# Load GWAS SNPs for current lipid: PC-P-46:8-
# Processing lipid: PC-P-46:8-

# Get dosage of GWAS SNPs to include in regression models
# - Checking by chromosome:
#  chr1
	......................................778114 lines processed
#  chr2
	..........................................841709 lines processed
#  chr3
	..................................691213 lines processed
#  chr4
	..................................680225 lines processed
#  chr5
	...............................637689 lines processed
#  chr6
	..............................614443 lines processed
#  chr7
	...........................551068 lines processed
#  chr8
	...........................552622 lines processed
#  chr9
	.....................430852 lines processed
#  chr10
	........................492101 lines processed
#  chr11
	.........................517692 lines processed
#  chr12
	......................452144 lines processed
#  chr13
	.................341182 lines processed
#  chr14
	...............315281 lines processed
#  chr15
	..............284834 lines processed
#  chr16
	...............310677 lines processed
#  chr17
	.............276912 lines processed
#  chr18
	.............277771 lines processed
#  chr19
	..........218711 lines processed
#  chr20
	..........218814 lines processed
#  chr21
	......126569 lines processed
#  chr22
	......135984 lines processed
# - Checking finished in 356.9970s
--------------------------------------------------
# - Number of SNPs loaded: 75926
# Run Elastic net regression
# - Model fitting finised in 12360.6261s
# Total running time of current lipid: 212.4961m
# #################### 11 lipid processed ####################

# Load GWAS SNPs for current lipid: LPC-14:0-
# Processing lipid: LPC-14:0-

# Get dosage of GWAS SNPs to include in regression models
# - Checking by chromosome:
#  chr1
	......................................778174 lines processed
#  chr2
	..........................................841396 lines processed
#  chr3
	..................................691139 lines processed
#  chr4
	.................................679666 lines processed
#  chr5
	...............................637299 lines processed
#  chr6
	..............................614557 lines processed
#  chr7
	...........................549903 lines processed
#  chr8
	...........................552336 lines processed
#  chr9
	.....................431280 lines processed
#  chr10
	........................492065 lines processed
#  chr11
	.........................517658 lines processed
#  chr12
	......................451706 lines processed
#  chr13
	.................341613 lines processed
#  chr14
	...............315447 lines processed
#  chr15
	..............284854 lines processed
#  chr16
	...............310641 lines processed
#  chr17
	.............272740 lines processed
#  chr18
	.............277775 lines processed
#  chr19
	..........219384 lines processed
#  chr20
	..........218208 lines processed
#  chr21
	......126411 lines processed
#  chr22
	......135684 lines processed
# - Checking finished in 629.0641s
--------------------------------------------------
# - Number of SNPs loaded: 55045
# Run Elastic net regression
# - Model fitting finised in 7216.3385s
# Total running time of current lipid: 131.6634m
# #################### 12 lipid processed ####################

# Load GWAS SNPs for current lipid: LPC-14:0-
# Processing lipid: LPC-14:0-

# Get dosage of GWAS SNPs to include in regression models
# - Checking by chromosome:
#  chr1
	......................................777401 lines processed
#  chr2
	..........................................841396 lines processed
#  chr3
	..................................691139 lines processed
#  chr4
	.................................679316 lines processed
#  chr5
	...............................637299 lines processed
#  chr6
	..............................614557 lines processed
#  chr7
	...........................549903 lines processed
#  chr8
	...........................552336 lines processed
#  chr9
	.....................431280 lines processed
#  chr10
	........................492018 lines processed
#  chr11
	.........................517658 lines processed
#  chr12
	......................451706 lines processed
#  chr13
	.................341613 lines processed
#  chr14
	...............315447 lines processed
#  chr15
	..............284854 lines processed
#  chr16
	...............310641 lines processed
#  chr17
	.............272740 lines processed
#  chr18
	.............277775 lines processed
#  chr19
	..........219384 lines processed
#  chr20
	..........217847 lines processed
#  chr21
	......126411 lines processed
#  chr22
	......135684 lines processed
# - Checking finished in 735.6009s
--------------------------------------------------
# - Number of SNPs loaded: 54330
# Run Elastic net regression
# - Model fitting finised in 8955.2729s
# Total running time of current lipid: 162.1937m
# #################### 13 lipid processed ####################

# Load GWAS SNPs for current lipid: LPC-15-MHDA-
# Processing lipid: LPC-15-MHDA-

# Get dosage of GWAS SNPs to include in regression models
# - Checking by chromosome:
#  chr1
	......................................778231 lines processed
#  chr2
	..........................................841652 lines processed
#  chr3
	..................................691194 lines processed
#  chr4
	.................................679936 lines processed
#  chr5
	...............................637315 lines processed
#  chr6
	..............................614638 lines processed
#  chr7
	...........................550413 lines processed
#  chr8
	...........................552195 lines processed
#  chr9
	.....................430488 lines processed
#  chr10
	........................492069 lines processed
#  chr11
	.........................517765 lines processed
#  chr12
	......................451951 lines processed
#  chr13
	.................341658 lines processed
#  chr14
	...............314730 lines processed
#  chr15
	..............284248 lines processed
#  chr16
	...............310730 lines processed
#  chr17
	.............273838 lines processed
#  chr18
	.............277771 lines processed
#  chr19
	..........219197 lines processed
#  chr20
	..........218439 lines processed
#  chr21
	......126604 lines processed
#  chr22
	......135872 lines processed
# - Checking finished in 889.8248s
--------------------------------------------------
# - Number of SNPs loaded: 46016
# Run Elastic net regression
# - Model fitting finised in 6675.3403s
# Total running time of current lipid: 126.5275m
# #################### 14 lipid processed ####################

# Load GWAS SNPs for current lipid: LPC-15-MHDA-
# Processing lipid: LPC-15-MHDA-

# Get dosage of GWAS SNPs to include in regression models
# - Checking by chromosome:
#  chr1
	......................................777207 lines processed
#  chr2
	..........................................841652 lines processed
#  chr3
	..................................690744 lines processed
#  chr4
	.................................679936 lines processed
#  chr5
	...............................637315 lines processed
#  chr6
	..............................614382 lines processed
#  chr7
	...........................550413 lines processed
#  chr8
	...........................552136 lines processed
#  chr9
	.....................430488 lines processed
#  chr10
	........................492069 lines processed
#  chr11
	.........................517765 lines processed
#  chr12
	......................451951 lines processed
#  chr13
	.................341658 lines processed
#  chr14
	...............314169 lines processed
#  chr15
	..............283635 lines processed
#  chr16
	...............310730 lines processed
#  chr17
	.............276954 lines processed
#  chr18
	.............277771 lines processed
#  chr19
	..........219335 lines processed
#  chr20
	..........218439 lines processed
#  chr21
	......126604 lines processed
#  chr22
	......135872 lines processed
# - Checking finished in 762.5686s
--------------------------------------------------
# - Number of SNPs loaded: 37657
# Run Elastic net regression
# - Model fitting finised in 6330.7548s
# Total running time of current lipid: 118.7389m
# #################### 15 lipid processed ####################

# Load GWAS SNPs for current lipid: LPC-15-MHDA-
# Processing lipid: LPC-15-MHDA-

# Get dosage of GWAS SNPs to include in regression models
# - Checking by chromosome:
#  chr1
	......................................777207 lines processed
#  chr2
	..........................................841652 lines processed
#  chr3
	..................................691164 lines processed
#  chr4
	.................................679936 lines processed
#  chr5
	...............................637315 lines processed
#  chr6
	..............................613243 lines processed
#  chr7
	...........................550127 lines processed
#  chr8
	...........................552136 lines processed
#  chr9
	.....................431045 lines processed
#  chr10
	........................492069 lines processed
#  chr11
	.........................517765 lines processed
#  chr12
	......................451845 lines processed
#  chr13
	.................341658 lines processed
#  chr14
	...............314730 lines processed
#  chr15
	..............283635 lines processed
#  chr16
	...............310730 lines processed
#  chr17
	.............276954 lines processed
#  chr18
	.............276144 lines processed
#  chr19
	..........219335 lines processed
#  chr20
	..........218960 lines processed
#  chr21
	......126722 lines processed
#  chr22
	......135872 lines processed
# - Checking finished in 531.7611s
--------------------------------------------------
# - Number of SNPs loaded: 50155
# Run Elastic net regression
# - Model fitting finised in 7342.1877s
# Total running time of current lipid: 131.6962m
# #################### 16 lipid processed ####################

# Load GWAS SNPs for current lipid: LPC-15:0-
# Processing lipid: LPC-15:0-

# Get dosage of GWAS SNPs to include in regression models
# - Checking by chromosome:
#  chr1
	......................................778015 lines processed
#  chr2
	..........................................841488 lines processed
#  chr3
	..................................690597 lines processed
#  chr4
	..................................680311 lines processed
#  chr5
	...............................637233 lines processed
#  chr6
	..............................614382 lines processed
#  chr7
	...........................550413 lines processed
#  chr8
	...........................552479 lines processed
#  chr9
	.....................431144 lines processed
#  chr10
	........................492018 lines processed
#  chr11
	.........................516939 lines processed
#  chr12
	......................451951 lines processed
#  chr13
	.................340264 lines processed
#  chr14
	...............314730 lines processed
#  chr15
	..............284920 lines processed
#  chr16
	...............310550 lines processed
#  chr17
	.............276853 lines processed
#  chr18
	.............277706 lines processed
#  chr19
	..........219154 lines processed
#  chr20
	..........218439 lines processed
#  chr21
	......126733 lines processed
#  chr22
	......135377 lines processed
# - Checking finished in 569.1515s
--------------------------------------------------
# - Number of SNPs loaded: 39853
# Run Elastic net regression
# - Model fitting finised in 6118.7505s
# Total running time of current lipid: 111.7296m
# #################### 17 lipid processed ####################

# Load GWAS SNPs for current lipid: LPC-15:0-
# Processing lipid: LPC-15:0-

# Get dosage of GWAS SNPs to include in regression models
# - Checking by chromosome:
#  chr1
	......................................778015 lines processed
#  chr2
	..........................................841471 lines processed
#  chr3
	..................................690597 lines processed
#  chr4
	..................................680311 lines processed
#  chr5
	...............................637233 lines processed
#  chr6
	..............................614382 lines processed
#  chr7
	...........................549463 lines processed
#  chr8
	...........................552479 lines processed
#  chr9
	.....................431202 lines processed
#  chr10
	........................492018 lines processed
#  chr11
	.........................516799 lines processed
#  chr12
	......................451870 lines processed
#  chr13
	.................340264 lines processed
#  chr14
	...............315447 lines processed
#  chr15
	..............284920 lines processed
#  chr16
	...............310550 lines processed
#  chr17
	.............276681 lines processed
#  chr18
	.............277711 lines processed
#  chr19
	..........219302 lines processed
#  chr20
	..........218439 lines processed
#  chr21
	......126733 lines processed
#  chr22
	......135377 lines processed
# - Checking finished in 518.1910s
--------------------------------------------------
# - Number of SNPs loaded: 46983
# Run Elastic net regression
# - Model fitting finised in 6570.6184s
# Total running time of current lipid: 118.6062m
# #################### 18 lipid processed ####################

# Load GWAS SNPs for current lipid: LPC-16:0-
# Processing lipid: LPC-16:0-

# Get dosage of GWAS SNPs to include in regression models
# - Checking by chromosome:
#  chr1
	......................................777482 lines processed
#  chr2
	..........................................841727 lines processed
#  chr3
	..................................690232 lines processed
#  chr4
	..................................680255 lines processed
#  chr5
	...............................636016 lines processed
#  chr6
	..............................614383 lines processed
#  chr7
	...........................550824 lines processed
#  chr8
	...........................552052 lines processed
#  chr9
	.....................431202 lines processed
#  chr10
	........................492018 lines processed
#  chr11
	.........................517738 lines processed
#  chr12
	......................451951 lines processed
#  chr13
	.................341740 lines processed
#  chr14
	...............315447 lines processed
#  chr15
	..............282000 lines processed
#  chr16
	...............310563 lines processed
#  chr17
	.............276682 lines processed
#  chr18
	.............277875 lines processed
#  chr19
	..........219315 lines processed
#  chr20
	..........218819 lines processed
#  chr21
	......126604 lines processed
#  chr22
	......135200 lines processed
# - Checking finished in 1047.3989s
--------------------------------------------------
# - Number of SNPs loaded: 54088
# Run Elastic net regression
# - Model fitting finised in 6786.8248s
# Total running time of current lipid: 131.2702m
# #################### 19 lipid processed ####################

# Load GWAS SNPs for current lipid: LPC-16:0-
# Processing lipid: LPC-16:0-

# Get dosage of GWAS SNPs to include in regression models
# - Checking by chromosome:
#  chr1
	......................................777482 lines processed
#  chr2
	..........................................841694 lines processed
#  chr3
	..................................690699 lines processed
#  chr4
	..................................680164 lines processed
#  chr5
	...............................636694 lines processed
#  chr6
	..............................614514 lines processed
#  chr7
	...........................550846 lines processed
#  chr8
	...........................551571 lines processed
#  chr9
	.....................431202 lines processed
#  chr10
	........................491709 lines processed
#  chr11
	.........................517097 lines processed
#  chr12
	......................452296 lines processed
#  chr13
	.................341740 lines processed
#  chr14
	...............315463 lines processed
#  chr15
	..............284404 lines processed
#  chr16
	...............310563 lines processed
#  chr17
	.............276856 lines processed
#  chr18
	.............277875 lines processed
#  chr19
	..........219302 lines processed
#  chr20
	..........218819 lines processed
#  chr21
	......126604 lines processed
#  chr22
	......135875 lines processed
# - Checking finished in 956.7041s
--------------------------------------------------
# - Number of SNPs loaded: 62512
# Run Elastic net regression
# - Model fitting finised in 12517.2647s
# Total running time of current lipid: 225.5352m
# #################### 20 lipid processed ####################

# Load GWAS SNPs for current lipid: LPC-16:1-
# Processing lipid: LPC-16:1-

# Get dosage of GWAS SNPs to include in regression models
# - Checking by chromosome:
#  chr1
	......................................778079 lines processed
#  chr2
	..........................................840882 lines processed
#  chr3
	..................................690256 lines processed
#  chr4
	..................................680225 lines processed
#  chr5
	...............................637401 lines processed
#  chr6
	..............................614536 lines processed
#  chr7
	...........................550839 lines processed
#  chr8
	...........................551915 lines processed
#  chr9
	.....................431202 lines processed
#  chr10
	........................492058 lines processed
#  chr11
	.........................517637 lines processed
#  chr12
	......................452312 lines processed
#  chr13
	.................341640 lines processed
#  chr14
	...............315447 lines processed
#  chr15
	..............284787 lines processed
#  chr16
	...............309958 lines processed
#  chr17
	.............276930 lines processed
#  chr18
	.............277952 lines processed
#  chr19
	..........219302 lines processed
#  chr20
	..........218819 lines processed
#  chr21
	......126733 lines processed
#  chr22
	......136010 lines processed
# - Checking finished in 475.8308s
--------------------------------------------------
# - Number of SNPs loaded: 59192
# Run Elastic net regression
# - Model fitting finised in 7684.5812s
# Total running time of current lipid: 136.6398m
# #################### 21 lipid processed ####################

# Load GWAS SNPs for current lipid: LPC-16:1-
# Processing lipid: LPC-16:1-

# Get dosage of GWAS SNPs to include in regression models
# - Checking by chromosome:
#  chr1
	......................................778311 lines processed
#  chr2
	..........................................840432 lines processed
#  chr3
	..................................690250 lines processed
#  chr4
	..................................680225 lines processed
#  chr5
	...............................637338 lines processed
#  chr6
	..............................614536 lines processed
#  chr7
	...........................551078 lines processed
#  chr8
	...........................551915 lines processed
#  chr9
	.....................431202 lines processed
#  chr10
	........................491963 lines processed
#  chr11
	.........................517331 lines processed
#  chr12
	......................452215 lines processed
#  chr13
	.................341182 lines processed
#  chr14
	...............315447 lines processed
#  chr15
	..............284283 lines processed
#  chr16
	...............309958 lines processed
#  chr17
	.............276930 lines processed
#  chr18
	.............277952 lines processed
#  chr19
	..........219302 lines processed
#  chr20
	..........218526 lines processed
#  chr21
	......126733 lines processed
#  chr22
	......136010 lines processed
# - Checking finished in 635.7877s
--------------------------------------------------
# - Number of SNPs loaded: 56655
# Run Elastic net regression
# - Model fitting finised in 8292.9833s
# Total running time of current lipid: 149.3681m
# #################### 22 lipid processed ####################

# Load GWAS SNPs for current lipid: LPC-17:0-
# Processing lipid: LPC-17:0-

# Get dosage of GWAS SNPs to include in regression models
# - Checking by chromosome:
#  chr1
	......................................777793 lines processed
#  chr2
	..........................................841652 lines processed
#  chr3
	..................................691194 lines processed
#  chr4
	.................................679625 lines processed
#  chr5
	...............................636780 lines processed
#  chr6
	..............................614638 lines processed
#  chr7
	...........................551050 lines processed
#  chr8
	...........................551501 lines processed
#  chr9
	.....................431202 lines processed
#  chr10
	........................491930 lines processed
#  chr11
	.........................517727 lines processed
#  chr12
	......................452259 lines processed
#  chr13
	.................341658 lines processed
#  chr14
	...............315447 lines processed
#  chr15
	..............284248 lines processed
#  chr16
	...............310730 lines processed
#  chr17
	.............276290 lines processed
#  chr18
	.............277771 lines processed
#  chr19
	..........219302 lines processed
#  chr20
	..........218581 lines processed
#  chr21
	......126604 lines processed
#  chr22
	......135536 lines processed
# - Checking finished in 408.5043s
--------------------------------------------------
# - Number of SNPs loaded: 62755
# Run Elastic net regression
# - Model fitting finised in 14461.8475s
# Total running time of current lipid: 248.3179m
# #################### 23 lipid processed ####################

# Load GWAS SNPs for current lipid: LPC-17:1-
# Processing lipid: LPC-17:1-

# Get dosage of GWAS SNPs to include in regression models
# - Checking by chromosome:
#  chr1
	......................................777793 lines processed
#  chr2
	..........................................841652 lines processed
#  chr3
	..................................691198 lines processed
#  chr4
	..................................680290 lines processed
#  chr5
	...............................637011 lines processed
#  chr6
	..............................614536 lines processed
#  chr7
	...........................551032 lines processed
#  chr8
	...........................551775 lines processed
#  chr9
	.....................431059 lines processed
#  chr10
	........................492058 lines processed
#  chr11
	.........................516891 lines processed
#  chr12
	......................452335 lines processed
#  chr13
	.................341766 lines processed
#  chr14
	...............315389 lines processed
#  chr15
	..............284793 lines processed
#  chr16
	...............310744 lines processed
#  chr17
	.............276853 lines processed
#  chr18
	.............278021 lines processed
#  chr19
	..........216518 lines processed
#  chr20
	..........218713 lines processed
#  chr21
	......126733 lines processed
#  chr22
	......135992 lines processed
# - Checking finished in 388.1177s
--------------------------------------------------
# - Number of SNPs loaded: 57317
# Run Elastic net regression
^[[B^[[B^[[B^[[B^[[B^[[B                        # - Model fitting finised in 9380.6277s
# Total running time of current lipid: 163.4530m
# #################### 24 lipid processed ####################

# Load GWAS SNPs for current lipid: LPC-17:1-
# Processing lipid: LPC-17:1-

# Get dosage of GWAS SNPs to include in regression models
# - Checking by chromosome:
#  chr1
	......................................778079 lines processed
#  chr2
	..........................................841652 lines processed
#  chr3
	..................................689388 lines processed
#  chr4
	..................................680290 lines processed
#  chr5
	...............................637011 lines processed
#  chr6
	..............................614638 lines processed
#  chr7
	...........................550563 lines processed
#  chr8
	...........................551775 lines processed
#  chr9
	.....................430885 lines processed
#  chr10
	........................492058 lines processed
#  chr11
	.........................517637 lines processed
#  chr12
	......................452335 lines processed
#  chr13
	.................341766 lines processed
#  chr14
	...............315469 lines processed
#  chr15
	..............284402 lines processed
#  chr16
	...............310730 lines processed
#  chr17
	.............276853 lines processed
#  chr18
	.............278021 lines processed
#  chr19
	..........218578 lines processed
#  chr20
	..........218669 lines processed
#  chr21
	......126733 lines processed
#  chr22
	......136010 lines processed
# - Checking finished in 501.7146s
--------------------------------------------------
# - Number of SNPs loaded: 46887
# Run Elastic net regression
# - Model fitting finised in 7329.9426s
# Total running time of current lipid: 130.8572m
# #################### 25 lipid processed ####################

# Load GWAS SNPs for current lipid: LPC-17:1-
# Processing lipid: LPC-17:1-

# Get dosage of GWAS SNPs to include in regression models
# - Checking by chromosome:
#  chr1
	......................................778079 lines processed
#  chr2
	..........................................841490 lines processed
#  chr3
	..................................691195 lines processed
#  chr4
	.................................678930 lines processed
#  chr5
	...............................637709 lines processed
#  chr6
	..............................614290 lines processed
#  chr7
	...........................550563 lines processed
#  chr8
	...........................551129 lines processed
#  chr9
	.....................430885 lines processed
#  chr10
	........................491739 lines processed
#  chr11
	.........................517637 lines processed
#  chr12
	......................451845 lines processed
#  chr13
	.................340422 lines processed
#  chr14
	...............313978 lines processed
#  chr15
	..............284402 lines processed
#  chr16
	...............310695 lines processed
#  chr17
	.............276124 lines processed
#  chr18
	.............277483 lines processed
#  chr19
	..........218578 lines processed
#  chr20
	..........218960 lines processed
#  chr21
	......126722 lines processed
#  chr22
	......135338 lines processed
# - Checking finished in 510.4633s
--------------------------------------------------
# - Number of SNPs loaded: 44048
# Run Elastic net regression
# - Model fitting finised in 5220.8206s
# Total running time of current lipid: 96.0162m
# #################### 26 lipid processed ####################

# Load GWAS SNPs for current lipid: LPC-17:1-
# Processing lipid: LPC-17:1-

# Get dosage of GWAS SNPs to include in regression models
# - Checking by chromosome:
#  chr1
	......................................778079 lines processed
#  chr2
	..........................................841652 lines processed
#  chr3
	..................................691198 lines processed
#  chr4
	..................................680290 lines processed
#  chr5
	...............................637233 lines processed
#  chr6
	..............................614536 lines processed
#  chr7
	...........................551032 lines processed
#  chr8
	...........................551775 lines processed
#  chr9
	.....................431059 lines processed
#  chr10
	........................492058 lines processed
#  chr11
	.........................517637 lines processed
#  chr12
	......................452335 lines processed
#  chr13
	.................341766 lines processed
#  chr14
	...............315389 lines processed
#  chr15
	..............284793 lines processed
#  chr16
	...............310550 lines processed
#  chr17
	.............276853 lines processed
#  chr18
	.............277989 lines processed
#  chr19
	..........218578 lines processed
#  chr20
	..........218669 lines processed
#  chr21
	......126733 lines processed
#  chr22
	......135992 lines processed
# - Checking finished in 454.0910s
--------------------------------------------------
# - Number of SNPs loaded: 50886
# Run Elastic net regression
# - Model fitting finised in 7301.0991s
# Total running time of current lipid: 129.7281m
# #################### 27 lipid processed ####################

# Load GWAS SNPs for current lipid: LPC-18:0-
# Processing lipid: LPC-18:0-

# Get dosage of GWAS SNPs to include in regression models
# - Checking by chromosome:
#  chr1
	......................................777943 lines processed
#  chr2
	..........................................841727 lines processed
#  chr3
	..................................690502 lines processed
#  chr4
	.................................679322 lines processed
#  chr5
	...............................636694 lines processed
#  chr6
	..............................614514 lines processed
#  chr7
	...........................551064 lines processed
#  chr8
	...........................551375 lines processed
#  chr9
	.....................431202 lines processed
#  chr10
	........................491514 lines processed
#  chr11
	.........................517097 lines processed
#  chr12
	......................451962 lines processed
#  chr13
	.................341740 lines processed
#  chr14
	...............315463 lines processed
#  chr15
	..............284890 lines processed
#  chr16
	...............310047 lines processed
#  chr17
	.............276747 lines processed
#  chr18
	.............277967 lines processed
#  chr19
	..........219302 lines processed
#  chr20
	..........218643 lines processed
#  chr21
	......126604 lines processed
#  chr22
	......135200 lines processed
# - Checking finished in 479.7350s
--------------------------------------------------
# - Number of SNPs loaded: 54347
# Run Elastic net regression
# - Model fitting finised in 8553.2673s
# Total running time of current lipid: 151.0620m
# #################### 28 lipid processed ####################

# Load GWAS SNPs for current lipid: LPC-18:0-
# Processing lipid: LPC-18:0-

# Get dosage of GWAS SNPs to include in regression models
# - Checking by chromosome:
#  chr1
	......................................777943 lines processed
#  chr2
	..........................................841504 lines processed
#  chr3
	..................................690699 lines processed
#  chr4
	..................................680164 lines processed
#  chr5
	...............................635739 lines processed
#  chr6
	..............................613922 lines processed
#  chr7
	...........................551064 lines processed
#  chr8
	...........................552149 lines processed
#  chr9
	.....................431202 lines processed
#  chr10
	........................490214 lines processed
#  chr11
	.........................517030 lines processed
#  chr12
	......................452296 lines processed
#  chr13
	.................341712 lines processed
#  chr14
	...............315447 lines processed
#  chr15
	..............283566 lines processed
#  chr16
	...............310047 lines processed
#  chr17
	.............276267 lines processed
#  chr18
	.............277832 lines processed
#  chr19
	..........219302 lines processed
#  chr20
	..........218439 lines processed
#  chr21
	......126604 lines processed
#  chr22
	......135200 lines processed
# - Checking finished in 367.8819s
--------------------------------------------------
# - Number of SNPs loaded: 50485
# Run Elastic net regression
# - Model fitting finised in 4490.1355s
# Total running time of current lipid: 81.3170m
# #################### 29 lipid processed ####################

# Load GWAS SNPs for current lipid: LPC-18:1-
# Processing lipid: LPC-18:1-

# Get dosage of GWAS SNPs to include in regression models
# - Checking by chromosome:
#  chr1
	......................................778303 lines processed
#  chr2
	..........................................841683 lines processed
#  chr3
	..................................690502 lines processed
#  chr4
	.................................678874 lines processed
#  chr5
	...............................637532 lines processed
#  chr6
	..............................614461 lines processed
#  chr7
	...........................550546 lines processed
#  chr8
	...........................551762 lines processed
#  chr9
	.....................431214 lines processed
#  chr10
	........................490912 lines processed
#  chr11
	.........................516903 lines processed
#  chr12
	......................452312 lines processed
#  chr13
	.................341774 lines processed
#  chr14
	...............315051 lines processed
#  chr15
	..............284005 lines processed
#  chr16
	...............309605 lines processed
#  chr17
	.............276682 lines processed
#  chr18
	.............277967 lines processed
#  chr19
	..........219016 lines processed
#  chr20
	..........218643 lines processed
#  chr21
	......126604 lines processed
#  chr22
	......136004 lines processed
# - Checking finished in 460.0292s
--------------------------------------------------
# - Number of SNPs loaded: 38261
# Run Elastic net regression
# - Model fitting finised in 3577.1219s
# Total running time of current lipid: 67.5720m
# #################### 30 lipid processed ####################

# Load GWAS SNPs for current lipid: LPC-18:1-
# Processing lipid: LPC-18:1-

# Get dosage of GWAS SNPs to include in regression models
# - Checking by chromosome:
#  chr1
	......................................778043 lines processed
#  chr2
	..........................................841683 lines processed
#  chr3
	..................................690502 lines processed
#  chr4
	..................................680225 lines processed
#  chr5
	...............................637401 lines processed
#  chr6
	..............................614461 lines processed
#  chr7
	...........................550839 lines processed
#  chr8
	...........................551915 lines processed
#  chr9
	.....................431214 lines processed
#  chr10
	........................490912 lines processed
#  chr11
	.........................516903 lines processed
#  chr12
	......................452312 lines processed
#  chr13
	.................341774 lines processed
#  chr14
	...............315389 lines processed
#  chr15
	..............284283 lines processed
#  chr16
	...............307946 lines processed
#  chr17
	.............276853 lines processed
#  chr18
	.............277967 lines processed
#  chr19
	..........219016 lines processed
#  chr20
	..........218788 lines processed
#  chr21
	......126604 lines processed
#  chr22
	......135528 lines processed
# - Checking finished in 411.0886s
--------------------------------------------------
# - Number of SNPs loaded: 38297
# Run Elastic net regression
# - Model fitting finised in 4051.7234s
# Total running time of current lipid: 74.6632m
# #################### 31 lipid processed ####################

# Load GWAS SNPs for current lipid: LPC-18:2-
# Processing lipid: LPC-18:2-

# Get dosage of GWAS SNPs to include in regression models
# - Checking by chromosome:
#  chr1
	......................................777953 lines processed
#  chr2
	..........................................841713 lines processed
#  chr3
	..................................691010 lines processed
#  chr4
	.................................679619 lines processed
#  chr5
	...............................637332 lines processed
#  chr6
	..............................614536 lines processed
#  chr7
	...........................551046 lines processed
#  chr8
	...........................552199 lines processed
#  chr9
	.....................431202 lines processed
#  chr10
	........................492047 lines processed
#  chr11
	.........................516941 lines processed
#  chr12
	......................451850 lines processed
#  chr13
	.................341774 lines processed
#  chr14
	...............315447 lines processed
#  chr15
	..............284990 lines processed
#  chr16
	...............310403 lines processed
#  chr17
	.............276811 lines processed
#  chr18
	.............277270 lines processed
#  chr19
	..........219302 lines processed
#  chr20
	..........218581 lines processed
#  chr21
	......126669 lines processed
#  chr22
	......136004 lines processed
# - Checking finished in 508.2656s
--------------------------------------------------
# - Number of SNPs loaded: 52667
# Run Elastic net regression
# - Model fitting finised in 10301.0179s
# Total running time of current lipid: 180.5969m
# #################### 32 lipid processed ####################

# Load GWAS SNPs for current lipid: LPC-18:2-
# Processing lipid: LPC-18:2-

# Get dosage of GWAS SNPs to include in regression models
# - Checking by chromosome:
#  chr1
	......................................777953 lines processed
#  chr2
	..........................................841623 lines processed
#  chr3
	..................................690926 lines processed
#  chr4
	.................................679619 lines processed
#  chr5
	...............................637428 lines processed
#  chr6
	..............................614536 lines processed
#  chr7
	...........................551046 lines processed
#  chr8
	...........................552199 lines processed
#  chr9
	.....................431202 lines processed
#  chr10
	........................492047 lines processed
#  chr11
	.........................516648 lines processed
#  chr12
	......................452079 lines processed
#  chr13
	.................341658 lines processed
#  chr14
	...............315447 lines processed
#  chr15
	..............284990 lines processed
#  chr16
	...............308040 lines processed
#  chr17
	.............276171 lines processed
#  chr18
	.............277839 lines processed
#  chr19
	..........219302 lines processed
#  chr20
	..........218744 lines processed
#  chr21
	......126604 lines processed
#  chr22
	......135200 lines processed
# - Checking finished in 354.6884s
--------------------------------------------------
# - Number of SNPs loaded: 38018
# Run Elastic net regression
# - Model fitting finised in 6543.1337s
# Total running time of current lipid: 115.2471m
# #################### 33 lipid processed ####################

# Load GWAS SNPs for current lipid: LPC-18:3-
# Processing lipid: LPC-18:3-

# Get dosage of GWAS SNPs to include in regression models
# - Checking by chromosome:
#  chr1
	......................................778291 lines processed
#  chr2
	..........................................841683 lines processed
#  chr3
	..................................691204 lines processed
#  chr4
	..................................680328 lines processed
#  chr5
	...............................637204 lines processed
#  chr6
	..............................614642 lines processed
#  chr7
	...........................551029 lines processed
#  chr8
	...........................552621 lines processed
#  chr9
	.....................431280 lines processed
#  chr10
	........................492103 lines processed
#  chr11
	.........................517138 lines processed
#  chr12
	......................449738 lines processed
#  chr13
	.................341309 lines processed
#  chr14
	...............315206 lines processed
#  chr15
	..............284181 lines processed
#  chr16
	...............310261 lines processed
#  chr17
	.............276853 lines processed
#  chr18
	.............277643 lines processed
#  chr19
	..........219429 lines processed
#  chr20
	..........218745 lines processed
#  chr21
	......126746 lines processed
#  chr22
	......135988 lines processed
# - Checking finished in 394.2438s
--------------------------------------------------
# - Number of SNPs loaded: 51206
# Run Elastic net regression
# - Model fitting finised in 8135.7255s
# Total running time of current lipid: 142.8942m
# #################### 34 lipid processed ####################

# Load GWAS SNPs for current lipid: LPC-18:3-
# Processing lipid: LPC-18:3-

# Get dosage of GWAS SNPs to include in regression models
# - Checking by chromosome:
#  chr1
	......................................778291 lines processed
#  chr2
	..........................................841683 lines processed
#  chr3
	..................................691204 lines processed
#  chr4
	..................................680328 lines processed
#  chr5
	...............................637204 lines processed
#  chr6
	..............................614642 lines processed
#  chr7
	...........................551054 lines processed
#  chr8
	...........................552621 lines processed
#  chr9
	.....................431280 lines processed
#  chr10
	........................492103 lines processed
#  chr11
	.........................516255 lines processed
#  chr12
	......................451530 lines processed
#  chr13
	.................341309 lines processed
#  chr14
	...............315206 lines processed
#  chr15
	..............284181 lines processed
#  chr16
	...............310562 lines processed
#  chr17
	.............276861 lines processed
#  chr18
	.............277172 lines processed
#  chr19
	..........219429 lines processed
#  chr20
	..........218745 lines processed
#  chr21
	......126705 lines processed
#  chr22
	......135988 lines processed
# - Checking finished in 458.2722s
--------------------------------------------------
# - Number of SNPs loaded: 42354
# Run Elastic net regression
# - Model fitting finised in 4155.5153s
# Total running time of current lipid: 77.1945m
# #################### 35 lipid processed ####################

# Load GWAS SNPs for current lipid: LPC-18:3-
# Processing lipid: LPC-18:3-

# Get dosage of GWAS SNPs to include in regression models
# - Checking by chromosome:
#  chr1
	......................................778291 lines processed
#  chr2
	..........................................841683 lines processed
#  chr3
	..................................691204 lines processed
#  chr4
	..................................680245 lines processed
#  chr5
	...............................637204 lines processed
#  chr6
	..............................614231 lines processed
#  chr7
	...........................550637 lines processed
#  chr8
	...........................552621 lines processed
#  chr9
	.....................431003 lines processed
#  chr10
	........................492103 lines processed
#  chr11
	.........................516492 lines processed
#  chr12
	......................451530 lines processed
#  chr13
	.................341309 lines processed
#  chr14
	...............314730 lines processed
#  chr15
	..............284181 lines processed
#  chr16
	...............310562 lines processed
#  chr17
	.............276856 lines processed
#  chr18
	.............277172 lines processed
#  chr19
	..........219030 lines processed
#  chr20
	..........218726 lines processed
#  chr21
	......126705 lines processed
#  chr22
	......135988 lines processed
# - Checking finished in 399.4633s
--------------------------------------------------
# - Number of SNPs loaded: 40800
# Run Elastic net regression
# - Model fitting finised in 6035.2664s
# Total running time of current lipid: 107.5476m
# #################### 36 lipid processed ####################

# Load GWAS SNPs for current lipid: LPC-18:3-
# Processing lipid: LPC-18:3-

# Get dosage of GWAS SNPs to include in regression models
# - Checking by chromosome:
#  chr1
	......................................778291 lines processed
#  chr2
	..........................................841683 lines processed
#  chr3
	..................................691204 lines processed
#  chr4
	..................................680328 lines processed
#  chr5
	...............................637204 lines processed
#  chr6
	..............................614383 lines processed
#  chr7
	...........................550637 lines processed
#  chr8
	...........................552621 lines processed
#  chr9
	.....................430885 lines processed
#  chr10
	........................492103 lines processed
#  chr11
	.........................516598 lines processed
#  chr12
	......................451530 lines processed
#  chr13
	.................341309 lines processed
#  chr14
	...............314730 lines processed
#  chr15
	..............284181 lines processed
#  chr16
	...............310562 lines processed
#  chr17
	.............276853 lines processed
#  chr18
	.............277988 lines processed
#  chr19
	..........219429 lines processed
#  chr20
	..........218726 lines processed
#  chr21
	......126546 lines processed
#  chr22
	......135988 lines processed
# - Checking finished in 702.0902s
--------------------------------------------------
# - Number of SNPs loaded: 42464
# Run Elastic net regression
# - Model fitting finised in 3657.4072s
# Total running time of current lipid: 73.0074m
# #################### 37 lipid processed ####################

# Load GWAS SNPs for current lipid: LPC-19:0-
# Processing lipid: LPC-19:0-

# Get dosage of GWAS SNPs to include in regression models
# - Checking by chromosome:
#  chr1
	......................................777953 lines processed
#  chr2
	..........................................840813 lines processed
#  chr3
	..................................691194 lines processed
#  chr4
	.................................679075 lines processed
#  chr5
	...............................636852 lines processed
#  chr6
	..............................614638 lines processed
#  chr7
	...........................550431 lines processed
#  chr8
	...........................550599 lines processed
#  chr9
	.....................431266 lines processed
#  chr10
	........................491618 lines processed
#  chr11
	.........................516356 lines processed
#  chr12
	......................451725 lines processed
#  chr13
	.................341774 lines processed
#  chr14
	...............315267 lines processed
#  chr15
	..............285019 lines processed
#  chr16
	...............309571 lines processed
#  chr17
	.............276954 lines processed
#  chr18
	.............277771 lines processed
#  chr19
	..........218365 lines processed
#  chr20
	..........218812 lines processed
#  chr21
	......126604 lines processed
#  chr22
	......135455 lines processed
# - Checking finished in 484.8359s
--------------------------------------------------
# - Number of SNPs loaded: 36046
# Run Elastic net regression
# - Model fitting finised in 5674.8785s
# Total running time of current lipid: 102.9311m
# #################### 38 lipid processed ####################

# Load GWAS SNPs for current lipid: LPC-19:0-
# Processing lipid: LPC-19:0-

# Get dosage of GWAS SNPs to include in regression models
# - Checking by chromosome:
#  chr1
	......................................778140 lines processed
#  chr2
	..........................................841652 lines processed
#  chr3
	..................................690866 lines processed
#  chr4
	..................................680284 lines processed
#  chr5
	...............................636486 lines processed
#  chr6
	..............................614638 lines processed
#  chr7
	...........................551054 lines processed
#  chr8
	...........................551515 lines processed
#  chr9
	.....................429264 lines processed
#  chr10
	........................492105 lines processed
#  chr11
	.........................517388 lines processed
#  chr12
	......................451951 lines processed
#  chr13
	.................340619 lines processed
#  chr14
	...............315293 lines processed
#  chr15
	..............284678 lines processed
#  chr16
	...............310581 lines processed
#  chr17
	.............276642 lines processed
#  chr18
	.............277960 lines processed
#  chr19
	..........219339 lines processed
#  chr20
	..........218581 lines processed
#  chr21
	......126604 lines processed
#  chr22
	......135256 lines processed
# - Checking finished in 336.3393s
--------------------------------------------------
# - Number of SNPs loaded: 55924
# Run Elastic net regression
# - Model fitting finised in 6438.2617s
# Total running time of current lipid: 113.2911m
# #################### 39 lipid processed ####################

# Load GWAS SNPs for current lipid: LPC-19:0-
# Processing lipid: LPC-19:0-

# Get dosage of GWAS SNPs to include in regression models
# - Checking by chromosome:
#  chr1
	......................................778140 lines processed
#  chr2
	..........................................841652 lines processed
#  chr3
	..................................690760 lines processed
#  chr4
	..................................680331 lines processed
#  chr5
	...............................636780 lines processed
#  chr6
	..............................614248 lines processed
#  chr7
	...........................551054 lines processed
#  chr8
	...........................552519 lines processed
#  chr9
	.....................430590 lines processed
#  chr10
	........................491930 lines processed
#  chr11
	.........................517676 lines processed
#  chr12
	......................452056 lines processed
#  chr13
	.................341766 lines processed
#  chr14
	...............315345 lines processed
#  chr15
	..............284803 lines processed
#  chr16
	...............310633 lines processed
#  chr17
	.............276906 lines processed
#  chr18
	.............277771 lines processed
#  chr19
	..........217916 lines processed
#  chr20
	..........218581 lines processed
#  chr21
	......125224 lines processed
#  chr22
	......135597 lines processed
# - Checking finished in 395.2524s
--------------------------------------------------
# - Number of SNPs loaded: 55635
# Run Elastic net regression
# - Model fitting finised in 7444.3605s
# Total running time of current lipid: 131.0751m
# #################### 40 lipid processed ####################

# Load GWAS SNPs for current lipid: LPC-19:0-
# Processing lipid: LPC-19:0-

# Get dosage of GWAS SNPs to include in regression models
# - Checking by chromosome:
#  chr1
	......................................777793 lines processed
#  chr2
	.........................................839711 lines processed
#  chr3
	..................................689640 lines processed
#  chr4
	..................................680203 lines processed
#  chr5
	...............................637201 lines processed
#  chr6
	..............................614440 lines processed
#  chr7
	...........................551054 lines processed
#  chr8
	...........................551601 lines processed
#  chr9
	.....................430488 lines processed
#  chr10
	........................491435 lines processed
#  chr11
	.........................516476 lines processed
#  chr12
	......................452145 lines processed
#  chr13
	.................340006 lines processed
#  chr14
	...............314935 lines processed
#  chr15
	..............285019 lines processed
#  chr16
	...............310175 lines processed
#  chr17
	.............273838 lines processed
#  chr18
	.............277919 lines processed
#  chr19
	..........219284 lines processed
#  chr20
	..........218884 lines processed
#  chr21
	......126657 lines processed
#  chr22
	......135449 lines processed
# - Checking finished in 504.0502s
--------------------------------------------------
# - Number of SNPs loaded: 41145
# Run Elastic net regression
# - Model fitting finised in 6309.7633s
# Total running time of current lipid: 113.8714m
# #################### 41 lipid processed ####################

# Load GWAS SNPs for current lipid: LPC-19:1-
# Processing lipid: LPC-19:1-

# Get dosage of GWAS SNPs to include in regression models
# - Checking by chromosome:
#  chr1
	......................................777936 lines processed
#  chr2
	..........................................841652 lines processed
#  chr3
	..................................690722 lines processed
#  chr4
	.................................675905 lines processed
#  chr5
	...............................637693 lines processed
#  chr6
	..............................614638 lines processed
#  chr7
	...........................550594 lines processed
#  chr8
	...........................550599 lines processed
#  chr9
	.....................430985 lines processed
#  chr10
	........................490966 lines processed
#  chr11
	.........................516807 lines processed
#  chr12
	......................451853 lines processed
#  chr13
	.................340319 lines processed
#  chr14
	...............314948 lines processed
#  chr15
	..............284626 lines processed
#  chr16
	...............308073 lines processed
#  chr17
	.............276340 lines processed
#  chr18
	.............277807 lines processed
#  chr19
	..........219335 lines processed
#  chr20
	..........218943 lines processed
#  chr21
	......126421 lines processed
#  chr22
	......135812 lines processed
# - Checking finished in 597.4510s
--------------------------------------------------
# - Number of SNPs loaded: 46938
# Run Elastic net regression
# - Model fitting finised in 6893.2149s
# Total running time of current lipid: 125.3288m
# #################### 42 lipid processed ####################

# Load GWAS SNPs for current lipid: LPC-19:1-
# Processing lipid: LPC-19:1-

# Get dosage of GWAS SNPs to include in regression models
# - Checking by chromosome:
#  chr1
	......................................777936 lines processed
#  chr2
	..........................................841652 lines processed
#  chr3
	..................................690785 lines processed
#  chr4
	.................................679479 lines processed
#  chr5
	...............................637214 lines processed
#  chr6
	..............................614638 lines processed
#  chr7
	...........................550546 lines processed
#  chr8
	...........................552647 lines processed
#  chr9
	.....................431129 lines processed
#  chr10
	........................490966 lines processed
#  chr11
	.........................517308 lines processed
#  chr12
	......................452283 lines processed
#  chr13
	.................341750 lines processed
#  chr14
	...............315358 lines processed
#  chr15
	..............284569 lines processed
#  chr16
	...............310243 lines processed
#  chr17
	.............276717 lines processed
#  chr18
	.............277771 lines processed
#  chr19
	..........219335 lines processed
#  chr20
	..........218744 lines processed
#  chr21
	......126527 lines processed
#  chr22
	......135536 lines processed
# - Checking finished in 714.3836s
--------------------------------------------------
# - Number of SNPs loaded: 48129
# Run Elastic net regression
^[[B^[[B^[[B^[[B^[[B^[[B^[[B^[[B^[[B^[[B^[[B^[[B^[[B^[[B^[[B^[[B^[[B^[[B^[[B^[[B^[[B ^[[B                                                                                       # - Model fitting finised in 4344.9365s
# Total running time of current lipid: 84.6971m
# #################### 43 lipid processed ####################

# Load GWAS SNPs for current lipid: LPC-19:1-
# Processing lipid: LPC-19:1-

# Get dosage of GWAS SNPs to include in regression models
# - Checking by chromosome:
#  chr1
	......................................777347 lines processed
#  chr2
	..........................................840967 lines processed
#  chr3
	..................................688541 lines processed
#  chr4
	..................................680270 lines processed
#  chr5
	...............................637201 lines processed
#  chr6
	..............................613695 lines processed
#  chr7
	...........................550546 lines processed
#  chr8
	...........................552133 lines processed
#  chr9
	.....................428261 lines processed
#  chr10
	........................491767 lines processed
#  chr11
	.........................516853 lines processed
#  chr12
	......................451951 lines processed
#  chr13
	.................340091 lines processed
#  chr14
	...............314253 lines processed
#  chr15
	..............284699 lines processed
#  chr16
	...............310730 lines processed
#  chr17
	.............276871 lines processed
#  chr18
	.............275258 lines processed
#  chr19
	..........219267 lines processed
#  chr20
	..........218828 lines processed
#  chr21
	......126604 lines processed
#  chr22
	......135098 lines processed
# - Checking finished in 591.8148s
--------------------------------------------------
# - Number of SNPs loaded: 24581
# Run Elastic net regression
# - Model fitting finised in 2486.9942s
# Total running time of current lipid: 51.6509m
# #################### 44 lipid processed ####################

# Load GWAS SNPs for current lipid: LPC-20:0-
# Processing lipid: LPC-20:0-

# Get dosage of GWAS SNPs to include in regression models
# - Checking by chromosome:
#  chr1
	......................................778140 lines processed
#  chr2
	..........................................841276 lines processed
#  chr3
	..................................691202 lines processed
#  chr4
	..................................680270 lines processed
#  chr5
	...............................636417 lines processed
#  chr6
	..............................614526 lines processed
#  chr7
	...........................551054 lines processed
#  chr8
	...........................552519 lines processed
#  chr9
	.....................430206 lines processed
#  chr10
	........................492095 lines processed
#  chr11
	.........................517691 lines processed
#  chr12
	......................452283 lines processed
#  chr13
	.................341786 lines processed
#  chr14
	...............314632 lines processed
#  chr15
	..............284404 lines processed
#  chr16
	...............310173 lines processed
#  chr17
	.............276845 lines processed
#  chr18
	.............277814 lines processed
#  chr19
	..........219279 lines processed
#  chr20
	..........218656 lines processed
#  chr21
	......124874 lines processed
#  chr22
	......136002 lines processed
# - Checking finished in 471.6964s
--------------------------------------------------
# - Number of SNPs loaded: 41902
# Run Elastic net regression
# - Model fitting finised in 4443.8286s
# Total running time of current lipid: 82.2356m
# #################### 45 lipid processed ####################
[01;32mwanying@vgipiper02[00m:[01;34m~/CCHC/lipidomics/prediction_models/code[00m$ [K[01;32mwanying@vgipiper02[00m:[01;34m~/CCHC/lipidomics/prediction_models/code[00m$ 