[01;32mwanying@vgipiper05[00m:[01;34m~/CCHC/lipidomics/prediction_models/code[00m$ OMP_NUM_THREADS=1 python 01_elastic_net_sklearn_model.py --output lipid_species_l1_0.5_708-752_100alphaCV.txt --output_dir /data100t1/home/wanying/CCHC/lipidomics/prediction_models/elastic_net/training/model_params/100alphas --lipid_range 708 --range_window 45 --n_alphas 100
# Run starts: 2023-04-26
# Output file is /data100t1/home/wanying/CCHC/lipidomics/prediction_models/elastic_net/training/model_params/100alphas/lipid_species_l1_0.5_708-752_100alphaCV.txt.20230426_02:00:47
# Cross validation on 100 alphas
# Run lipids from index 708 to 752
# Load lipidomic data (lipid species)
# - data loaded from lipid_species_residuals_adj_for_sex_age_pc1-5.txt.reformatted: shape (1607, 831)

# Load genotype IDs for matching (only need to read the first line of dosage file)
# - Organize sample IDs so that their orders match in lipidomics data and dosage file
# - Final processed lipidomic data: 1607

# Load GWAS SNPs for current lipid: TG-54:3-
# Processing lipid: TG-54:3-

# Get dosage of GWAS SNPs to include in regression models
# - Checking by chromosome:
#  chr1
	......................................777817 lines processed
#  chr2
	..........................................841692 lines processed
#  chr3
	..................................690876 lines processed
#  chr4
	..................................680204 lines processed
#  chr5
	...............................637479 lines processed
#  chr6
	..............................614448 lines processed
#  chr7
	...........................550977 lines processed
#  chr8
	...........................552508 lines processed
#  chr9
	.....................431277 lines processed
#  chr10
	........................492001 lines processed
#  chr11
	.........................517533 lines processed
#  chr12
	......................452358 lines processed
#  chr13
	.................341624 lines processed
#  chr14
	...............313308 lines processed
#  chr15
	..............284854 lines processed
#  chr16
	...............310417 lines processed
#  chr17
	.............276714 lines processed
#  chr18
	.............277542 lines processed
#  chr19
	..........219218 lines processed
#  chr20
	..........218894 lines processed
#  chr21
	......126721 lines processed
#  chr22
	......136001 lines processed
# - Checking finished in 431.2019s
--------------------------------------------------
# - Number of SNPs loaded: 57359
# Run Elastic net regression
# - Model fitting finised in 4635.4820s
# Total running time of current lipid: 84.7937m
# #################### 1 lipid processed ####################

# Load GWAS SNPs for current lipid: TG-54:4-
# Processing lipid: TG-54:4-

# Get dosage of GWAS SNPs to include in regression models
# - Checking by chromosome:
#  chr1
	......................................778304 lines processed
#  chr2
	..........................................841692 lines processed
#  chr3
	..................................690839 lines processed
#  chr4
	..................................680202 lines processed
#  chr5
	...............................637479 lines processed
#  chr6
	..............................614557 lines processed
#  chr7
	...........................550897 lines processed
#  chr8
	...........................552176 lines processed
#  chr9
	.....................431196 lines processed
#  chr10
	........................491973 lines processed
#  chr11
	.........................517750 lines processed
#  chr12
	......................452274 lines processed
#  chr13
	.................341624 lines processed
#  chr14
	...............314269 lines processed
#  chr15
	..............284054 lines processed
#  chr16
	...............310641 lines processed
#  chr17
	.............276714 lines processed
#  chr18
	.............278032 lines processed
#  chr19
	..........219384 lines processed
#  chr20
	..........218928 lines processed
#  chr21
	......126721 lines processed
#  chr22
	......136001 lines processed
# - Checking finished in 308.9659s
--------------------------------------------------
# - Number of SNPs loaded: 75768
# Run Elastic net regression
# - Model fitting finised in 6647.3058s
# Total running time of current lipid: 116.4198m
# #################### 2 lipid processed ####################

# Load GWAS SNPs for current lipid: TG-54:5-
# Processing lipid: TG-54:5-

# Get dosage of GWAS SNPs to include in regression models
# - Checking by chromosome:
#  chr1
	......................................778304 lines processed
#  chr2
	..........................................841692 lines processed
#  chr3
	..................................691185 lines processed
#  chr4
	..................................680073 lines processed
#  chr5
	...............................637704 lines processed
#  chr6
	..............................614645 lines processed
#  chr7
	...........................550897 lines processed
#  chr8
	...........................552327 lines processed
#  chr9
	.....................431196 lines processed
#  chr10
	........................491930 lines processed
#  chr11
	.........................517750 lines processed
#  chr12
	......................452274 lines processed
#  chr13
	.................341613 lines processed
#  chr14
	...............315124 lines processed
#  chr15
	..............284940 lines processed
#  chr16
	...............310641 lines processed
#  chr17
	.............276714 lines processed
#  chr18
	.............278048 lines processed
#  chr19
	..........219384 lines processed
#  chr20
	..........218902 lines processed
#  chr21
	......126721 lines processed
#  chr22
	......136012 lines processed
# - Checking finished in 322.1489s
--------------------------------------------------
# - Number of SNPs loaded: 76279
# Run Elastic net regression
# - Model fitting finised in 5631.4668s
# Total running time of current lipid: 99.7122m
# #################### 3 lipid processed ####################

# Load GWAS SNPs for current lipid: TG-54:6-
# Processing lipid: TG-54:6-

# Get dosage of GWAS SNPs to include in regression models
# - Checking by chromosome:
#  chr1
	......................................778304 lines processed
#  chr2
	..........................................841493 lines processed
#  chr3
	..................................691185 lines processed
#  chr4
	..................................680329 lines processed
#  chr5
	...............................637704 lines processed
#  chr6
	..............................614645 lines processed
#  chr7
	...........................551054 lines processed
#  chr8
	...........................552508 lines processed
#  chr9
	.....................431088 lines processed
#  chr10
	........................491741 lines processed
#  chr11
	.........................517750 lines processed
#  chr12
	......................452206 lines processed
#  chr13
	.................341613 lines processed
#  chr14
	...............315124 lines processed
#  chr15
	..............284940 lines processed
#  chr16
	...............310641 lines processed
#  chr17
	.............276429 lines processed
#  chr18
	.............278048 lines processed
#  chr19
	..........219384 lines processed
#  chr20
	..........218902 lines processed
#  chr21
	......126674 lines processed
#  chr22
	......136012 lines processed
# - Checking finished in 348.8664s
--------------------------------------------------
# - Number of SNPs loaded: 59362
# Run Elastic net regression
# - Model fitting finised in 4677.8311s
# Total running time of current lipid: 84.1434m
# #################### 4 lipid processed ####################

# Load GWAS SNPs for current lipid: TG-54:7-
# Processing lipid: TG-54:7-

# Get dosage of GWAS SNPs to include in regression models
# - Checking by chromosome:
#  chr1
	......................................778304 lines processed
#  chr2
	..........................................841692 lines processed
#  chr3
	..................................691185 lines processed
#  chr4
	..................................680329 lines processed
#  chr5
	...............................637704 lines processed
#  chr6
	..............................614645 lines processed
#  chr7
	...........................551054 lines processed
#  chr8
	...........................552508 lines processed
#  chr9
	.....................431088 lines processed
#  chr10
	........................492105 lines processed
#  chr11
	.........................517750 lines processed
#  chr12
	......................452274 lines processed
#  chr13
	.................341613 lines processed
#  chr14
	...............315124 lines processed
#  chr15
	..............284940 lines processed
#  chr16
	...............310463 lines processed
#  chr17
	.............276429 lines processed
#  chr18
	.............278032 lines processed
#  chr19
	..........219303 lines processed
#  chr20
	..........218902 lines processed
#  chr21
	......126721 lines processed
#  chr22
	......136012 lines processed
# - Checking finished in 397.7564s
--------------------------------------------------
# - Number of SNPs loaded: 57487
# Run Elastic net regression
# - Model fitting finised in 4881.8553s
# Total running time of current lipid: 88.3571m
# #################### 5 lipid processed ####################

# Load GWAS SNPs for current lipid: TG-56:6-
# Processing lipid: TG-56:6-

# Get dosage of GWAS SNPs to include in regression models
# - Checking by chromosome:
#  chr1
	......................................778304 lines processed
#  chr2
	..........................................841531 lines processed
#  chr3
	..................................691192 lines processed
#  chr4
	..................................680329 lines processed
#  chr5
	...............................637593 lines processed
#  chr6
	..............................614592 lines processed
#  chr7
	...........................551010 lines processed
#  chr8
	...........................552276 lines processed
#  chr9
	.....................431145 lines processed
#  chr10
	........................491702 lines processed
#  chr11
	.........................517658 lines processed
#  chr12
	......................452206 lines processed
#  chr13
	.................341613 lines processed
#  chr14
	...............314271 lines processed
#  chr15
	..............284927 lines processed
#  chr16
	...............310641 lines processed
#  chr17
	.............276558 lines processed
#  chr18
	.............278032 lines processed
#  chr19
	..........219384 lines processed
#  chr20
	..........218901 lines processed
#  chr21
	......126521 lines processed
#  chr22
	......136012 lines processed
# - Checking finished in 430.6787s
--------------------------------------------------
# - Number of SNPs loaded: 67093
# Run Elastic net regression
# - Model fitting finised in 5378.0570s
# Total running time of current lipid: 97.2428m
# #################### 6 lipid processed ####################

# Load GWAS SNPs for current lipid: TG-56:7-
# Processing lipid: TG-56:7-

# Get dosage of GWAS SNPs to include in regression models
# - Checking by chromosome:
#  chr1
	......................................778319 lines processed
#  chr2
	..........................................841531 lines processed
#  chr3
	..................................691105 lines processed
#  chr4
	..................................680329 lines processed
#  chr5
	...............................637593 lines processed
#  chr6
	..............................614557 lines processed
#  chr7
	...........................550723 lines processed
#  chr8
	...........................552623 lines processed
#  chr9
	.....................431077 lines processed
#  chr10
	........................491702 lines processed
#  chr11
	.........................517658 lines processed
#  chr12
	......................452206 lines processed
#  chr13
	.................341613 lines processed
#  chr14
	...............314271 lines processed
#  chr15
	..............284927 lines processed
#  chr16
	...............310641 lines processed
#  chr17
	.............276558 lines processed
#  chr18
	.............277959 lines processed
#  chr19
	..........219384 lines processed
#  chr20
	..........218901 lines processed
#  chr21
	......126534 lines processed
#  chr22
	......136012 lines processed
# - Checking finished in 363.2447s
--------------------------------------------------
# - Number of SNPs loaded: 71338
# Run Elastic net regression
# - Model fitting finised in 5996.3877s
# Total running time of current lipid: 106.4991m
# #################### 7 lipid processed ####################

# Load GWAS SNPs for current lipid: TG-56:8-
# Processing lipid: TG-56:8-

# Get dosage of GWAS SNPs to include in regression models
# - Checking by chromosome:
#  chr1
	......................................778304 lines processed
#  chr2
	..........................................841531 lines processed
#  chr3
	..................................691105 lines processed
#  chr4
	..................................680329 lines processed
#  chr5
	...............................637541 lines processed
#  chr6
	..............................614557 lines processed
#  chr7
	...........................551054 lines processed
#  chr8
	...........................552364 lines processed
#  chr9
	.....................431077 lines processed
#  chr10
	........................491547 lines processed
#  chr11
	.........................517658 lines processed
#  chr12
	......................452093 lines processed
#  chr13
	.................341613 lines processed
#  chr14
	...............314271 lines processed
#  chr15
	..............284927 lines processed
#  chr16
	...............310641 lines processed
#  chr17
	.............276032 lines processed
#  chr18
	.............277775 lines processed
#  chr19
	..........219384 lines processed
#  chr20
	..........218901 lines processed
#  chr21
	......126521 lines processed
#  chr22
	......136012 lines processed
# - Checking finished in 303.7330s
--------------------------------------------------
# - Number of SNPs loaded: 55476
# Run Elastic net regression
# - Model fitting finised in 4762.6182s
# Total running time of current lipid: 84.7989m
# #################### 8 lipid processed ####################

# Load GWAS SNPs for current lipid: TG-56:9-
# Processing lipid: TG-56:9-

# Get dosage of GWAS SNPs to include in regression models
# - Checking by chromosome:
#  chr1
	......................................778319 lines processed
#  chr2
	..........................................841531 lines processed
#  chr3
	..................................690867 lines processed
#  chr4
	..................................680329 lines processed
#  chr5
	...............................637541 lines processed
#  chr6
	..............................614645 lines processed
#  chr7
	...........................551054 lines processed
#  chr8
	...........................552508 lines processed
#  chr9
	.....................431202 lines processed
#  chr10
	........................492105 lines processed
#  chr11
	.........................517658 lines processed
#  chr12
	......................452244 lines processed
#  chr13
	.................341613 lines processed
#  chr14
	...............315447 lines processed
#  chr15
	..............284927 lines processed
#  chr16
	...............310641 lines processed
#  chr17
	.............276494 lines processed
#  chr18
	.............277775 lines processed
#  chr19
	..........219384 lines processed
#  chr20
	..........218517 lines processed
#  chr21
	......126521 lines processed
#  chr22
	......136012 lines processed
# - Checking finished in 320.6461s
--------------------------------------------------
# - Number of SNPs loaded: 68246
# Run Elastic net regression
# - Model fitting finised in 5013.2076s
# Total running time of current lipid: 89.3294m
# #################### 9 lipid processed ####################

# Load GWAS SNPs for current lipid: TG-58:10-
# Processing lipid: TG-58:10-

# Get dosage of GWAS SNPs to include in regression models
# - Checking by chromosome:
#  chr1
	......................................778304 lines processed
#  chr2
	..........................................841658 lines processed
#  chr3
	..................................691105 lines processed
#  chr4
	..................................680329 lines processed
#  chr5
	...............................637541 lines processed
#  chr6
	..............................614557 lines processed
#  chr7
	...........................551054 lines processed
#  chr8
	...........................552623 lines processed
#  chr9
	.....................431077 lines processed
#  chr10
	........................492105 lines processed
#  chr11
	.........................517406 lines processed
#  chr12
	......................452244 lines processed
#  chr13
	.................341613 lines processed
#  chr14
	...............314271 lines processed
#  chr15
	..............284927 lines processed
#  chr16
	...............310463 lines processed
#  chr17
	.............276032 lines processed
#  chr18
	.............277959 lines processed
#  chr19
	..........219303 lines processed
#  chr20
	..........218901 lines processed
#  chr21
	......126534 lines processed
#  chr22
	......136012 lines processed
# - Checking finished in 351.9930s
--------------------------------------------------
# - Number of SNPs loaded: 69720
# Run Elastic net regression
# - Model fitting finised in 5163.8781s
# Total running time of current lipid: 92.3899m
# #################### 10 lipid processed ####################

# Load GWAS SNPs for current lipid: TG-48:0-
# Processing lipid: TG-48:0-

# Get dosage of GWAS SNPs to include in regression models
# - Checking by chromosome:
#  chr1
	......................................778269 lines processed
#  chr2
	..........................................841568 lines processed
#  chr3
	..................................690768 lines processed
#  chr4
	.................................679509 lines processed
#  chr5
	...............................637707 lines processed
#  chr6
	..............................614557 lines processed
#  chr7
	...........................550977 lines processed
#  chr8
	...........................552508 lines processed
#  chr9
	.....................431155 lines processed
#  chr10
	........................492001 lines processed
#  chr11
	.........................517575 lines processed
#  chr12
	......................451642 lines processed
#  chr13
	.................341613 lines processed
#  chr14
	...............314831 lines processed
#  chr15
	..............284961 lines processed
#  chr16
	...............310342 lines processed
#  chr17
	.............276928 lines processed
#  chr18
	.............277860 lines processed
#  chr19
	..........219359 lines processed
#  chr20
	..........218901 lines processed
#  chr21
	......126728 lines processed
#  chr22
	......135684 lines processed
# - Checking finished in 307.2820s
--------------------------------------------------
# - Number of SNPs loaded: 54161
# Run Elastic net regression
# - Model fitting finised in 5401.5867s
# Total running time of current lipid: 95.5101m
# #################### 11 lipid processed ####################

# Load GWAS SNPs for current lipid: TG-48:0-
# Processing lipid: TG-48:0-

# Get dosage of GWAS SNPs to include in regression models
# - Checking by chromosome:
#  chr1
	......................................778004 lines processed
#  chr2
	..........................................841568 lines processed
#  chr3
	..................................690659 lines processed
#  chr4
	.................................679252 lines processed
#  chr5
	...............................637707 lines processed
#  chr6
	..............................614557 lines processed
#  chr7
	...........................550977 lines processed
#  chr8
	...........................552548 lines processed
#  chr9
	.....................430743 lines processed
#  chr10
	........................491973 lines processed
#  chr11
	.........................517533 lines processed
#  chr12
	......................450467 lines processed
#  chr13
	.................341624 lines processed
#  chr14
	...............315123 lines processed
#  chr15
	..............284054 lines processed
#  chr16
	...............310325 lines processed
#  chr17
	.............276645 lines processed
#  chr18
	.............278058 lines processed
#  chr19
	..........218985 lines processed
#  chr20
	..........218894 lines processed
#  chr21
	......126719 lines processed
#  chr22
	......135684 lines processed
# - Checking finished in 477.6232s
--------------------------------------------------
# - Number of SNPs loaded: 56763
# Run Elastic net regression
# - Model fitting finised in 5065.4673s
# Total running time of current lipid: 92.7402m
# #################### 12 lipid processed ####################

# Load GWAS SNPs for current lipid: TG-48:1-
# Processing lipid: TG-48:1-

# Get dosage of GWAS SNPs to include in regression models
# - Checking by chromosome:
#  chr1
	......................................778269 lines processed
#  chr2
	..........................................841568 lines processed
#  chr3
	..................................689700 lines processed
#  chr4
	.................................679252 lines processed
#  chr5
	...............................637707 lines processed
#  chr6
	..............................614574 lines processed
#  chr7
	...........................550977 lines processed
#  chr8
	...........................552508 lines processed
#  chr9
	.....................431069 lines processed
#  chr10
	........................492001 lines processed
#  chr11
	.........................517575 lines processed
#  chr12
	......................451642 lines processed
#  chr13
	.................341613 lines processed
#  chr14
	...............315262 lines processed
#  chr15
	..............284054 lines processed
#  chr16
	...............309787 lines processed
#  chr17
	.............276794 lines processed
#  chr18
	.............277775 lines processed
#  chr19
	..........218401 lines processed
#  chr20
	..........218901 lines processed
#  chr21
	......126728 lines processed
#  chr22
	......132496 lines processed
# - Checking finished in 383.9955s
--------------------------------------------------
# - Number of SNPs loaded: 44414
# Run Elastic net regression
# - Model fitting finised in 4193.0923s
# Total running time of current lipid: 76.5686m
# #################### 13 lipid processed ####################

# Load GWAS SNPs for current lipid: TG-48:1-
# Processing lipid: TG-48:1-

# Get dosage of GWAS SNPs to include in regression models
# - Checking by chromosome:
#  chr1
	......................................778004 lines processed
#  chr2
	..........................................841568 lines processed
#  chr3
	..................................690243 lines processed
#  chr4
	.................................679252 lines processed
#  chr5
	...............................637707 lines processed
#  chr6
	..............................614574 lines processed
#  chr7
	...........................550977 lines processed
#  chr8
	...........................552508 lines processed
#  chr9
	.....................430743 lines processed
#  chr10
	........................492001 lines processed
#  chr11
	.........................517594 lines processed
#  chr12
	......................450467 lines processed
#  chr13
	.................341775 lines processed
#  chr14
	...............314757 lines processed
#  chr15
	..............284054 lines processed
#  chr16
	...............303492 lines processed
#  chr17
	.............272618 lines processed
#  chr18
	.............277775 lines processed
#  chr19
	..........218401 lines processed
#  chr20
	..........218901 lines processed
#  chr21
	......126723 lines processed
#  chr22
	......136005 lines processed
# - Checking finished in 337.8053s
--------------------------------------------------
# - Number of SNPs loaded: 41949
# Run Elastic net regression
# - Model fitting finised in 4281.1727s
# Total running time of current lipid: 77.2764m
# #################### 14 lipid processed ####################

# Load GWAS SNPs for current lipid: TG-48:2-
# Processing lipid: TG-48:2-

# Get dosage of GWAS SNPs to include in regression models
# - Checking by chromosome:
#  chr1
	......................................778004 lines processed
#  chr2
	..........................................841568 lines processed
#  chr3
	..................................691204 lines processed
#  chr4
	..................................680245 lines processed
#  chr5
	...............................637707 lines processed
#  chr6
	..............................614574 lines processed
#  chr7
	...........................550977 lines processed
#  chr8
	...........................551556 lines processed
#  chr9
	.....................430913 lines processed
#  chr10
	........................492103 lines processed
#  chr11
	.........................517412 lines processed
#  chr12
	......................450467 lines processed
#  chr13
	.................341613 lines processed
#  chr14
	...............314712 lines processed
#  chr15
	..............284485 lines processed
#  chr16
	...............310342 lines processed
#  chr17
	.............272618 lines processed
#  chr18
	.............277860 lines processed
#  chr19
	..........219359 lines processed
#  chr20
	..........218901 lines processed
#  chr21
	......124684 lines processed
#  chr22
	......135684 lines processed
# - Checking finished in 327.4317s
--------------------------------------------------
# - Number of SNPs loaded: 53302
# Run Elastic net regression
# - Model fitting finised in 5395.9429s
# Total running time of current lipid: 95.7624m
# #################### 15 lipid processed ####################

# Load GWAS SNPs for current lipid: TG-48:2-
# Processing lipid: TG-48:2-

# Get dosage of GWAS SNPs to include in regression models
# - Checking by chromosome:
#  chr1
	......................................778269 lines processed
#  chr2
	..........................................841692 lines processed
#  chr3
	..................................691094 lines processed
#  chr4
	..................................680329 lines processed
#  chr5
	...............................637707 lines processed
#  chr6
	..............................614557 lines processed
#  chr7
	...........................550977 lines processed
#  chr8
	...........................552508 lines processed
#  chr9
	.....................431077 lines processed
#  chr10
	........................492058 lines processed
#  chr11
	.........................517575 lines processed
#  chr12
	......................452274 lines processed
#  chr13
	.................341624 lines processed
#  chr14
	...............315262 lines processed
#  chr15
	..............284485 lines processed
#  chr16
	...............310342 lines processed
#  chr17
	.............276413 lines processed
#  chr18
	.............277860 lines processed
#  chr19
	..........219359 lines processed
#  chr20
	..........218901 lines processed
#  chr21
	......126721 lines processed
#  chr22
	......135684 lines processed
# - Checking finished in 358.0347s
--------------------------------------------------
# - Number of SNPs loaded: 81227
# Run Elastic net regression
# - Model fitting finised in 7194.3180s
# Total running time of current lipid: 126.4482m
# #################### 16 lipid processed ####################

# Load GWAS SNPs for current lipid: TG-48:2-
# Processing lipid: TG-48:2-

# Get dosage of GWAS SNPs to include in regression models
# - Checking by chromosome:
#  chr1
	......................................778269 lines processed
#  chr2
	..........................................841568 lines processed
#  chr3
	..................................690243 lines processed
#  chr4
	.................................679252 lines processed
#  chr5
	...............................637686 lines processed
#  chr6
	..............................614574 lines processed
#  chr7
	...........................550977 lines processed
#  chr8
	...........................552003 lines processed
#  chr9
	.....................430689 lines processed
#  chr10
	........................492001 lines processed
#  chr11
	.........................517575 lines processed
#  chr12
	......................452119 lines processed
#  chr13
	.................341624 lines processed
#  chr14
	...............314831 lines processed
#  chr15
	..............284054 lines processed
#  chr16
	...............310325 lines processed
#  chr17
	.............276406 lines processed
#  chr18
	.............277775 lines processed
#  chr19
	..........218401 lines processed
#  chr20
	..........218901 lines processed
#  chr21
	......126728 lines processed
#  chr22
	......136005 lines processed
# - Checking finished in 334.1760s
--------------------------------------------------
# - Number of SNPs loaded: 61614
# Run Elastic net regression
# - Model fitting finised in 4968.4056s
# Total running time of current lipid: 88.7869m
# #################### 17 lipid processed ####################

# Load GWAS SNPs for current lipid: TG-48:2-
# Processing lipid: TG-48:2-

# Get dosage of GWAS SNPs to include in regression models
# - Checking by chromosome:
#  chr1
	......................................778004 lines processed
#  chr2
	..........................................841568 lines processed
#  chr3
	..................................691204 lines processed
#  chr4
	..................................680245 lines processed
#  chr5
	...............................637707 lines processed
#  chr6
	..............................614557 lines processed
#  chr7
	...........................550977 lines processed
#  chr8
	...........................551556 lines processed
#  chr9
	.....................430743 lines processed
#  chr10
	........................492103 lines processed
#  chr11
	.........................517412 lines processed
#  chr12
	......................450467 lines processed
#  chr13
	.................341613 lines processed
#  chr14
	...............314712 lines processed
#  chr15
	..............284054 lines processed
#  chr16
	...............310324 lines processed
#  chr17
	.............275569 lines processed
#  chr18
	.............277775 lines processed
#  chr19
	..........219104 lines processed
#  chr20
	..........218901 lines processed
#  chr21
	......126433 lines processed
#  chr22
	......133885 lines processed
# - Checking finished in 298.7028s
--------------------------------------------------
# - Number of SNPs loaded: 44285
# Run Elastic net regression
# - Model fitting finised in 3655.4656s
# Total running time of current lipid: 66.1813m
# #################### 18 lipid processed ####################

# Load GWAS SNPs for current lipid: TG-48:3-
# Processing lipid: TG-48:3-

# Get dosage of GWAS SNPs to include in regression models
# - Checking by chromosome:
#  chr1
	......................................778004 lines processed
#  chr2
	..........................................841568 lines processed
#  chr3
	..................................691204 lines processed
#  chr4
	..................................680245 lines processed
#  chr5
	...............................637707 lines processed
#  chr6
	..............................614557 lines processed
#  chr7
	...........................550977 lines processed
#  chr8
	...........................552508 lines processed
#  chr9
	.....................430743 lines processed
#  chr10
	........................492103 lines processed
#  chr11
	.........................517284 lines processed
#  chr12
	......................450467 lines processed
#  chr13
	.................341613 lines processed
#  chr14
	...............314712 lines processed
#  chr15
	..............284054 lines processed
#  chr16
	...............310324 lines processed
#  chr17
	.............274242 lines processed
#  chr18
	.............277775 lines processed
#  chr19
	..........219104 lines processed
#  chr20
	..........218901 lines processed
#  chr21
	......124684 lines processed
#  chr22
	......135684 lines processed
# - Checking finished in 346.4149s
--------------------------------------------------
# - Number of SNPs loaded: 44549
# Run Elastic net regression
# - Model fitting finised in 3531.3988s
# Total running time of current lipid: 64.9378m
# #################### 19 lipid processed ####################

# Load GWAS SNPs for current lipid: TG-48:3-
# Processing lipid: TG-48:3-

# Get dosage of GWAS SNPs to include in regression models
# - Checking by chromosome:
#  chr1
	......................................778269 lines processed
#  chr2
	..........................................841568 lines processed
#  chr3
	..................................691204 lines processed
#  chr4
	..................................680245 lines processed
#  chr5
	...............................637299 lines processed
#  chr6
	..............................614574 lines processed
#  chr7
	...........................550859 lines processed
#  chr8
	...........................552508 lines processed
#  chr9
	.....................430743 lines processed
#  chr10
	........................492103 lines processed
#  chr11
	.........................517575 lines processed
#  chr12
	......................452119 lines processed
#  chr13
	.................341613 lines processed
#  chr14
	...............315427 lines processed
#  chr15
	..............284054 lines processed
#  chr16
	...............310324 lines processed
#  chr17
	.............276406 lines processed
#  chr18
	.............277775 lines processed
#  chr19
	..........219030 lines processed
#  chr20
	..........218901 lines processed
#  chr21
	......125460 lines processed
#  chr22
	......135732 lines processed
# - Checking finished in 351.8453s
--------------------------------------------------
# - Number of SNPs loaded: 52087
# Run Elastic net regression
# - Model fitting finised in 4273.1061s
# Total running time of current lipid: 77.4496m
# #################### 20 lipid processed ####################

# Load GWAS SNPs for current lipid: TG-48:3-
# Processing lipid: TG-48:3-

# Get dosage of GWAS SNPs to include in regression models
# - Checking by chromosome:
#  chr1
	......................................778356 lines processed
#  chr2
	..........................................841568 lines processed
#  chr3
	..................................691204 lines processed
#  chr4
	..................................680245 lines processed
#  chr5
	...............................637707 lines processed
#  chr6
	..............................614557 lines processed
#  chr7
	...........................547360 lines processed
#  chr8
	...........................552508 lines processed
#  chr9
	.....................430743 lines processed
#  chr10
	........................492103 lines processed
#  chr11
	.........................517625 lines processed
#  chr12
	......................450467 lines processed
#  chr13
	.................341613 lines processed
#  chr14
	...............314712 lines processed
#  chr15
	..............284815 lines processed
#  chr16
	...............310387 lines processed
#  chr17
	.............272618 lines processed
#  chr18
	.............277775 lines processed
#  chr19
	..........219030 lines processed
#  chr20
	..........218901 lines processed
#  chr21
	......124684 lines processed
#  chr22
	......135534 lines processed
# - Checking finished in 319.4367s
--------------------------------------------------
# - Number of SNPs loaded: 45890
# Run Elastic net regression
# - Model fitting finised in 4635.6033s
# Total running time of current lipid: 82.8896m
# #################### 21 lipid processed ####################

# Load GWAS SNPs for current lipid: TG-49:1-
# Processing lipid: TG-49:1-

# Get dosage of GWAS SNPs to include in regression models
# - Checking by chromosome:
#  chr1
	......................................778269 lines processed
#  chr2
	..........................................841568 lines processed
#  chr3
	..................................691094 lines processed
#  chr4
	.................................679252 lines processed
#  chr5
	...............................637707 lines processed
#  chr6
	..............................614574 lines processed
#  chr7
	...........................550859 lines processed
#  chr8
	...........................552508 lines processed
#  chr9
	.....................431251 lines processed
#  chr10
	........................491973 lines processed
#  chr11
	.........................517600 lines processed
#  chr12
	......................451642 lines processed
#  chr13
	.................341624 lines processed
#  chr14
	...............314831 lines processed
#  chr15
	..............284171 lines processed
#  chr16
	...............310325 lines processed
#  chr17
	.............276260 lines processed
#  chr18
	.............278054 lines processed
#  chr19
	..........219207 lines processed
#  chr20
	..........218901 lines processed
#  chr21
	......126728 lines processed
#  chr22
	......136005 lines processed
# - Checking finished in 344.8000s
--------------------------------------------------
# - Number of SNPs loaded: 59051
# Run Elastic net regression
# - Model fitting finised in 6290.6122s
# Total running time of current lipid: 110.9952m
# #################### 22 lipid processed ####################

# Load GWAS SNPs for current lipid: TG-49:1-
# Processing lipid: TG-49:1-

# Get dosage of GWAS SNPs to include in regression models
# - Checking by chromosome:
#  chr1
	......................................778270 lines processed
#  chr2
	..........................................841568 lines processed
#  chr3
	..................................691094 lines processed
#  chr4
	..................................680110 lines processed
#  chr5
	...............................637707 lines processed
#  chr6
	..............................614557 lines processed
#  chr7
	...........................550977 lines processed
#  chr8
	...........................552508 lines processed
#  chr9
	.....................431277 lines processed
#  chr10
	........................492001 lines processed
#  chr11
	.........................517600 lines processed
#  chr12
	......................451642 lines processed
#  chr13
	.................341624 lines processed
#  chr14
	...............315262 lines processed
#  chr15
	..............284832 lines processed
#  chr16
	...............310325 lines processed
#  chr17
	.............276794 lines processed
#  chr18
	.............278054 lines processed
#  chr19
	..........218776 lines processed
#  chr20
	..........218901 lines processed
#  chr21
	......126719 lines processed
#  chr22
	......135902 lines processed
# - Checking finished in 303.5169s
--------------------------------------------------
# - Number of SNPs loaded: 59960
# Run Elastic net regression
# - Model fitting finised in 6804.1317s
# Total running time of current lipid: 118.8314m
# #################### 23 lipid processed ####################

# Load GWAS SNPs for current lipid: TG-50:0-
# Processing lipid: TG-50:0-

# Get dosage of GWAS SNPs to include in regression models
# - Checking by chromosome:
#  chr1
	......................................778004 lines processed
#  chr2
	..........................................841658 lines processed
#  chr3
	..................................691094 lines processed
#  chr4
	..................................680204 lines processed
#  chr5
	...............................637707 lines processed
#  chr6
	..............................614557 lines processed
#  chr7
	...........................550977 lines processed
#  chr8
	...........................552548 lines processed
#  chr9
	.....................431155 lines processed
#  chr10
	........................492001 lines processed
#  chr11
	.........................516600 lines processed
#  chr12
	......................451642 lines processed
#  chr13
	.................341613 lines processed
#  chr14
	...............315123 lines processed
#  chr15
	..............284961 lines processed
#  chr16
	...............310164 lines processed
#  chr17
	.............275946 lines processed
#  chr18
	.............278054 lines processed
#  chr19
	..........219104 lines processed
#  chr20
	..........218901 lines processed
#  chr21
	......126679 lines processed
#  chr22
	......135684 lines processed
# - Checking finished in 296.0238s
--------------------------------------------------
# - Number of SNPs loaded: 43295
# Run Elastic net regression
# - Model fitting finised in 5088.3662s
# Total running time of current lipid: 90.0292m
# #################### 24 lipid processed ####################

# Load GWAS SNPs for current lipid: TG-50:1-
# Processing lipid: TG-50:1-

# Get dosage of GWAS SNPs to include in regression models
# - Checking by chromosome:
#  chr1
	......................................778004 lines processed
#  chr2
	..........................................841568 lines processed
#  chr3
	..................................690659 lines processed
#  chr4
	..................................680202 lines processed
#  chr5
	...............................637707 lines processed
#  chr6
	..............................614448 lines processed
#  chr7
	...........................550977 lines processed
#  chr8
	...........................552548 lines processed
#  chr9
	.....................430871 lines processed
#  chr10
	........................492001 lines processed
#  chr11
	.........................517533 lines processed
#  chr12
	......................450194 lines processed
#  chr13
	.................341624 lines processed
#  chr14
	...............315123 lines processed
#  chr15
	..............284352 lines processed
#  chr16
	...............310325 lines processed
#  chr17
	.............276645 lines processed
#  chr18
	.............278058 lines processed
#  chr19
	..........219104 lines processed
#  chr20
	..........218894 lines processed
#  chr21
	......126719 lines processed
#  chr22
	......135740 lines processed
# - Checking finished in 341.7453s
--------------------------------------------------
# - Number of SNPs loaded: 59092
# Run Elastic net regression
# - Model fitting finised in 6133.7383s
# Total running time of current lipid: 108.3373m
# #################### 25 lipid processed ####################

# Load GWAS SNPs for current lipid: TG-50:1-
# Processing lipid: TG-50:1-

# Get dosage of GWAS SNPs to include in regression models
# - Checking by chromosome:
#  chr1
	......................................778004 lines processed
#  chr2
	..........................................841568 lines processed
#  chr3
	..................................689700 lines processed
#  chr4
	..................................680204 lines processed
#  chr5
	...............................637707 lines processed
#  chr6
	..............................614557 lines processed
#  chr7
	...........................550977 lines processed
#  chr8
	...........................552508 lines processed
#  chr9
	.....................431069 lines processed
#  chr10
	........................492001 lines processed
#  chr11
	.........................515227 lines processed
#  chr12
	......................450757 lines processed
#  chr13
	.................341613 lines processed
#  chr14
	...............314269 lines processed
#  chr15
	..............284088 lines processed
#  chr16
	...............308977 lines processed
#  chr17
	.............276928 lines processed
#  chr18
	.............277775 lines processed
#  chr19
	..........219104 lines processed
#  chr20
	..........218901 lines processed
#  chr21
	......126728 lines processed
#  chr22
	......133566 lines processed
# - Checking finished in 380.5035s
--------------------------------------------------
# - Number of SNPs loaded: 37776
# Run Elastic net regression
# - Model fitting finised in 2574.2142s
# Total running time of current lipid: 49.5250m
# #################### 26 lipid processed ####################

# Load GWAS SNPs for current lipid: TG-50:1-
# Processing lipid: TG-50:1-

# Get dosage of GWAS SNPs to include in regression models
# - Checking by chromosome:
#  chr1
	......................................778004 lines processed
#  chr2
	..........................................841568 lines processed
#  chr3
	..................................690243 lines processed
#  chr4
	..................................680204 lines processed
#  chr5
	...............................637707 lines processed
#  chr6
	..............................614557 lines processed
#  chr7
	...........................550977 lines processed
#  chr8
	...........................552508 lines processed
#  chr9
	.....................431069 lines processed
#  chr10
	........................492001 lines processed
#  chr11
	.........................516600 lines processed
#  chr12
	......................450757 lines processed
#  chr13
	.................341761 lines processed
#  chr14
	...............314269 lines processed
#  chr15
	..............284088 lines processed
#  chr16
	...............309733 lines processed
#  chr17
	.............270545 lines processed
#  chr18
	.............277775 lines processed
#  chr19
	..........219209 lines processed
#  chr20
	..........218901 lines processed
#  chr21
	......126521 lines processed
#  chr22
	......133566 lines processed
# - Checking finished in 433.7564s
--------------------------------------------------
# - Number of SNPs loaded: 39319
# Run Elastic net regression
# - Model fitting finised in 4000.8597s
# Total running time of current lipid: 74.2431m
# #################### 27 lipid processed ####################

# Load GWAS SNPs for current lipid: TG-50:2-
# Processing lipid: TG-50:2-

# Get dosage of GWAS SNPs to include in regression models
# - Checking by chromosome:
#  chr1
	......................................778001 lines processed
#  chr2
	..........................................841568 lines processed
#  chr3
	..................................691094 lines processed
#  chr4
	..................................680330 lines processed
#  chr5
	...............................637446 lines processed
#  chr6
	..............................614669 lines processed
#  chr7
	...........................550977 lines processed
#  chr8
	...........................552508 lines processed
#  chr9
	.....................430743 lines processed
#  chr10
	........................491973 lines processed
#  chr11
	.........................517625 lines processed
#  chr12
	......................452357 lines processed
#  chr13
	.................341761 lines processed
#  chr14
	...............315136 lines processed
#  chr15
	..............285039 lines processed
#  chr16
	...............310417 lines processed
#  chr17
	.............276260 lines processed
#  chr18
	.............277881 lines processed
#  chr19
	..........219402 lines processed
#  chr20
	..........218913 lines processed
#  chr21
	......126719 lines processed
#  chr22
	......136001 lines processed
# - Checking finished in 422.5121s
--------------------------------------------------
# - Number of SNPs loaded: 69464
# Run Elastic net regression
# - Model fitting finised in 7576.0030s
# Total running time of current lipid: 133.8331m
# #################### 28 lipid processed ####################

# Load GWAS SNPs for current lipid: TG-50:2-
# Processing lipid: TG-50:2-

# Get dosage of GWAS SNPs to include in regression models
# - Checking by chromosome:
#  chr1
	......................................777817 lines processed
#  chr2
	..........................................841396 lines processed
#  chr3
	..................................691094 lines processed
#  chr4
	.................................679252 lines processed
#  chr5
	...............................637446 lines processed
#  chr6
	..............................614557 lines processed
#  chr7
	...........................550998 lines processed
#  chr8
	...........................552508 lines processed
#  chr9
	.....................430689 lines processed
#  chr10
	........................492001 lines processed
#  chr11
	.........................517533 lines processed
#  chr12
	......................451927 lines processed
#  chr13
	.................341775 lines processed
#  chr14
	...............315415 lines processed
#  chr15
	..............284054 lines processed
#  chr16
	...............310644 lines processed
#  chr17
	.............276260 lines processed
#  chr18
	.............278054 lines processed
#  chr19
	..........219209 lines processed
#  chr20
	..........218901 lines processed
#  chr21
	......126719 lines processed
#  chr22
	......135732 lines processed
# - Checking finished in 322.9454s
--------------------------------------------------
# - Number of SNPs loaded: 75038
# Run Elastic net regression
# - Model fitting finised in 24998.1055s
# Total running time of current lipid: 422.5004m
# #################### 29 lipid processed ####################

# Load GWAS SNPs for current lipid: TG-50:2-
# Processing lipid: TG-50:2-

# Get dosage of GWAS SNPs to include in regression models
# - Checking by chromosome:
#  chr1
	......................................777817 lines processed
#  chr2
	..........................................841568 lines processed
#  chr3
	..................................691094 lines processed
#  chr4
	.................................679252 lines processed
#  chr5
	...............................637686 lines processed
#  chr6
	..............................614557 lines processed
#  chr7
	...........................550977 lines processed
#  chr8
	...........................552508 lines processed
#  chr9
	.....................430689 lines processed
#  chr10
	........................492001 lines processed
#  chr11
	.........................517533 lines processed
#  chr12
	......................452119 lines processed
#  chr13
	.................341624 lines processed
#  chr14
	...............315427 lines processed
#  chr15
	..............284054 lines processed
#  chr16
	...............310644 lines processed
#  chr17
	.............276260 lines processed
#  chr18
	.............277775 lines processed
#  chr19
	..........218401 lines processed
#  chr20
	..........218901 lines processed
#  chr21
	......126719 lines processed
#  chr22
	......136005 lines processed
# - Checking finished in 4595.8720s
--------------------------------------------------
# - Number of SNPs loaded: 53451
# Run Elastic net regression
# - Model fitting finised in 13812.9490s
# Total running time of current lipid: 310.6695m
# #################### 30 lipid processed ####################

# Load GWAS SNPs for current lipid: TG-50:2-
# Processing lipid: TG-50:2-

# Get dosage of GWAS SNPs to include in regression models
# - Checking by chromosome:
#  chr1
	......................................778004 lines processed
#  chr2
	..........................................841568 lines processed
#  chr3
	..................................690323 lines processed
#  chr4
	.................................679252 lines processed
#  chr5
	...............................637707 lines processed
#  chr6
	..............................614557 lines processed
#  chr7
	...........................550977 lines processed
#  chr8
	...........................552617 lines processed
#  chr9
	.....................431069 lines processed
#  chr10
	........................492001 lines processed
#  chr11
	.........................514490 lines processed
#  chr12
	......................450467 lines processed
#  chr13
	.................341613 lines processed
#  chr14
	...............314269 lines processed
#  chr15
	..............284088 lines processed
#  chr16
	...............310537 lines processed
#  chr17
	.............276829 lines processed
#  chr18
	.............277775 lines processed
#  chr19
	..........219104 lines processed
#  chr20
	..........218901 lines processed
#  chr21
	......126521 lines processed
#  chr22
	......132496 lines processed
# - Checking finished in 2730.4465s
--------------------------------------------------
# - Number of SNPs loaded: 37706
# Run Elastic net regression
# - Model fitting finised in 3054.6152s
# Total running time of current lipid: 97.2672m
# #################### 31 lipid processed ####################

# Load GWAS SNPs for current lipid: TG-50:3-
# Processing lipid: TG-50:3-

# Get dosage of GWAS SNPs to include in regression models
# - Checking by chromosome:
#  chr1
	......................................777939 lines processed
#  chr2
	..........................................841728 lines processed
#  chr3
	..................................691185 lines processed
#  chr4
	..................................680073 lines processed
#  chr5
	...............................637704 lines processed
#  chr6
	..............................614557 lines processed
#  chr7
	...........................550977 lines processed
#  chr8
	...........................551556 lines processed
#  chr9
	.....................431088 lines processed
#  chr10
	........................491930 lines processed
#  chr11
	.........................517625 lines processed
#  chr12
	......................451458 lines processed
#  chr13
	.................341613 lines processed
#  chr14
	...............315124 lines processed
#  chr15
	..............284940 lines processed
#  chr16
	...............310417 lines processed
#  chr17
	.............276429 lines processed
#  chr18
	.............277775 lines processed
#  chr19
	..........219104 lines processed
#  chr20
	..........218902 lines processed
#  chr21
	......124454 lines processed
#  chr22
	......136001 lines processed
# - Checking finished in 330.8681s
--------------------------------------------------
# - Number of SNPs loaded: 52671
# Run Elastic net regression
# - Model fitting finised in 3561.3320s
# Total running time of current lipid: 65.2249m
# #################### 32 lipid processed ####################

# Load GWAS SNPs for current lipid: TG-50:3-
# Processing lipid: TG-50:3-

# Get dosage of GWAS SNPs to include in regression models
# - Checking by chromosome:
#  chr1
	......................................777597 lines processed
#  chr2
	..........................................841692 lines processed
#  chr3
	..................................691209 lines processed
#  chr4
	..................................680329 lines processed
#  chr5
	...............................637686 lines processed
#  chr6
	..............................614448 lines processed
#  chr7
	...........................550977 lines processed
#  chr8
	...........................552508 lines processed
#  chr9
	.....................431277 lines processed
#  chr10
	........................492058 lines processed
#  chr11
	.........................517533 lines processed
#  chr12
	......................452274 lines processed
#  chr13
	.................341624 lines processed
#  chr14
	...............315427 lines processed
#  chr15
	..............284854 lines processed
#  chr16
	...............310325 lines processed
#  chr17
	.............276413 lines processed
#  chr18
	.............277542 lines processed
#  chr19
	..........219088 lines processed
#  chr20
	..........218901 lines processed
#  chr21
	......126721 lines processed
#  chr22
	......135980 lines processed
# - Checking finished in 304.7781s
--------------------------------------------------
# - Number of SNPs loaded: 54243
# Run Elastic net regression
# - Model fitting finised in 3885.8144s
# Total running time of current lipid: 70.1834m
# #################### 33 lipid processed ####################

# Load GWAS SNPs for current lipid: TG-50:3-
# Processing lipid: TG-50:3-

# Get dosage of GWAS SNPs to include in regression models
# - Checking by chromosome:
#  chr1
	......................................778259 lines processed
#  chr2
	..........................................841630 lines processed
#  chr3
	..................................691094 lines processed
#  chr4
	.................................679252 lines processed
#  chr5
	...............................637322 lines processed
#  chr6
	..............................614557 lines processed
#  chr7
	...........................550977 lines processed
#  chr8
	...........................552527 lines processed
#  chr9
	.....................430743 lines processed
#  chr10
	........................491987 lines processed
#  chr11
	.........................517284 lines processed
#  chr12
	......................452222 lines processed
#  chr13
	.................341761 lines processed
#  chr14
	...............315415 lines processed
#  chr15
	..............284443 lines processed
#  chr16
	...............310686 lines processed
#  chr17
	.............276896 lines processed
#  chr18
	.............277823 lines processed
#  chr19
	..........219209 lines processed
#  chr20
	..........218901 lines processed
#  chr21
	......125787 lines processed
#  chr22
	......135732 lines processed
# - Checking finished in 311.2626s
--------------------------------------------------
# - Number of SNPs loaded: 64896
# Run Elastic net regression
# - Model fitting finised in 5032.1326s
# Total running time of current lipid: 89.4615m
# #################### 34 lipid processed ####################

# Load GWAS SNPs for current lipid: TG-50:3-
# Processing lipid: TG-50:3-

# Get dosage of GWAS SNPs to include in regression models
# - Checking by chromosome:
#  chr1
	......................................777939 lines processed
#  chr2
	..........................................841692 lines processed
#  chr3
	..................................691094 lines processed
#  chr4
	..................................680329 lines processed
#  chr5
	...............................637330 lines processed
#  chr6
	..............................614557 lines processed
#  chr7
	...........................550977 lines processed
#  chr8
	...........................552251 lines processed
#  chr9
	.....................431077 lines processed
#  chr10
	........................491431 lines processed
#  chr11
	.........................517406 lines processed
#  chr12
	......................452274 lines processed
#  chr13
	.................341613 lines processed
#  chr14
	...............314269 lines processed
#  chr15
	..............284054 lines processed
#  chr16
	...............309632 lines processed
#  chr17
	.............276413 lines processed
#  chr18
	.............277775 lines processed
#  chr19
	..........219104 lines processed
#  chr20
	..........218901 lines processed
#  chr21
	......126721 lines processed
#  chr22
	......135980 lines processed
# - Checking finished in 298.4073s
--------------------------------------------------
# - Number of SNPs loaded: 42832
# Run Elastic net regression
# - Model fitting finised in 2754.7352s
# Total running time of current lipid: 51.1575m
# #################### 35 lipid processed ####################

# Load GWAS SNPs for current lipid: TG-50:3-
# Processing lipid: TG-50:3-

# Get dosage of GWAS SNPs to include in regression models
# - Checking by chromosome:
#  chr1
	......................................778004 lines processed
#  chr2
	..........................................841396 lines processed
#  chr3
	..................................690627 lines processed
#  chr4
	..................................680329 lines processed
#  chr5
	...............................637707 lines processed
#  chr6
	..............................614557 lines processed
#  chr7
	...........................550977 lines processed
#  chr8
	...........................552508 lines processed
#  chr9
	.....................431077 lines processed
#  chr10
	........................491760 lines processed
#  chr11
	.........................517412 lines processed
#  chr12
	......................451642 lines processed
#  chr13
	.................341613 lines processed
#  chr14
	...............314271 lines processed
#  chr15
	..............284815 lines processed
#  chr16
	...............310553 lines processed
#  chr17
	.............276928 lines processed
#  chr18
	.............277775 lines processed
#  chr19
	..........219209 lines processed
#  chr20
	..........218901 lines processed
#  chr21
	......126521 lines processed
#  chr22
	......136023 lines processed
# - Checking finished in 306.8186s
--------------------------------------------------
# - Number of SNPs loaded: 47152
# Run Elastic net regression
# - Model fitting finised in 3363.3484s
# Total running time of current lipid: 61.4631m
# #################### 36 lipid processed ####################

# Load GWAS SNPs for current lipid: TG-50:4-
# Processing lipid: TG-50:4-

# Get dosage of GWAS SNPs to include in regression models
# - Checking by chromosome:
#  chr1
	......................................777939 lines processed
#  chr2
	..........................................841396 lines processed
#  chr3
	..................................691204 lines processed
#  chr4
	..................................680245 lines processed
#  chr5
	...............................637704 lines processed
#  chr6
	..............................614645 lines processed
#  chr7
	...........................550861 lines processed
#  chr8
	...........................552251 lines processed
#  chr9
	.....................431196 lines processed
#  chr10
	........................492103 lines processed
#  chr11
	.........................517625 lines processed
#  chr12
	......................451458 lines processed
#  chr13
	.................341613 lines processed
#  chr14
	...............315124 lines processed
#  chr15
	..............284940 lines processed
#  chr16
	...............310417 lines processed
#  chr17
	.............276429 lines processed
#  chr18
	.............278032 lines processed
#  chr19
	..........219104 lines processed
#  chr20
	..........218902 lines processed
#  chr21
	......126674 lines processed
#  chr22
	......136012 lines processed
# - Checking finished in 324.8770s
--------------------------------------------------
# - Number of SNPs loaded: 59762
# Run Elastic net regression
# - Model fitting finised in 4799.6156s
# Total running time of current lipid: 85.8127m
# #################### 37 lipid processed ####################

# Load GWAS SNPs for current lipid: TG-50:4-
# Processing lipid: TG-50:4-

# Get dosage of GWAS SNPs to include in regression models
# - Checking by chromosome:
#  chr1
	......................................778004 lines processed
#  chr2
	..........................................841692 lines processed
#  chr3
	..................................691204 lines processed
#  chr4
	..................................680329 lines processed
#  chr5
	...............................636670 lines processed
#  chr6
	..............................614557 lines processed
#  chr7
	...........................550977 lines processed
#  chr8
	...........................552508 lines processed
#  chr9
	.....................431077 lines processed
#  chr10
	........................492103 lines processed
#  chr11
	.........................517625 lines processed
#  chr12
	......................452274 lines processed
#  chr13
	.................341613 lines processed
#  chr14
	...............314712 lines processed
#  chr15
	..............284054 lines processed
#  chr16
	...............310324 lines processed
#  chr17
	.............276928 lines processed
#  chr18
	.............277775 lines processed
#  chr19
	..........219088 lines processed
#  chr20
	..........218901 lines processed
#  chr21
	......126721 lines processed
#  chr22
	......136023 lines processed
# - Checking finished in 336.4337s
--------------------------------------------------
# - Number of SNPs loaded: 58863
# Run Elastic net regression
# - Model fitting finised in 5546.6685s
# Total running time of current lipid: 98.4539m
# #################### 38 lipid processed ####################

# Load GWAS SNPs for current lipid: TG-50:4-
# Processing lipid: TG-50:4-

# Get dosage of GWAS SNPs to include in regression models
# - Checking by chromosome:
#  chr1
	......................................778004 lines processed
#  chr2
	..........................................841531 lines processed
#  chr3
	..................................691094 lines processed
#  chr4
	.................................679252 lines processed
#  chr5
	...............................637707 lines processed
#  chr6
	..............................614557 lines processed
#  chr7
	...........................550977 lines processed
#  chr8
	...........................552311 lines processed
#  chr9
	.....................429666 lines processed
#  chr10
	........................491987 lines processed
#  chr11
	.........................517384 lines processed
#  chr12
	......................451927 lines processed
#  chr13
	.................341613 lines processed
#  chr14
	...............315415 lines processed
#  chr15
	..............284054 lines processed
#  chr16
	...............310324 lines processed
#  chr17
	.............276928 lines processed
#  chr18
	.............277775 lines processed
#  chr19
	..........218401 lines processed
#  chr20
	..........218901 lines processed
#  chr21
	......126433 lines processed
#  chr22
	......134882 lines processed
# - Checking finished in 578.3358s
--------------------------------------------------
# - Number of SNPs loaded: 53735
# Run Elastic net regression
# - Model fitting finised in 4350.0120s
# Total running time of current lipid: 82.4691m
# #################### 39 lipid processed ####################

# Load GWAS SNPs for current lipid: TG-51:0-
# Processing lipid: TG-51:0-

# Get dosage of GWAS SNPs to include in regression models
# - Checking by chromosome:
#  chr1
	......................................777597 lines processed
#  chr2
	..........................................841692 lines processed
#  chr3
	..................................691122 lines processed
#  chr4
	..................................680202 lines processed
#  chr5
	...............................637707 lines processed
#  chr6
	..............................614448 lines processed
#  chr7
	...........................550897 lines processed
#  chr8
	...........................552548 lines processed
#  chr9
	.....................431277 lines processed
#  chr10
	........................492001 lines processed
#  chr11
	.........................517736 lines processed
#  chr12
	......................452349 lines processed
#  chr13
	.................341624 lines processed
#  chr14
	...............315352 lines processed
#  chr15
	..............284858 lines processed
#  chr16
	...............310325 lines processed
#  chr17
	.............276413 lines processed
#  chr18
	.............278054 lines processed
#  chr19
	..........219088 lines processed
#  chr20
	..........218959 lines processed
#  chr21
	......126721 lines processed
#  chr22
	......135650 lines processed
# - Checking finished in 297.5666s
--------------------------------------------------
# - Number of SNPs loaded: 58673
# Run Elastic net regression
# - Model fitting finised in 3632.9001s
# Total running time of current lipid: 65.8696m
# #################### 40 lipid processed ####################

# Load GWAS SNPs for current lipid: TG-51:1-
# Processing lipid: TG-51:1-

# Get dosage of GWAS SNPs to include in regression models
# - Checking by chromosome:
#  chr1
	......................................777597 lines processed
#  chr2
	..........................................841568 lines processed
#  chr3
	..................................691094 lines processed
#  chr4
	..................................680202 lines processed
#  chr5
	...............................637707 lines processed
#  chr6
	..............................614557 lines processed
#  chr7
	...........................550977 lines processed
#  chr8
	...........................552508 lines processed
#  chr9
	.....................430743 lines processed
#  chr10
	........................492001 lines processed
#  chr11
	.........................517600 lines processed
#  chr12
	......................452013 lines processed
#  chr13
	.................341624 lines processed
#  chr14
	...............315262 lines processed
#  chr15
	..............284815 lines processed
#  chr16
	...............310325 lines processed
#  chr17
	.............276794 lines processed
#  chr18
	.............278054 lines processed
#  chr19
	..........219104 lines processed
#  chr20
	..........218901 lines processed
#  chr21
	......126719 lines processed
#  chr22
	......135980 lines processed
# - Checking finished in 321.8939s
--------------------------------------------------
# - Number of SNPs loaded: 50906
# Run Elastic net regression
# - Model fitting finised in 3536.0247s
# Total running time of current lipid: 64.6348m
# #################### 41 lipid processed ####################

# Load GWAS SNPs for current lipid: TG-51:2-
# Processing lipid: TG-51:2-

# Get dosage of GWAS SNPs to include in regression models
# - Checking by chromosome:
#  chr1
	......................................778021 lines processed
#  chr2
	..........................................841728 lines processed
#  chr3
	..................................691209 lines processed
#  chr4
	..................................680202 lines processed
#  chr5
	...............................637446 lines processed
#  chr6
	..............................614557 lines processed
#  chr7
	...........................551061 lines processed
#  chr8
	...........................552508 lines processed
#  chr9
	.....................430743 lines processed
#  chr10
	........................492001 lines processed
#  chr11
	.........................517733 lines processed
#  chr12
	......................452274 lines processed
#  chr13
	.................341749 lines processed
#  chr14
	...............314664 lines processed
#  chr15
	..............284799 lines processed
#  chr16
	...............310644 lines processed
#  chr17
	.............276760 lines processed
#  chr18
	.............277949 lines processed
#  chr19
	..........219407 lines processed
#  chr20
	..........218901 lines processed
#  chr21
	......126721 lines processed
#  chr22
	......136001 lines processed
# - Checking finished in 348.2030s
--------------------------------------------------
# - Number of SNPs loaded: 91009
# Run Elastic net regression
# - Model fitting finised in 6448.6339s
# Total running time of current lipid: 113.8781m
# #################### 42 lipid processed ####################

# Load GWAS SNPs for current lipid: TG-51:2-
# Processing lipid: TG-51:2-

# Get dosage of GWAS SNPs to include in regression models
# - Checking by chromosome:
#  chr1
	......................................778004 lines processed
#  chr2
	..........................................841568 lines processed
#  chr3
	..................................691094 lines processed
#  chr4
	..................................680202 lines processed
#  chr5
	...............................637707 lines processed
#  chr6
	..............................614557 lines processed
#  chr7
	...........................550977 lines processed
#  chr8
	...........................552508 lines processed
#  chr9
	.....................431157 lines processed
#  chr10
	........................492001 lines processed
#  chr11
	.........................517533 lines processed
#  chr12
	......................452358 lines processed
#  chr13
	.................341624 lines processed
#  chr14
	...............314269 lines processed
#  chr15
	..............284815 lines processed
#  chr16
	...............310325 lines processed
#  chr17
	.............276794 lines processed
#  chr18
	.............278054 lines processed
#  chr19
	..........219104 lines processed
#  chr20
	..........218901 lines processed
#  chr21
	......126719 lines processed
#  chr22
	......135980 lines processed
# - Checking finished in 298.7354s
--------------------------------------------------
# - Number of SNPs loaded: 55764
# Run Elastic net regression
# - Model fitting finised in 3544.5366s
# Total running time of current lipid: 64.4025m
# #################### 43 lipid processed ####################

# Load GWAS SNPs for current lipid: TG-51:2-
# Processing lipid: TG-51:2-

# Get dosage of GWAS SNPs to include in regression models
# - Checking by chromosome:
#  chr1
	......................................778361 lines processed
#  chr2
	..........................................841568 lines processed
#  chr3
	..................................691127 lines processed
#  chr4
	.................................679252 lines processed
#  chr5
	...............................637686 lines processed
#  chr6
	..............................614557 lines processed
#  chr7
	...........................550998 lines processed
#  chr8
	...........................552508 lines processed
#  chr9
	.....................430989 lines processed
#  chr10
	........................492058 lines processed
#  chr11
	.........................517533 lines processed
#  chr12
	......................452119 lines processed
#  chr13
	.................341624 lines processed
#  chr14
	...............314973 lines processed
#  chr15
	..............284858 lines processed
#  chr16
	...............310325 lines processed
#  chr17
	.............276794 lines processed
#  chr18
	.............278054 lines processed
#  chr19
	..........219104 lines processed
#  chr20
	..........218901 lines processed
#  chr21
	......126719 lines processed
#  chr22
	......135902 lines processed
# - Checking finished in 296.5836s
--------------------------------------------------
# - Number of SNPs loaded: 61783
# Run Elastic net regression
# - Model fitting finised in 3652.3683s
# Total running time of current lipid: 66.1925m
# #################### 44 lipid processed ####################

# Load GWAS SNPs for current lipid: TG-52:1-
# Processing lipid: TG-52:1-

# Get dosage of GWAS SNPs to include in regression models
# - Checking by chromosome:
#  chr1
	......................................778004 lines processed
#  chr2
	..........................................841568 lines processed
#  chr3
	..................................691094 lines processed
#  chr4
	..................................680204 lines processed
#  chr5
	...............................637707 lines processed
#  chr6
	..............................614557 lines processed
#  chr7
	...........................550977 lines processed
#  chr8
	...........................552548 lines processed
#  chr9
	.....................431277 lines processed
#  chr10
	........................492001 lines processed
#  chr11
	.........................516507 lines processed
#  chr12
	......................452358 lines processed
#  chr13
	.................341613 lines processed
#  chr14
	...............315123 lines processed
#  chr15
	..............284586 lines processed
#  chr16
	...............308977 lines processed
#  chr17
	.............274190 lines processed
#  chr18
	.............278054 lines processed
#  chr19
	..........219104 lines processed
#  chr20
	..........218959 lines processed
#  chr21
	......126563 lines processed
#  chr22
	......135980 lines processed
# - Checking finished in 289.3955s
--------------------------------------------------
# - Number of SNPs loaded: 39308
# Run Elastic net regression
# - Model fitting finised in 1979.1816s
# Total running time of current lipid: 38.0547m
# #################### 45 lipid processed ####################
[01;32mwanying@vgipiper05[00m:[01;34m~/CCHC/lipidomics/prediction_models/code[00m$ [K[01;32mwanying@vgipiper05[00m:[01;34m~/CCHC/lipidomics/prediction_models/code[00m$ 