[01;32mwanying@vgipiper05[00m:[01;34m~/CCHC/lipidomics/prediction_models/code[00m$ OMP_NUM_THREADS=1 python 01_elastic_net_sklearn_model.py --output lipid_species_l1_0.5_798-842_100alphaCV.txt --output_dir /data100t1/home/wanying/CCHC/lipidomics/prediction_models/elastic_net/training/model_params/100alphas --lipid_range 798 --range_window 45 --n_alphas 100
# Run starts: 2023-04-26
# Output file is /data100t1/home/wanying/CCHC/lipidomics/prediction_models/elastic_net/training/model_params/100alphas/lipid_species_l1_0.5_798-842_100alphaCV.txt.20230426_02:01:17
# Cross validation on 100 alphas
# Run lipids from index 798 to 842
# Load lipidomic data (lipid species)
# - data loaded from lipid_species_residuals_adj_for_sex_age_pc1-5.txt.reformatted: shape (1607, 831)

# Load genotype IDs for matching (only need to read the first line of dosage file)
# - Organize sample IDs so that their orders match in lipidomics data and dosage file
# - Final processed lipidomic data: 1607

# Load GWAS SNPs for current lipid: TG-O-52:2-
# Processing lipid: TG-O-52:2-

# Get dosage of GWAS SNPs to include in regression models
# - Checking by chromosome:
#  chr1
	......................................777166 lines processed
#  chr2
	..........................................841396 lines processed
#  chr3
	..................................691222 lines processed
#  chr4
	..................................680204 lines processed
#  chr5
	...............................637446 lines processed
#  chr6
	..............................614557 lines processed
#  chr7
	...........................551035 lines processed
#  chr8
	...........................552609 lines processed
#  chr9
	.....................429606 lines processed
#  chr10
	........................491973 lines processed
#  chr11
	.........................517533 lines processed
#  chr12
	......................452052 lines processed
#  chr13
	.................341624 lines processed
#  chr14
	...............315470 lines processed
#  chr15
	..............284577 lines processed
#  chr16
	...............310325 lines processed
#  chr17
	.............276260 lines processed
#  chr18
	.............277775 lines processed
#  chr19
	..........218791 lines processed
#  chr20
	..........218894 lines processed
#  chr21
	......126719 lines processed
#  chr22
	......135650 lines processed
# - Checking finished in 401.4377s
--------------------------------------------------
# - Number of SNPs loaded: 64519
# Run Elastic net regression
# - Model fitting finised in 5833.1632s
# Total running time of current lipid: 104.3135m
# #################### 1 lipid processed ####################

# Load GWAS SNPs for current lipid: TG-O-54:2-
# Processing lipid: TG-O-54:2-

# Get dosage of GWAS SNPs to include in regression models
# - Checking by chromosome:
#  chr1
	......................................777283 lines processed
#  chr2
	..........................................841698 lines processed
#  chr3
	..................................691094 lines processed
#  chr4
	.................................679509 lines processed
#  chr5
	...............................637656 lines processed
#  chr6
	..............................614557 lines processed
#  chr7
	...........................550885 lines processed
#  chr8
	...........................552609 lines processed
#  chr9
	.....................431277 lines processed
#  chr10
	........................491973 lines processed
#  chr11
	.........................517533 lines processed
#  chr12
	......................452013 lines processed
#  chr13
	.................341624 lines processed
#  chr14
	...............314973 lines processed
#  chr15
	..............284594 lines processed
#  chr16
	...............310342 lines processed
#  chr17
	.............276260 lines processed
#  chr18
	.............277860 lines processed
#  chr19
	..........219359 lines processed
#  chr20
	..........218901 lines processed
#  chr21
	......126719 lines processed
#  chr22
	......135980 lines processed
# - Checking finished in 369.4718s
--------------------------------------------------
# - Number of SNPs loaded: 64290
# Run Elastic net regression
# - Model fitting finised in 5204.2668s
# Total running time of current lipid: 93.3591m
# #################### 2 lipid processed ####################

# Load GWAS SNPs for current lipid: TG-O-50:1-
# Processing lipid: TG-O-50:1-

# Get dosage of GWAS SNPs to include in regression models
# - Checking by chromosome:
#  chr1
	......................................777720 lines processed
#  chr2
	..........................................841698 lines processed
#  chr3
	..................................690043 lines processed
#  chr4
	..................................680281 lines processed
#  chr5
	...............................637651 lines processed
#  chr6
	..............................614557 lines processed
#  chr7
	...........................550732 lines processed
#  chr8
	...........................552609 lines processed
#  chr9
	.....................431277 lines processed
#  chr10
	........................492040 lines processed
#  chr11
	.........................517533 lines processed
#  chr12
	......................451575 lines processed
#  chr13
	.................341624 lines processed
#  chr14
	...............314954 lines processed
#  chr15
	..............285041 lines processed
#  chr16
	...............310597 lines processed
#  chr17
	.............276260 lines processed
#  chr18
	.............277775 lines processed
#  chr19
	..........219191 lines processed
#  chr20
	..........218901 lines processed
#  chr21
	......126719 lines processed
#  chr22
	......135650 lines processed
# - Checking finished in 402.6639s
--------------------------------------------------
# - Number of SNPs loaded: 73652
# Run Elastic net regression
# - Model fitting finised in 6983.3334s
# Total running time of current lipid: 123.5754m
# #################### 3 lipid processed ####################

# Load GWAS SNPs for current lipid: TG-O-50:1-
# Processing lipid: TG-O-50:1-

# Get dosage of GWAS SNPs to include in regression models
# - Checking by chromosome:
#  chr1
	......................................777720 lines processed
#  chr2
	..........................................841698 lines processed
#  chr3
	..................................691141 lines processed
#  chr4
	.................................679252 lines processed
#  chr5
	...............................637446 lines processed
#  chr6
	..............................614557 lines processed
#  chr7
	...........................551035 lines processed
#  chr8
	...........................552609 lines processed
#  chr9
	.....................431277 lines processed
#  chr10
	........................491973 lines processed
#  chr11
	.........................517533 lines processed
#  chr12
	......................451653 lines processed
#  chr13
	.................341624 lines processed
#  chr14
	...............314954 lines processed
#  chr15
	..............284935 lines processed
#  chr16
	...............310325 lines processed
#  chr17
	.............276364 lines processed
#  chr18
	.............277775 lines processed
#  chr19
	..........219191 lines processed
#  chr20
	..........218894 lines processed
#  chr21
	......126719 lines processed
#  chr22
	......135650 lines processed
# - Checking finished in 373.4768s
--------------------------------------------------
# - Number of SNPs loaded: 71674
# Run Elastic net regression
# - Model fitting finised in 6035.0005s
# Total running time of current lipid: 107.3207m
# #################### 4 lipid processed ####################

# Load GWAS SNPs for current lipid: TG-O-50:1-
# Processing lipid: TG-O-50:1-

# Get dosage of GWAS SNPs to include in regression models
# - Checking by chromosome:
#  chr1
	......................................777182 lines processed
#  chr2
	..........................................841698 lines processed
#  chr3
	..................................690043 lines processed
#  chr4
	.................................679455 lines processed
#  chr5
	...............................637651 lines processed
#  chr6
	..............................614456 lines processed
#  chr7
	...........................550212 lines processed
#  chr8
	...........................552609 lines processed
#  chr9
	.....................431277 lines processed
#  chr10
	........................492042 lines processed
#  chr11
	.........................517533 lines processed
#  chr12
	......................450375 lines processed
#  chr13
	.................341624 lines processed
#  chr14
	...............315284 lines processed
#  chr15
	..............284787 lines processed
#  chr16
	...............310597 lines processed
#  chr17
	.............276260 lines processed
#  chr18
	.............277509 lines processed
#  chr19
	..........219020 lines processed
#  chr20
	..........218894 lines processed
#  chr21
	......126748 lines processed
#  chr22
	......135650 lines processed
# - Checking finished in 427.4928s
--------------------------------------------------
# - Number of SNPs loaded: 57918
# Run Elastic net regression
# - Model fitting finised in 4781.7424s
# Total running time of current lipid: 87.2248m
# #################### 5 lipid processed ####################

# Load GWAS SNPs for current lipid: TG-O-50:1-
# Processing lipid: TG-O-50:1-

# Get dosage of GWAS SNPs to include in regression models
# - Checking by chromosome:
#  chr1
	......................................778034 lines processed
#  chr2
	..........................................841698 lines processed
#  chr3
	..................................691141 lines processed
#  chr4
	..................................680079 lines processed
#  chr5
	...............................637446 lines processed
#  chr6
	..............................614557 lines processed
#  chr7
	...........................550874 lines processed
#  chr8
	...........................552609 lines processed
#  chr9
	.....................431277 lines processed
#  chr10
	........................491973 lines processed
#  chr11
	.........................517533 lines processed
#  chr12
	......................451653 lines processed
#  chr13
	.................341624 lines processed
#  chr14
	...............314954 lines processed
#  chr15
	..............284935 lines processed
#  chr16
	...............310325 lines processed
#  chr17
	.............276260 lines processed
#  chr18
	.............277775 lines processed
#  chr19
	..........219328 lines processed
#  chr20
	..........218901 lines processed
#  chr21
	......126719 lines processed
#  chr22
	......135650 lines processed
# - Checking finished in 366.5909s
--------------------------------------------------
# - Number of SNPs loaded: 68045
# Run Elastic net regression
# - Model fitting finised in 5613.9489s
# Total running time of current lipid: 100.1525m
# #################### 6 lipid processed ####################

# Load GWAS SNPs for current lipid: TG-O-50:2-
# Processing lipid: TG-O-50:2-

# Get dosage of GWAS SNPs to include in regression models
# - Checking by chromosome:
#  chr1
	......................................778328 lines processed
#  chr2
	..........................................841531 lines processed
#  chr3
	..................................690511 lines processed
#  chr4
	..................................680281 lines processed
#  chr5
	...............................637406 lines processed
#  chr6
	..............................614466 lines processed
#  chr7
	...........................550411 lines processed
#  chr8
	...........................552508 lines processed
#  chr9
	.....................430692 lines processed
#  chr10
	........................491995 lines processed
#  chr11
	.........................517600 lines processed
#  chr12
	......................452319 lines processed
#  chr13
	.................341565 lines processed
#  chr14
	...............315458 lines processed
#  chr15
	..............284577 lines processed
#  chr16
	...............310664 lines processed
#  chr17
	.............276356 lines processed
#  chr18
	.............277761 lines processed
#  chr19
	..........219104 lines processed
#  chr20
	..........218901 lines processed
#  chr21
	......126728 lines processed
#  chr22
	......135980 lines processed
# - Checking finished in 346.1835s
--------------------------------------------------
# - Number of SNPs loaded: 47595
# Run Elastic net regression
# - Model fitting finised in 4589.2532s
# Total running time of current lipid: 82.5906m
# #################### 7 lipid processed ####################

# Load GWAS SNPs for current lipid: TG-O-50:2-
# Processing lipid: TG-O-50:2-

# Get dosage of GWAS SNPs to include in regression models
# - Checking by chromosome:
#  chr1
	......................................777720 lines processed
#  chr2
	..........................................841568 lines processed
#  chr3
	..................................689707 lines processed
#  chr4
	..................................680288 lines processed
#  chr5
	...............................637644 lines processed
#  chr6
	..............................614557 lines processed
#  chr7
	...........................550885 lines processed
#  chr8
	...........................552609 lines processed
#  chr9
	.....................429835 lines processed
#  chr10
	........................491973 lines processed
#  chr11
	.........................517533 lines processed
#  chr12
	......................452355 lines processed
#  chr13
	.................341624 lines processed
#  chr14
	...............315393 lines processed
#  chr15
	..............284577 lines processed
#  chr16
	...............310325 lines processed
#  chr17
	.............276866 lines processed
#  chr18
	.............277775 lines processed
#  chr19
	..........219191 lines processed
#  chr20
	..........218901 lines processed
#  chr21
	......126719 lines processed
#  chr22
	......135650 lines processed
# - Checking finished in 372.0614s
--------------------------------------------------
# - Number of SNPs loaded: 81432
# Run Elastic net regression
# - Model fitting finised in 7222.3529s
# Total running time of current lipid: 127.1453m
# #################### 8 lipid processed ####################

# Load GWAS SNPs for current lipid: TG-O-50:2-
# Processing lipid: TG-O-50:2-

# Get dosage of GWAS SNPs to include in regression models
# - Checking by chromosome:
#  chr1
	......................................777911 lines processed
#  chr2
	..........................................841698 lines processed
#  chr3
	..................................689700 lines processed
#  chr4
	..................................680079 lines processed
#  chr5
	...............................636853 lines processed
#  chr6
	..............................614630 lines processed
#  chr7
	...........................550395 lines processed
#  chr8
	...........................552364 lines processed
#  chr9
	.....................430743 lines processed
#  chr10
	........................491676 lines processed
#  chr11
	.........................516181 lines processed
#  chr12
	......................452175 lines processed
#  chr13
	.................341613 lines processed
#  chr14
	...............314779 lines processed
#  chr15
	..............284594 lines processed
#  chr16
	...............310215 lines processed
#  chr17
	.............276955 lines processed
#  chr18
	.............277775 lines processed
#  chr19
	..........218401 lines processed
#  chr20
	..........218790 lines processed
#  chr21
	......120169 lines processed
#  chr22
	......134729 lines processed
# - Checking finished in 300.2365s
--------------------------------------------------
# - Number of SNPs loaded: 35841
# Run Elastic net regression
# - Model fitting finised in 2329.2215s
# Total running time of current lipid: 44.0510m
# #################### 9 lipid processed ####################

# Load GWAS SNPs for current lipid: TG-O-50:3-
# Processing lipid: TG-O-50:3-

# Get dosage of GWAS SNPs to include in regression models
# - Checking by chromosome:
#  chr1
	......................................777988 lines processed
#  chr2
	..........................................841153 lines processed
#  chr3
	..................................691216 lines processed
#  chr4
	..................................680253 lines processed
#  chr5
	...............................637238 lines processed
#  chr6
	..............................614345 lines processed
#  chr7
	...........................550735 lines processed
#  chr8
	...........................552609 lines processed
#  chr9
	.....................431167 lines processed
#  chr10
	........................491197 lines processed
#  chr11
	.........................517519 lines processed
#  chr12
	......................452355 lines processed
#  chr13
	.................341627 lines processed
#  chr14
	...............315469 lines processed
#  chr15
	..............283419 lines processed
#  chr16
	...............310464 lines processed
#  chr17
	.............276769 lines processed
#  chr18
	.............276696 lines processed
#  chr19
	..........218986 lines processed
#  chr20
	..........218863 lines processed
#  chr21
	......126702 lines processed
#  chr22
	......135519 lines processed
# - Checking finished in 342.0998s
--------------------------------------------------
# - Number of SNPs loaded: 42363
# Run Elastic net regression
# - Model fitting finised in 4007.3552s
# Total running time of current lipid: 72.7938m
# #################### 10 lipid processed ####################

# Load GWAS SNPs for current lipid: TG-O-52:0-
# Processing lipid: TG-O-52:0-

# Get dosage of GWAS SNPs to include in regression models
# - Checking by chromosome:
#  chr1
	......................................777720 lines processed
#  chr2
	..........................................841698 lines processed
#  chr3
	..................................691075 lines processed
#  chr4
	..................................680202 lines processed
#  chr5
	...............................637707 lines processed
#  chr6
	..............................614557 lines processed
#  chr7
	...........................551035 lines processed
#  chr8
	...........................552609 lines processed
#  chr9
	.....................431277 lines processed
#  chr10
	........................491973 lines processed
#  chr11
	.........................517533 lines processed
#  chr12
	......................450467 lines processed
#  chr13
	.................341624 lines processed
#  chr14
	...............315352 lines processed
#  chr15
	..............284640 lines processed
#  chr16
	...............310342 lines processed
#  chr17
	.............276364 lines processed
#  chr18
	.............277860 lines processed
#  chr19
	..........219359 lines processed
#  chr20
	..........218959 lines processed
#  chr21
	......126719 lines processed
#  chr22
	......136010 lines processed
# - Checking finished in 310.1030s
--------------------------------------------------
# - Number of SNPs loaded: 76830
# Run Elastic net regression
# - Model fitting finised in 7680.9834s
# Total running time of current lipid: 133.6573m
# #################### 11 lipid processed ####################

# Load GWAS SNPs for current lipid: TG-O-52:1-
# Processing lipid: TG-O-52:1-

# Get dosage of GWAS SNPs to include in regression models
# - Checking by chromosome:
#  chr1
	......................................777720 lines processed
#  chr2
	..........................................841698 lines processed
#  chr3
	..................................691141 lines processed
#  chr4
	.................................679509 lines processed
#  chr5
	...............................637707 lines processed
#  chr6
	..............................614456 lines processed
#  chr7
	...........................551019 lines processed
#  chr8
	...........................552609 lines processed
#  chr9
	.....................431277 lines processed
#  chr10
	........................491973 lines processed
#  chr11
	.........................517533 lines processed
#  chr12
	......................451653 lines processed
#  chr13
	.................341624 lines processed
#  chr14
	...............314954 lines processed
#  chr15
	..............284935 lines processed
#  chr16
	...............310342 lines processed
#  chr17
	.............276260 lines processed
#  chr18
	.............277860 lines processed
#  chr19
	..........219359 lines processed
#  chr20
	..........218894 lines processed
#  chr21
	......126719 lines processed
#  chr22
	......135980 lines processed
# - Checking finished in 381.9384s
--------------------------------------------------
# - Number of SNPs loaded: 75148
# Run Elastic net regression
# - Model fitting finised in 6047.3086s
# Total running time of current lipid: 107.6921m
# #################### 12 lipid processed ####################

# Load GWAS SNPs for current lipid: TG-O-52:1-
# Processing lipid: TG-O-52:1-

# Get dosage of GWAS SNPs to include in regression models
# - Checking by chromosome:
#  chr1
	......................................777720 lines processed
#  chr2
	..........................................841698 lines processed
#  chr3
	..................................691141 lines processed
#  chr4
	.................................679072 lines processed
#  chr5
	...............................637446 lines processed
#  chr6
	..............................614456 lines processed
#  chr7
	...........................550874 lines processed
#  chr8
	...........................552609 lines processed
#  chr9
	.....................431277 lines processed
#  chr10
	........................491973 lines processed
#  chr11
	.........................517533 lines processed
#  chr12
	......................451720 lines processed
#  chr13
	.................341624 lines processed
#  chr14
	...............314954 lines processed
#  chr15
	..............284935 lines processed
#  chr16
	...............310325 lines processed
#  chr17
	.............276260 lines processed
#  chr18
	.............277761 lines processed
#  chr19
	..........219191 lines processed
#  chr20
	..........218959 lines processed
#  chr21
	......126719 lines processed
#  chr22
	......135650 lines processed
# - Checking finished in 558.4715s
--------------------------------------------------
# - Number of SNPs loaded: 61510
# Run Elastic net regression
# - Model fitting finised in 5384.3916s
# Total running time of current lipid: 99.4864m
# #################### 13 lipid processed ####################

# Load GWAS SNPs for current lipid: TG-O-52:2-
# Processing lipid: TG-O-52:2-

# Get dosage of GWAS SNPs to include in regression models
# - Checking by chromosome:
#  chr1
	......................................777720 lines processed
#  chr2
	..........................................841698 lines processed
#  chr3
	..................................691222 lines processed
#  chr4
	..................................680204 lines processed
#  chr5
	...............................637707 lines processed
#  chr6
	..............................614557 lines processed
#  chr7
	...........................551035 lines processed
#  chr8
	...........................552609 lines processed
#  chr9
	.....................431277 lines processed
#  chr10
	........................492032 lines processed
#  chr11
	.........................517138 lines processed
#  chr12
	......................451653 lines processed
#  chr13
	.................341613 lines processed
#  chr14
	...............315470 lines processed
#  chr15
	..............284594 lines processed
#  chr16
	...............310342 lines processed
#  chr17
	.............276955 lines processed
#  chr18
	.............277860 lines processed
#  chr19
	..........219359 lines processed
#  chr20
	..........218526 lines processed
#  chr21
	......126521 lines processed
#  chr22
	......135980 lines processed
# - Checking finished in 329.1976s
--------------------------------------------------
# - Number of SNPs loaded: 56538
# Run Elastic net regression
# - Model fitting finised in 5092.1055s
# Total running time of current lipid: 90.7370m
# #################### 14 lipid processed ####################

# Load GWAS SNPs for current lipid: TG-O-52:2-
# Processing lipid: TG-O-52:2-

# Get dosage of GWAS SNPs to include in regression models
# - Checking by chromosome:
#  chr1
	......................................777720 lines processed
#  chr2
	..........................................841698 lines processed
#  chr3
	..................................689707 lines processed
#  chr4
	..................................680204 lines processed
#  chr5
	...............................637446 lines processed
#  chr6
	..............................614557 lines processed
#  chr7
	...........................551035 lines processed
#  chr8
	...........................552609 lines processed
#  chr9
	.....................431277 lines processed
#  chr10
	........................491973 lines processed
#  chr11
	.........................517533 lines processed
#  chr12
	......................452077 lines processed
#  chr13
	.................341624 lines processed
#  chr14
	...............314954 lines processed
#  chr15
	..............284594 lines processed
#  chr16
	...............310704 lines processed
#  chr17
	.............276940 lines processed
#  chr18
	.............277775 lines processed
#  chr19
	..........219191 lines processed
#  chr20
	..........218894 lines processed
#  chr21
	......126719 lines processed
#  chr22
	......135805 lines processed
# - Checking finished in 542.7139s
--------------------------------------------------
# - Number of SNPs loaded: 73154
# Run Elastic net regression
# - Model fitting finised in 6586.1277s
# Total running time of current lipid: 119.3105m
# #################### 15 lipid processed ####################

# Load GWAS SNPs for current lipid: TG-O-52:2-
# Processing lipid: TG-O-52:2-

# Get dosage of GWAS SNPs to include in regression models
# - Checking by chromosome:
#  chr1
	......................................777720 lines processed
#  chr2
	..........................................841698 lines processed
#  chr3
	..................................691222 lines processed
#  chr4
	.................................679072 lines processed
#  chr5
	...............................637446 lines processed
#  chr6
	..............................614456 lines processed
#  chr7
	...........................550874 lines processed
#  chr8
	...........................552609 lines processed
#  chr9
	.....................431277 lines processed
#  chr10
	........................491973 lines processed
#  chr11
	.........................517533 lines processed
#  chr12
	......................451653 lines processed
#  chr13
	.................341624 lines processed
#  chr14
	...............314954 lines processed
#  chr15
	..............285032 lines processed
#  chr16
	...............310325 lines processed
#  chr17
	.............276955 lines processed
#  chr18
	.............277643 lines processed
#  chr19
	..........219191 lines processed
#  chr20
	..........218894 lines processed
#  chr21
	......126719 lines processed
#  chr22
	......135925 lines processed
# - Checking finished in 367.8429s
--------------------------------------------------
# - Number of SNPs loaded: 66451
# Run Elastic net regression
# - Model fitting finised in 7099.3363s
# Total running time of current lipid: 124.9044m
# #################### 16 lipid processed ####################

# Load GWAS SNPs for current lipid: TG-O-54:2-
# Processing lipid: TG-O-54:2-

# Get dosage of GWAS SNPs to include in regression models
# - Checking by chromosome:
#  chr1
	......................................777486 lines processed
#  chr2
	..........................................841324 lines processed
#  chr3
	..................................690594 lines processed
#  chr4
	..................................680309 lines processed
#  chr5
	...............................637446 lines processed
#  chr6
	..............................614488 lines processed
#  chr7
	...........................549999 lines processed
#  chr8
	...........................552440 lines processed
#  chr9
	.....................431206 lines processed
#  chr10
	........................492059 lines processed
#  chr11
	.........................517533 lines processed
#  chr12
	......................452077 lines processed
#  chr13
	.................341624 lines processed
#  chr14
	...............314956 lines processed
#  chr15
	..............285041 lines processed
#  chr16
	...............310325 lines processed
#  chr17
	.............276260 lines processed
#  chr18
	.............277779 lines processed
#  chr19
	..........219328 lines processed
#  chr20
	..........218959 lines processed
#  chr21
	......126719 lines processed
#  chr22
	......135650 lines processed
# - Checking finished in 370.1368s
--------------------------------------------------
# - Number of SNPs loaded: 56070
# Run Elastic net regression
# - Model fitting finised in 4503.0958s
# Total running time of current lipid: 81.6315m
# #################### 17 lipid processed ####################

# Load GWAS SNPs for current lipid: TG-O-54:2-
# Processing lipid: TG-O-54:2-

# Get dosage of GWAS SNPs to include in regression models
# - Checking by chromosome:
#  chr1
	......................................777720 lines processed
#  chr2
	..........................................841698 lines processed
#  chr3
	..................................691127 lines processed
#  chr4
	.................................679072 lines processed
#  chr5
	...............................637686 lines processed
#  chr6
	..............................614456 lines processed
#  chr7
	...........................550885 lines processed
#  chr8
	...........................552609 lines processed
#  chr9
	.....................431277 lines processed
#  chr10
	........................491973 lines processed
#  chr11
	.........................517533 lines processed
#  chr12
	......................452013 lines processed
#  chr13
	.................341624 lines processed
#  chr14
	...............314973 lines processed
#  chr15
	..............284594 lines processed
#  chr16
	...............310325 lines processed
#  chr17
	.............276260 lines processed
#  chr18
	.............277643 lines processed
#  chr19
	..........219191 lines processed
#  chr20
	..........218901 lines processed
#  chr21
	......126719 lines processed
#  chr22
	......135925 lines processed
# - Checking finished in 337.7331s
--------------------------------------------------
# - Number of SNPs loaded: 54215
# Run Elastic net regression
# - Model fitting finised in 4776.8944s
# Total running time of current lipid: 85.6250m
# #################### 18 lipid processed ####################

# Load GWAS SNPs for current lipid: TG-O-54:3-
# Processing lipid: TG-O-54:3-

# Get dosage of GWAS SNPs to include in regression models
# - Checking by chromosome:
#  chr1
	......................................775213 lines processed
#  chr2
	..........................................841598 lines processed
#  chr3
	..................................689735 lines processed
#  chr4
	..................................680204 lines processed
#  chr5
	...............................637446 lines processed
#  chr6
	..............................614427 lines processed
#  chr7
	...........................550431 lines processed
#  chr8
	...........................552003 lines processed
#  chr9
	.....................429495 lines processed
#  chr10
	........................491973 lines processed
#  chr11
	.........................517533 lines processed
#  chr12
	......................452356 lines processed
#  chr13
	.................341624 lines processed
#  chr14
	...............315470 lines processed
#  chr15
	..............284787 lines processed
#  chr16
	...............310325 lines processed
#  chr17
	.............276260 lines processed
#  chr18
	.............277542 lines processed
#  chr19
	..........218967 lines processed
#  chr20
	..........218894 lines processed
#  chr21
	......126719 lines processed
#  chr22
	......135972 lines processed
# - Checking finished in 338.7983s
--------------------------------------------------
# - Number of SNPs loaded: 48399
# Run Elastic net regression
# - Model fitting finised in 3714.3809s
# Total running time of current lipid: 67.8804m
# #################### 19 lipid processed ####################

# Load GWAS SNPs for current lipid: TG-O-54:3-
# Processing lipid: TG-O-54:3-

# Get dosage of GWAS SNPs to include in regression models
# - Checking by chromosome:
#  chr1
	......................................777720 lines processed
#  chr2
	..........................................841698 lines processed
#  chr3
	..................................691222 lines processed
#  chr4
	..................................680204 lines processed
#  chr5
	...............................637446 lines processed
#  chr6
	..............................614456 lines processed
#  chr7
	...........................550395 lines processed
#  chr8
	...........................552609 lines processed
#  chr9
	.....................431277 lines processed
#  chr10
	........................491973 lines processed
#  chr11
	.........................517533 lines processed
#  chr12
	......................451653 lines processed
#  chr13
	.................341624 lines processed
#  chr14
	...............315427 lines processed
#  chr15
	..............284594 lines processed
#  chr16
	...............310325 lines processed
#  chr17
	.............276260 lines processed
#  chr18
	.............277643 lines processed
#  chr19
	..........219191 lines processed
#  chr20
	..........218894 lines processed
#  chr21
	......126719 lines processed
#  chr22
	......135980 lines processed
# - Checking finished in 328.2443s
--------------------------------------------------
# - Number of SNPs loaded: 62482
# Run Elastic net regression
# - Model fitting finised in 5350.7850s
# Total running time of current lipid: 95.0581m
# #################### 20 lipid processed ####################

# Load GWAS SNPs for current lipid: TG-O-54:4-
# Processing lipid: TG-O-54:4-

# Get dosage of GWAS SNPs to include in regression models
# - Checking by chromosome:
#  chr1
	......................................777720 lines processed
#  chr2
	..........................................841698 lines processed
#  chr3
	..................................691222 lines processed
#  chr4
	..................................680204 lines processed
#  chr5
	...............................636784 lines processed
#  chr6
	..............................614217 lines processed
#  chr7
	...........................550431 lines processed
#  chr8
	...........................552440 lines processed
#  chr9
	.....................431277 lines processed
#  chr10
	........................491165 lines processed
#  chr11
	.........................517138 lines processed
#  chr12
	......................452201 lines processed
#  chr13
	.................341431 lines processed
#  chr14
	...............315422 lines processed
#  chr15
	..............284594 lines processed
#  chr16
	...............309748 lines processed
#  chr17
	.............273787 lines processed
#  chr18
	.............277643 lines processed
#  chr19
	..........219191 lines processed
#  chr20
	..........218790 lines processed
#  chr21
	......126618 lines processed
#  chr22
	......135980 lines processed
# - Checking finished in 335.5756s
--------------------------------------------------
# - Number of SNPs loaded: 42236
# Run Elastic net regression
# - Model fitting finised in 3098.5078s
# Total running time of current lipid: 57.5286m
# #################### 21 lipid processed ####################

# Load GWAS SNPs for current lipid: TG-O-54:4-
# Processing lipid: TG-O-54:4-

# Get dosage of GWAS SNPs to include in regression models
# - Checking by chromosome:
#  chr1
	......................................775140 lines processed
#  chr2
	..........................................841698 lines processed
#  chr3
	..................................691222 lines processed
#  chr4
	..................................680281 lines processed
#  chr5
	...............................637485 lines processed
#  chr6
	..............................613602 lines processed
#  chr7
	...........................550853 lines processed
#  chr8
	...........................552513 lines processed
#  chr9
	.....................430958 lines processed
#  chr10
	........................491740 lines processed
#  chr11
	.........................517485 lines processed
#  chr12
	......................452201 lines processed
#  chr13
	.................341411 lines processed
#  chr14
	...............314583 lines processed
#  chr15
	..............285041 lines processed
#  chr16
	...............310745 lines processed
#  chr17
	.............276416 lines processed
#  chr18
	.............278050 lines processed
#  chr19
	..........218791 lines processed
#  chr20
	..........218866 lines processed
#  chr21
	......126521 lines processed
#  chr22
	......135980 lines processed
# - Checking finished in 326.5997s
--------------------------------------------------
# - Number of SNPs loaded: 68449
# Run Elastic net regression
# - Model fitting finised in 6238.4141s
# Total running time of current lipid: 109.8667m
# #################### 22 lipid processed ####################

# Load GWAS SNPs for current lipid: Ubiquinone
# Processing lipid: Ubiquinone

# Get dosage of GWAS SNPs to include in regression models
# - Checking by chromosome:
#  chr1
	......................................778269 lines processed
#  chr2
	..........................................841718 lines processed
#  chr3
	..................................690839 lines processed
#  chr4
	.................................679252 lines processed
#  chr5
	...............................637689 lines processed
#  chr6
	..............................614557 lines processed
#  chr7
	...........................551068 lines processed
#  chr8
	...........................552609 lines processed
#  chr9
	.....................431135 lines processed
#  chr10
	........................492013 lines processed
#  chr11
	.........................517709 lines processed
#  chr12
	......................452032 lines processed
#  chr13
	.................341613 lines processed
#  chr14
	...............314831 lines processed
#  chr15
	..............284404 lines processed
#  chr16
	...............310131 lines processed
#  chr17
	.............276915 lines processed
#  chr18
	.............277775 lines processed
#  chr19
	..........219180 lines processed
#  chr20
	..........218901 lines processed
#  chr21
	......126728 lines processed
#  chr22
	......135768 lines processed
# - Checking finished in 308.6233s
--------------------------------------------------
# - Number of SNPs loaded: 76737
# Run Elastic net regression
# - Model fitting finised in 7849.7606s
# Total running time of current lipid: 136.4450m
# #################### 23 lipid processed ####################

# Load GWAS SNPs for current lipid: CE-18:2-
# Processing lipid: CE-18:2-

# Get dosage of GWAS SNPs to include in regression models
# - Checking by chromosome:
#  chr1
	......................................777211 lines processed
#  chr2
	..........................................841667 lines processed
#  chr3
	..................................690622 lines processed
#  chr4
	.................................677676 lines processed
#  chr5
	...............................637473 lines processed
#  chr6
	..............................612875 lines processed
#  chr7
	...........................551018 lines processed
#  chr8
	...........................551921 lines processed
#  chr9
	.....................428786 lines processed
#  chr10
	........................491621 lines processed
#  chr11
	.........................517414 lines processed
#  chr12
	......................452262 lines processed
#  chr13
	.................340559 lines processed
#  chr14
	...............312019 lines processed
#  chr15
	..............285030 lines processed
#  chr16
	...............309638 lines processed
#  chr17
	.............276473 lines processed
#  chr18
	.............277790 lines processed
#  chr19
	..........219420 lines processed
#  chr20
	..........218447 lines processed
#  chr21
	......126060 lines processed
#  chr22
	......135536 lines processed
# - Checking finished in 535.3355s
--------------------------------------------------
# - Number of SNPs loaded: 29018
# Run Elastic net regression
# - Model fitting finised in 3558.4655s
# Total running time of current lipid: 68.6082m
# #################### 24 lipid processed ####################

# Load GWAS SNPs for current lipid: CE-20:4-
# Processing lipid: CE-20:4-

# Get dosage of GWAS SNPs to include in regression models
# - Checking by chromosome:
#  chr1
	......................................777079 lines processed
#  chr2
	..........................................840896 lines processed
#  chr3
	..................................690924 lines processed
#  chr4
	.................................679051 lines processed
#  chr5
	...............................637661 lines processed
#  chr6
	..............................614581 lines processed
#  chr7
	...........................550770 lines processed
#  chr8
	...........................552311 lines processed
#  chr9
	.....................430663 lines processed
#  chr10
	........................491987 lines processed
#  chr11
	.........................517736 lines processed
#  chr12
	......................452202 lines processed
#  chr13
	.................340884 lines processed
#  chr14
	...............315415 lines processed
#  chr15
	..............285030 lines processed
#  chr16
	...............310378 lines processed
#  chr17
	.............276621 lines processed
#  chr18
	.............277907 lines processed
#  chr19
	..........219111 lines processed
#  chr20
	..........218697 lines processed
#  chr21
	......126087 lines processed
#  chr22
	......135732 lines processed
# - Checking finished in 445.3620s
--------------------------------------------------
# - Number of SNPs loaded: 65708
# Run Elastic net regression
# - Model fitting finised in 4588.6799s
# Total running time of current lipid: 84.4818m
# #################### 25 lipid processed ####################

# Load GWAS SNPs for current lipid: LPC-18:2-
# Processing lipid: LPC-18:2-

# Get dosage of GWAS SNPs to include in regression models
# - Checking by chromosome:
#  chr1
	......................................778156 lines processed
#  chr2
	.........................................836062 lines processed
#  chr3
	..................................689442 lines processed
#  chr4
	..................................680192 lines processed
#  chr5
	...............................637616 lines processed
#  chr6
	..............................614382 lines processed
#  chr7
	...........................550997 lines processed
#  chr8
	...........................552519 lines processed
#  chr9
	.....................431212 lines processed
#  chr10
	........................492095 lines processed
#  chr11
	.........................517720 lines processed
#  chr12
	......................452283 lines processed
#  chr13
	.................340527 lines processed
#  chr14
	...............315304 lines processed
#  chr15
	..............284928 lines processed
#  chr16
	...............310153 lines processed
#  chr17
	.............276788 lines processed
#  chr18
	.............276973 lines processed
#  chr19
	..........219014 lines processed
#  chr20
	..........218476 lines processed
#  chr21
	......126253 lines processed
#  chr22
	......135861 lines processed
# - Checking finished in 350.6762s
--------------------------------------------------
# - Number of SNPs loaded: 39075
# Run Elastic net regression
# - Model fitting finised in 2872.8699s
# Total running time of current lipid: 54.0329m
# #################### 26 lipid processed ####################

# Load GWAS SNPs for current lipid: LPC-20:4-
# Processing lipid: LPC-20:4-

# Get dosage of GWAS SNPs to include in regression models
# - Checking by chromosome:
#  chr1
	......................................778040 lines processed
#  chr2
	..........................................840058 lines processed
#  chr3
	..................................691203 lines processed
#  chr4
	..................................680202 lines processed
#  chr5
	...............................636791 lines processed
#  chr6
	..............................614411 lines processed
#  chr7
	...........................550276 lines processed
#  chr8
	...........................552649 lines processed
#  chr9
	.....................431056 lines processed
#  chr10
	........................492095 lines processed
#  chr11
	.........................517512 lines processed
#  chr12
	......................451081 lines processed
#  chr13
	.................341648 lines processed
#  chr14
	...............315368 lines processed
#  chr15
	..............283532 lines processed
#  chr16
	...............310047 lines processed
#  chr17
	.............276387 lines processed
#  chr18
	.............276973 lines processed
#  chr19
	..........219014 lines processed
#  chr20
	..........218476 lines processed
#  chr21
	......126654 lines processed
#  chr22
	......135942 lines processed
# - Checking finished in 303.0571s
--------------------------------------------------
# - Number of SNPs loaded: 47037
# Run Elastic net regression
# - Model fitting finised in 3419.5888s
# Total running time of current lipid: 62.3564m
# #################### 27 lipid processed ####################

# Load GWAS SNPs for current lipid: LPC-22:6-
# Processing lipid: LPC-22:6-

# Get dosage of GWAS SNPs to include in regression models
# - Checking by chromosome:
#  chr1
	......................................777699 lines processed
#  chr2
	..........................................841013 lines processed
#  chr3
	..................................690212 lines processed
#  chr4
	..................................680270 lines processed
#  chr5
	...............................637120 lines processed
#  chr6
	..............................614411 lines processed
#  chr7
	...........................551054 lines processed
#  chr8
	...........................552649 lines processed
#  chr9
	.....................431202 lines processed
#  chr10
	........................492095 lines processed
#  chr11
	.........................517709 lines processed
#  chr12
	......................450920 lines processed
#  chr13
	................339032 lines processed
#  chr14
	...............315447 lines processed
#  chr15
	..............281835 lines processed
#  chr16
	...............310335 lines processed
#  chr17
	.............274721 lines processed
#  chr18
	.............277270 lines processed
#  chr19
	..........219302 lines processed
#  chr20
	..........218814 lines processed
#  chr21
	......126654 lines processed
#  chr22
	......135967 lines processed
# - Checking finished in 344.6230s
--------------------------------------------------
# - Number of SNPs loaded: 48334
# Run Elastic net regression
# - Model fitting finised in 2861.7832s
# Total running time of current lipid: 53.7650m
# #################### 28 lipid processed ####################

# Load GWAS SNPs for current lipid: PC-34:2-
# Processing lipid: PC-34:2-

# Get dosage of GWAS SNPs to include in regression models
# - Checking by chromosome:
#  chr1
	......................................777210 lines processed
#  chr2
	..........................................841648 lines processed
#  chr3
	..................................691225 lines processed
#  chr4
	.................................679079 lines processed
#  chr5
	...............................636503 lines processed
#  chr6
	..............................614244 lines processed
#  chr7
	...........................551046 lines processed
#  chr8
	...........................551886 lines processed
#  chr9
	.....................430700 lines processed
#  chr10
	........................492072 lines processed
#  chr11
	.........................516260 lines processed
#  chr12
	......................449383 lines processed
#  chr13
	.................341341 lines processed
#  chr14
	...............315454 lines processed
#  chr15
	..............283598 lines processed
#  chr16
	...............310669 lines processed
#  chr17
	.............276943 lines processed
#  chr18
	.............277857 lines processed
#  chr19
	..........219246 lines processed
#  chr20
	..........218359 lines processed
#  chr21
	......126470 lines processed
#  chr22
	......135544 lines processed
# - Checking finished in 317.3748s
--------------------------------------------------
# - Number of SNPs loaded: 57638
# Run Elastic net regression
# - Model fitting finised in 12538.6667s
# Total running time of current lipid: 214.6768m
# #################### 29 lipid processed ####################

# Load GWAS SNPs for current lipid: PC-36:4-
# Processing lipid: PC-36:4-

# Get dosage of GWAS SNPs to include in regression models
# - Checking by chromosome:
#  chr1
	......................................777632 lines processed
#  chr2
	..........................................841396 lines processed
#  chr3
	..................................690246 lines processed
#  chr4
	.................................679252 lines processed
#  chr5
	...............................637568 lines processed
#  chr6
	..............................614557 lines processed
#  chr7
	...........................550636 lines processed
#  chr8
	...........................551949 lines processed
#  chr9
	.....................431092 lines processed
#  chr10
	........................491927 lines processed
#  chr11
	.........................517627 lines processed
#  chr12
	......................451929 lines processed
#  chr13
	.................341633 lines processed
#  chr14
	...............315234 lines processed
#  chr15
	..............285035 lines processed
#  chr16
	...............310627 lines processed
#  chr17
	.............276927 lines processed
#  chr18
	.............277775 lines processed
#  chr19
	..........219421 lines processed
#  chr20
	..........218959 lines processed
#  chr21
	......126739 lines processed
#  chr22
	......135951 lines processed
# - Checking finished in 2867.2251s
--------------------------------------------------
# - Number of SNPs loaded: 63004
# Run Elastic net regression
# - Model fitting finised in 18734.9027s
# Total running time of current lipid: 363.5026m
# #################### 30 lipid processed ####################

# Load GWAS SNPs for current lipid: PC-38:6-
# Processing lipid: PC-38:6-

# Get dosage of GWAS SNPs to include in regression models
# - Checking by chromosome:
#  chr1
	......................................778271 lines processed
#  chr2
	..........................................841645 lines processed
#  chr3
	..................................691186 lines processed
#  chr4
	.................................679952 lines processed
#  chr5
	...............................637541 lines processed
#  chr6
	..............................614638 lines processed
#  chr7
	...........................550768 lines processed
#  chr8
	...........................552619 lines processed
#  chr9
	.....................430716 lines processed
#  chr10
	........................491188 lines processed
#  chr11
	.........................517525 lines processed
#  chr12
	......................452213 lines processed
#  chr13
	.................340593 lines processed
#  chr14
	...............314687 lines processed
#  chr15
	..............284710 lines processed
#  chr16
	...............310635 lines processed
#  chr17
	.............276943 lines processed
#  chr18
	.............278005 lines processed
#  chr19
	..........219365 lines processed
#  chr20
	..........218674 lines processed
#  chr21
	......126696 lines processed
#  chr22
	......135761 lines processed
# - Checking finished in 3188.7241s
--------------------------------------------------
# - Number of SNPs loaded: 58781
# Run Elastic net regression
# - Model fitting finised in 9340.8333s
# Total running time of current lipid: 211.2104m
# #################### 31 lipid processed ####################
[01;32mwanying@vgipiper05[00m:[01;34m~/CCHC/lipidomics/prediction_models/code[00m$ [K[01;32mwanying@vgipiper05[00m:[01;34m~/CCHC/lipidomics/prediction_models/code[00m$ 