SLURM_JOBID:  11226
SLURM_ARRAY_TASK_ID:  681
SLURM_ARRAY_JOB_ID:  10541
*******************************************************************
* Genome-wide Complex Trait Analysis (GCTA)
* version 1.93.2 beta Linux
* (C) 2010-present, Jian Yang, The University of Queensland
* Please report bugs to Jian Yang <jian.yang.qt@gmail.com>
*******************************************************************
Analysis started at 16:58:39 CDT on Mon May 08 2023.
Hostname: vgipiper-stor3

Options: 
 
--mbfile /data100t1/home/wanying/CCHC/lipidomics/input_docs/lipidomic_sample_plink_imputed/plink_files.txt 
--grm-sparse /data100t1/home/wanying/CCHC/lipidomics/input_docs/lipidomic_GRM/lipidomic_sp_grm 
--fastGWA-mlm 
--keep /data100t1/home/wanying/CCHC/lipidomics/input_docs/primus/primus_rel_3/list_for_fastGWA.txt 
--pheno /data100t1/home/wanying/CCHC/lipidomics/input_docs/pheno_covar_files/lipid_species_pheno/Sph-d18:1-.pheno 
--qcovar /data100t1/home/wanying/CCHC/lipidomics/input_docs/pheno_covar_files/AGE_AT_VISIT-AGE2-PC1-PC2-PC3-PC4-PC5-BMI1.qcovar 
--covar /data100t1/home/wanying/CCHC/lipidomics/input_docs/pheno_covar_files/GENDER.covar 
--save-fastGWA-mlm-residual 
--thread-num 8 
--out /data100t1/home/wanying/CCHC/lipidomics/output/traininig_set_lipid_species_GWAS/Sph-d18:1- 

The program will be running on up to 8 threads.
Reading PLINK sample file from [/data100t1/home/wanying/CCHC/lipidomics/input_docs/lipidomic_sample_plink_imputed/chr1.fam]...
2289 individuals to be included from the sample file.
Checking other sample files...
  All files checked OK.
Get 1566 samples from list [/data100t1/home/wanying/CCHC/lipidomics/input_docs/primus/primus_rel_3/list_for_fastGWA.txt].
After keeping individuals, 1566 subjects remain.
Reading phenotype data from [/data100t1/home/wanying/CCHC/lipidomics/input_docs/pheno_covar_files/lipid_species_pheno/Sph-d18:1-.pheno]...
1566 overlapping individuals with non-missing data to be included from the phenotype file.
1566 individuals to be included. 0 males, 0 females, 1566 unknown.
Reading PLINK BIM file from [/data100t1/home/wanying/CCHC/lipidomics/input_docs/lipidomic_sample_plink_imputed/chr1.bim]...
5410305 SNPs to be included from BIM file(s).
Reading PLINK BIM file from [/data100t1/home/wanying/CCHC/lipidomics/input_docs/lipidomic_sample_plink_imputed/chr2.bim]...
11240681 SNPs to be included from BIM file(s).
Reading PLINK BIM file from [/data100t1/home/wanying/CCHC/lipidomics/input_docs/lipidomic_sample_plink_imputed/chr3.bim]...
16058123 SNPs to be included from BIM file(s).
Reading PLINK BIM file from [/data100t1/home/wanying/CCHC/lipidomics/input_docs/lipidomic_sample_plink_imputed/chr4.bim]...
20816375 SNPs to be included from BIM file(s).
Reading PLINK BIM file from [/data100t1/home/wanying/CCHC/lipidomics/input_docs/lipidomic_sample_plink_imputed/chr5.bim]...
25208021 SNPs to be included from BIM file(s).
Reading PLINK BIM file from [/data100t1/home/wanying/CCHC/lipidomics/input_docs/lipidomic_sample_plink_imputed/chr6.bim]...
29370117 SNPs to be included from BIM file(s).
Reading PLINK BIM file from [/data100t1/home/wanying/CCHC/lipidomics/input_docs/lipidomic_sample_plink_imputed/chr7.bim]...
33312518 SNPs to be included from BIM file(s).
Reading PLINK BIM file from [/data100t1/home/wanying/CCHC/lipidomics/input_docs/lipidomic_sample_plink_imputed/chr8.bim]...
37098564 SNPs to be included from BIM file(s).
Reading PLINK BIM file from [/data100t1/home/wanying/CCHC/lipidomics/input_docs/lipidomic_sample_plink_imputed/chr9.bim]...
40078131 SNPs to be included from BIM file(s).
Reading PLINK BIM file from [/data100t1/home/wanying/CCHC/lipidomics/input_docs/lipidomic_sample_plink_imputed/chr10.bim]...
43393511 SNPs to be included from BIM file(s).
Reading PLINK BIM file from [/data100t1/home/wanying/CCHC/lipidomics/input_docs/lipidomic_sample_plink_imputed/chr11.bim]...
46716979 SNPs to be included from BIM file(s).
Reading PLINK BIM file from [/data100t1/home/wanying/CCHC/lipidomics/input_docs/lipidomic_sample_plink_imputed/chr12.bim]...
49948241 SNPs to be included from BIM file(s).
Reading PLINK BIM file from [/data100t1/home/wanying/CCHC/lipidomics/input_docs/lipidomic_sample_plink_imputed/chr13.bim]...
52355997 SNPs to be included from BIM file(s).
Reading PLINK BIM file from [/data100t1/home/wanying/CCHC/lipidomics/input_docs/lipidomic_sample_plink_imputed/chr14.bim]...
54519125 SNPs to be included from BIM file(s).
Reading PLINK BIM file from [/data100t1/home/wanying/CCHC/lipidomics/input_docs/lipidomic_sample_plink_imputed/chr15.bim]...
56491101 SNPs to be included from BIM file(s).
Reading PLINK BIM file from [/data100t1/home/wanying/CCHC/lipidomics/input_docs/lipidomic_sample_plink_imputed/chr16.bim]...
58678340 SNPs to be included from BIM file(s).
Reading PLINK BIM file from [/data100t1/home/wanying/CCHC/lipidomics/input_docs/lipidomic_sample_plink_imputed/chr17.bim]...
60642553 SNPs to be included from BIM file(s).
Reading PLINK BIM file from [/data100t1/home/wanying/CCHC/lipidomics/input_docs/lipidomic_sample_plink_imputed/chr18.bim]...
62553129 SNPs to be included from BIM file(s).
Reading PLINK BIM file from [/data100t1/home/wanying/CCHC/lipidomics/input_docs/lipidomic_sample_plink_imputed/chr19.bim]...
64096354 SNPs to be included from BIM file(s).
Reading PLINK BIM file from [/data100t1/home/wanying/CCHC/lipidomics/input_docs/lipidomic_sample_plink_imputed/chr20.bim]...
65621422 SNPs to be included from BIM file(s).
Reading PLINK BIM file from [/data100t1/home/wanying/CCHC/lipidomics/input_docs/lipidomic_sample_plink_imputed/chr21.bim]...
66515674 SNPs to be included from BIM file(s).
Reading PLINK BIM file from [/data100t1/home/wanying/CCHC/lipidomics/input_docs/lipidomic_sample_plink_imputed/chr22.bim]...
67471627 SNPs to be included from BIM file(s).
Reading quantitative covariates from [/data100t1/home/wanying/CCHC/lipidomics/input_docs/pheno_covar_files/AGE_AT_VISIT-AGE2-PC1-PC2-PC3-PC4-PC5-BMI1.qcovar].
8 covariates of 2096 samples to be included.
Reading discrete covariates from [/data100t1/home/wanying/CCHC/lipidomics/input_docs/pheno_covar_files/GENDER.covar].
1 covariates of 2289 samples to be included.
8 qcovar, 1 covar and 0 rcovar to be included.
2096 common samples in covariates to be included.
1498 overlapping individuals with non-missing data to be included from the covariate file(s).
Reading the sparse GRM file from [/data100t1/home/wanying/CCHC/lipidomics/input_docs/lipidomic_GRM/lipidomic_sp_grm]...
After matching all the files, 1498 individuals to be included in the analysis.
Estimating the genetic variance (Vg) by fastGWA-REML (grid search)...
Iteration 1, step size: 0.0152589, logL: -714.444. Vg: 1.19019, searching range: 1.17493 to 1.20545
Iteration 2, step size: 0.00203452, logL: -714.295. Vg: 1.19935, searching range: 1.19731 to 1.20138
Iteration 3, step size: 0.000271269, logL: -714.267. Vg: 1.20084, searching range: 1.20057 to 1.20111
Iteration 4, step size: 3.61692e-05, logL: -714.266. Vg: 1.20089, searching range: 1.20086 to 1.20093
Iteration 5, step size: 4.82256e-06, logL: -714.266. Vg: 1.20091, searching range: 1.2009 to 1.20091
Iteration 6, step size: 6.43008e-07, logL: -714.266. Vg: 1.20091, searching range: 1.20091 to 1.20091
Iteration 7, step size: 8.57344e-08, logL: -714.266. Vg: 1.20091, searching range: 1.20091 to 1.20091
Iteration 8, step size: 1.14313e-08, logL: -714.266. Vg: 1.20091, searching range: 1.20091 to 1.20091
Iteration 9, step size: 1.52417e-09, logL: -714.266. Vg: 1.20091, searching range: 1.20091 to 1.20091
Iteration 10, step size: 2.03222e-10, logL: -714.266. Vg: 1.20091, searching range: 1.20091 to 1.20091
Iteration 11, step size: 2.70963e-11, logL: -714.266. Vg: 1.20091, searching range: 1.20091 to 1.20091
Iteration 12, step size: 3.61284e-12, logL: -714.266. Vg: 1.20091, searching range: 1.20091 to 1.20091
Iteration 13, step size: 4.81704e-13, logL: -714.266. Vg: 1.20091, searching range: 1.20091 to 1.20091
Best guess Vg range: 1.2009082911358 to 1.20090829113677, Vp: 0.953680465844176
Error: fastGWA-REML can't converge.
An error occurs, please check the options or data
