SLURM_JOBID:  12331
SLURM_ARRAY_TASK_ID:  183
SLURM_ARRAY_JOB_ID:  11721
*******************************************************************
* Genome-wide Complex Trait Analysis (GCTA)
* version 1.93.2 beta Linux
* (C) 2010-present, Jian Yang, The University of Queensland
* Please report bugs to Jian Yang <jian.yang.qt@gmail.com>
*******************************************************************
Analysis started at 12:56:18 CDT on Wed May 10 2023.
Hostname: vgipiper10

Options: 
 
--mbfile /data100t1/home/wanying/CCHC/lipidomics/input_docs/lipidomic_sample_plink_imputed/plink_files.txt 
--grm-sparse /data100t1/home/wanying/CCHC/lipidomics/input_docs/lipidomic_GRM/lipidomic_sp_grm 
--fastGWA-mlm 
--keep /data100t1/home/wanying/CCHC/lipidomics/input_docs/primus/primus_rel_3/list_for_fastGWA.txt 
--pheno /data100t1/home/wanying/CCHC/lipidomics/input_docs/pheno_covar_files/lipid_species_pheno/FA-22:5-.pheno 
--qcovar /data100t1/home/wanying/CCHC/lipidomics/input_docs/pheno_covar_files/AGE_AT_VISIT-AGE2-PC1-PC2-PC3-PC4-PC5.qcovar 
--covar /data100t1/home/wanying/CCHC/lipidomics/input_docs/pheno_covar_files/GENDER.covar 
--save-fastGWA-mlm-residual 
--thread-num 8 
--out /data100t1/home/wanying/CCHC/lipidomics/output/traininig_set_lipid_species_GWAS/FA-22:5- 

The program will be running on up to 8 threads.
Reading PLINK sample file from [/data100t1/home/wanying/CCHC/lipidomics/input_docs/lipidomic_sample_plink_imputed/chr1.fam]...
2289 individuals to be included from the sample file.
Checking other sample files...
  All files checked OK.
Get 1566 samples from list [/data100t1/home/wanying/CCHC/lipidomics/input_docs/primus/primus_rel_3/list_for_fastGWA.txt].
After keeping individuals, 1566 subjects remain.
Reading phenotype data from [/data100t1/home/wanying/CCHC/lipidomics/input_docs/pheno_covar_files/lipid_species_pheno/FA-22:5-.pheno]...
1566 overlapping individuals with non-missing data to be included from the phenotype file.
1566 individuals to be included. 0 males, 0 females, 1566 unknown.
Reading PLINK BIM file from [/data100t1/home/wanying/CCHC/lipidomics/input_docs/lipidomic_sample_plink_imputed/chr1.bim]...
5410305 SNPs to be included from BIM file(s).
Reading PLINK BIM file from [/data100t1/home/wanying/CCHC/lipidomics/input_docs/lipidomic_sample_plink_imputed/chr2.bim]...
11240681 SNPs to be included from BIM file(s).
Reading PLINK BIM file from [/data100t1/home/wanying/CCHC/lipidomics/input_docs/lipidomic_sample_plink_imputed/chr3.bim]...
16058123 SNPs to be included from BIM file(s).
Reading PLINK BIM file from [/data100t1/home/wanying/CCHC/lipidomics/input_docs/lipidomic_sample_plink_imputed/chr4.bim]...
20816375 SNPs to be included from BIM file(s).
Reading PLINK BIM file from [/data100t1/home/wanying/CCHC/lipidomics/input_docs/lipidomic_sample_plink_imputed/chr5.bim]...
25208021 SNPs to be included from BIM file(s).
Reading PLINK BIM file from [/data100t1/home/wanying/CCHC/lipidomics/input_docs/lipidomic_sample_plink_imputed/chr6.bim]...
29370117 SNPs to be included from BIM file(s).
Reading PLINK BIM file from [/data100t1/home/wanying/CCHC/lipidomics/input_docs/lipidomic_sample_plink_imputed/chr7.bim]...
33312518 SNPs to be included from BIM file(s).
Reading PLINK BIM file from [/data100t1/home/wanying/CCHC/lipidomics/input_docs/lipidomic_sample_plink_imputed/chr8.bim]...
37098564 SNPs to be included from BIM file(s).
Reading PLINK BIM file from [/data100t1/home/wanying/CCHC/lipidomics/input_docs/lipidomic_sample_plink_imputed/chr9.bim]...
40078131 SNPs to be included from BIM file(s).
Reading PLINK BIM file from [/data100t1/home/wanying/CCHC/lipidomics/input_docs/lipidomic_sample_plink_imputed/chr10.bim]...
43393511 SNPs to be included from BIM file(s).
Reading PLINK BIM file from [/data100t1/home/wanying/CCHC/lipidomics/input_docs/lipidomic_sample_plink_imputed/chr11.bim]...
46716979 SNPs to be included from BIM file(s).
Reading PLINK BIM file from [/data100t1/home/wanying/CCHC/lipidomics/input_docs/lipidomic_sample_plink_imputed/chr12.bim]...
49948241 SNPs to be included from BIM file(s).
Reading PLINK BIM file from [/data100t1/home/wanying/CCHC/lipidomics/input_docs/lipidomic_sample_plink_imputed/chr13.bim]...
52355997 SNPs to be included from BIM file(s).
Reading PLINK BIM file from [/data100t1/home/wanying/CCHC/lipidomics/input_docs/lipidomic_sample_plink_imputed/chr14.bim]...
54519125 SNPs to be included from BIM file(s).
Reading PLINK BIM file from [/data100t1/home/wanying/CCHC/lipidomics/input_docs/lipidomic_sample_plink_imputed/chr15.bim]...
56491101 SNPs to be included from BIM file(s).
Reading PLINK BIM file from [/data100t1/home/wanying/CCHC/lipidomics/input_docs/lipidomic_sample_plink_imputed/chr16.bim]...
58678340 SNPs to be included from BIM file(s).
Reading PLINK BIM file from [/data100t1/home/wanying/CCHC/lipidomics/input_docs/lipidomic_sample_plink_imputed/chr17.bim]...
60642553 SNPs to be included from BIM file(s).
Reading PLINK BIM file from [/data100t1/home/wanying/CCHC/lipidomics/input_docs/lipidomic_sample_plink_imputed/chr18.bim]...
62553129 SNPs to be included from BIM file(s).
Reading PLINK BIM file from [/data100t1/home/wanying/CCHC/lipidomics/input_docs/lipidomic_sample_plink_imputed/chr19.bim]...
64096354 SNPs to be included from BIM file(s).
Reading PLINK BIM file from [/data100t1/home/wanying/CCHC/lipidomics/input_docs/lipidomic_sample_plink_imputed/chr20.bim]...
65621422 SNPs to be included from BIM file(s).
Reading PLINK BIM file from [/data100t1/home/wanying/CCHC/lipidomics/input_docs/lipidomic_sample_plink_imputed/chr21.bim]...
66515674 SNPs to be included from BIM file(s).
Reading PLINK BIM file from [/data100t1/home/wanying/CCHC/lipidomics/input_docs/lipidomic_sample_plink_imputed/chr22.bim]...
67471627 SNPs to be included from BIM file(s).
Reading quantitative covariates from [/data100t1/home/wanying/CCHC/lipidomics/input_docs/pheno_covar_files/AGE_AT_VISIT-AGE2-PC1-PC2-PC3-PC4-PC5.qcovar].
7 covariates of 2287 samples to be included.
Reading discrete covariates from [/data100t1/home/wanying/CCHC/lipidomics/input_docs/pheno_covar_files/GENDER.covar].
1 covariates of 2289 samples to be included.
7 qcovar, 1 covar and 0 rcovar to be included.
2287 common samples in covariates to be included.
1566 overlapping individuals with non-missing data to be included from the covariate file(s).
Reading the sparse GRM file from [/data100t1/home/wanying/CCHC/lipidomics/input_docs/lipidomic_GRM/lipidomic_sp_grm]...
After matching all the files, 1566 individuals to be included in the analysis.
Estimating the genetic variance (Vg) by fastGWA-REML (grid search)...
Iteration 1, step size: 0.0156897, logL: -769.827. Vg: 0.800173, searching range: 0.784484 to 0.815863
Iteration 2, step size: 0.00209196, logL: -769.827. Vg: 0.807495, searching range: 0.805403 to 0.809587
Iteration 3, step size: 0.000278928, logL: -769.827. Vg: 0.806519, searching range: 0.80624 to 0.806798
Iteration 4, step size: 3.71903e-05, logL: -769.827. Vg: 0.806649, searching range: 0.806612 to 0.806686
Iteration 5, step size: 4.95871e-06, logL: -769.827. Vg: 0.806657, searching range: 0.806652 to 0.806662
Iteration 6, step size: 6.61162e-07, logL: -769.827. Vg: 0.806655, searching range: 0.806654 to 0.806656
Iteration 7, step size: 8.81549e-08, logL: -769.827. Vg: 0.806655, searching range: 0.806655 to 0.806655
Iteration 8, step size: 1.1754e-08, logL: -769.827. Vg: 0.806655, searching range: 0.806655 to 0.806655
Iteration 9, step size: 1.5672e-09, logL: -769.827. Vg: 0.806655, searching range: 0.806655 to 0.806655
Iteration 10, step size: 2.0896e-10, logL: -769.827. Vg: 0.806655, searching range: 0.806655 to 0.806655
Iteration 11, step size: 2.78613e-11, logL: -769.827. Vg: 0.806655, searching range: 0.806655 to 0.806655
Iteration 12, step size: 3.71484e-12, logL: -769.827. Vg: 0.806655, searching range: 0.806655 to 0.806655
Iteration 13, step size: 4.95315e-13, logL: -769.827. Vg: 0.806655, searching range: 0.806655 to 0.806655
fastGWA-REML converged.
logL: -769.827
Sampling variance/covariance of the estimates of Vg and Ve:
 0.158468 -0.157664
-0.157664  0.158097

Source	Variance	SE
Vg	0.806655	0.39808
Ve	0.17395	0.397614
Vp	0.980605

Heritability = 0.82261 (Pval = 0.0427275)
fastGWA-REML runtime: 0.203256 sec.

Tuning parameters using 1000 null SNPs...
  reading genotypes...
  100% finished in 1.6 sec
1000 SNPs have been processed.
Mean gamma = 1.006758
Tune time 2.2704 sec
Saved grammar gamma residual to [/data100t1/home/wanying/CCHC/lipidomics/output/traininig_set_lipid_species_GWAS/FA-22:5-.fastGWA.fastGWA(.residual, .gamma)].

Performing fastGWA mixed model association analysis...
fastGWA results will be saved in text format to [/data100t1/home/wanying/CCHC/lipidomics/output/traininig_set_lipid_species_GWAS/FA-22:5-.fastGWA].
  Filtering out variants with MAF < 0.0001, customise it with --maf flag.
  Filtering out variants with missingness rate > 0.10, customise it with --geno flag.
  100% finished in 217.2 sec
67471627 SNPs have been processed.
Saved 42239236 SNPs.

Analysis finished at 13:01:40 CDT on Wed May 10 2023
Overall computational time: 5 minutes 22 sec.
